2024-11-17 09:10:51,927 - PIL.Image - DEBUG - Importing BlpImagePlugin
2024-11-17 09:10:51,940 - PIL.Image - DEBUG - Importing BmpImagePlugin
2024-11-17 09:10:51,941 - PIL.Image - DEBUG - Importing BufrStubImagePlugin
2024-11-17 09:10:51,982 - PIL.Image - DEBUG - Importing CurImagePlugin
2024-11-17 09:10:51,992 - PIL.Image - DEBUG - Importing DcxImagePlugin
2024-11-17 09:10:52,095 - PIL.Image - DEBUG - Importing DdsImagePlugin
2024-11-17 09:10:52,174 - PIL.Image - DEBUG - Importing EpsImagePlugin
2024-11-17 09:10:52,208 - PIL.Image - DEBUG - Importing FitsImagePlugin
2024-11-17 09:10:52,241 - PIL.Image - DEBUG - Importing FliImagePlugin
2024-11-17 09:10:52,250 - PIL.Image - DEBUG - Importing FpxImagePlugin
2024-11-17 09:10:52,289 - PIL.Image - DEBUG - Image: failed to import FpxImagePlugin: No module named 'olefile'
2024-11-17 09:10:52,290 - PIL.Image - DEBUG - Importing FtexImagePlugin
2024-11-17 09:10:52,295 - PIL.Image - DEBUG - Importing GbrImagePlugin
2024-11-17 09:10:52,321 - PIL.Image - DEBUG - Importing GifImagePlugin
2024-11-17 09:10:52,322 - PIL.Image - DEBUG - Importing GribStubImagePlugin
2024-11-17 09:10:52,329 - PIL.Image - DEBUG - Importing Hdf5StubImagePlugin
2024-11-17 09:10:52,336 - PIL.Image - DEBUG - Importing IcnsImagePlugin
2024-11-17 09:10:52,384 - PIL.Image - DEBUG - Importing IcoImagePlugin
2024-11-17 09:10:52,395 - PIL.Image - DEBUG - Importing ImImagePlugin
2024-11-17 09:10:52,417 - PIL.Image - DEBUG - Importing ImtImagePlugin
2024-11-17 09:10:52,428 - PIL.Image - DEBUG - Importing IptcImagePlugin
2024-11-17 09:10:52,445 - PIL.Image - DEBUG - Importing JpegImagePlugin
2024-11-17 09:10:52,450 - PIL.Image - DEBUG - Importing Jpeg2KImagePlugin
2024-11-17 09:10:52,450 - PIL.Image - DEBUG - Importing McIdasImagePlugin
2024-11-17 09:10:52,455 - PIL.Image - DEBUG - Importing MicImagePlugin
2024-11-17 09:10:52,471 - PIL.Image - DEBUG - Image: failed to import MicImagePlugin: No module named 'olefile'
2024-11-17 09:10:52,471 - PIL.Image - DEBUG - Importing MpegImagePlugin
2024-11-17 09:10:52,496 - PIL.Image - DEBUG - Importing MpoImagePlugin
2024-11-17 09:10:52,574 - PIL.Image - DEBUG - Importing MspImagePlugin
2024-11-17 09:10:52,612 - PIL.Image - DEBUG - Importing PalmImagePlugin
2024-11-17 09:10:52,710 - PIL.Image - DEBUG - Importing PcdImagePlugin
2024-11-17 09:10:52,722 - PIL.Image - DEBUG - Importing PcxImagePlugin
2024-11-17 09:10:52,722 - PIL.Image - DEBUG - Importing PdfImagePlugin
2024-11-17 09:10:52,800 - PIL.Image - DEBUG - Importing PixarImagePlugin
2024-11-17 09:10:52,837 - PIL.Image - DEBUG - Importing PngImagePlugin
2024-11-17 09:10:52,838 - PIL.Image - DEBUG - Importing PpmImagePlugin
2024-11-17 09:10:52,838 - PIL.Image - DEBUG - Importing PsdImagePlugin
2024-11-17 09:10:52,856 - PIL.Image - DEBUG - Importing QoiImagePlugin
2024-11-17 09:10:53,117 - PIL.Image - DEBUG - Importing SgiImagePlugin
2024-11-17 09:10:53,129 - PIL.Image - DEBUG - Importing SpiderImagePlugin
2024-11-17 09:10:53,158 - PIL.Image - DEBUG - Importing SunImagePlugin
2024-11-17 09:10:53,167 - PIL.Image - DEBUG - Importing TgaImagePlugin
2024-11-17 09:10:53,183 - PIL.Image - DEBUG - Importing TiffImagePlugin
2024-11-17 09:10:53,184 - PIL.Image - DEBUG - Importing WebPImagePlugin
2024-11-17 09:10:53,285 - PIL.Image - DEBUG - Importing WmfImagePlugin
2024-11-17 09:10:53,312 - PIL.Image - DEBUG - Importing XbmImagePlugin
2024-11-17 09:10:53,323 - PIL.Image - DEBUG - Importing XpmImagePlugin
2024-11-17 09:10:53,329 - PIL.Image - DEBUG - Importing XVThumbImagePlugin
2024-11-17 09:10:53,341 - PIL.PngImagePlugin - DEBUG - STREAM b'IHDR' 118 13
2024-11-17 09:10:53,368 - PIL.PngImagePlugin - DEBUG - STREAM b'IDAT' 143 19041
2024-11-17 09:10:54,280 - PIL.PngImagePlugin - DEBUG - STREAM b'IHDR' 16 13
2024-11-17 09:10:54,283 - PIL.PngImagePlugin - DEBUG - STREAM b'sBIT' 41 4
2024-11-17 09:10:54,284 - PIL.PngImagePlugin - DEBUG - b'sBIT' 41 4 (unknown)
2024-11-17 09:10:54,284 - PIL.PngImagePlugin - DEBUG - STREAM b'pHYs' 57 9
2024-11-17 09:10:54,285 - PIL.PngImagePlugin - DEBUG - STREAM b'tEXt' 78 25
2024-11-17 09:10:54,286 - PIL.PngImagePlugin - DEBUG - STREAM b'IDAT' 115 8192
2024-11-17 09:10:54,287 - PIL.PngImagePlugin - DEBUG - STREAM b'IHDR' 16 13
2024-11-17 09:10:54,287 - PIL.PngImagePlugin - DEBUG - STREAM b'sBIT' 41 4
2024-11-17 09:10:54,288 - PIL.PngImagePlugin - DEBUG - b'sBIT' 41 4 (unknown)
2024-11-17 09:10:54,288 - PIL.PngImagePlugin - DEBUG - STREAM b'pHYs' 57 9
2024-11-17 09:10:54,289 - PIL.PngImagePlugin - DEBUG - STREAM b'tEXt' 78 25
2024-11-17 09:10:54,289 - PIL.PngImagePlugin - DEBUG - STREAM b'IDAT' 115 8192
2024-11-17 09:10:55,109 - PIL.PngImagePlugin - DEBUG - STREAM b'IHDR' 16 13
2024-11-17 09:10:55,109 - PIL.PngImagePlugin - DEBUG - STREAM b'IDAT' 41 18855
2024-11-17 09:10:55,109 - PIL.PngImagePlugin - DEBUG - STREAM b'IHDR' 16 13
2024-11-17 09:10:55,109 - PIL.PngImagePlugin - DEBUG - STREAM b'IDAT' 41 18855
2024-11-17 09:23:57,556 - PIL.PngImagePlugin - DEBUG - STREAM b'IHDR' 118 13
2024-11-17 09:23:57,558 - PIL.PngImagePlugin - DEBUG - STREAM b'IDAT' 143 19041
2024-11-17 09:23:59,317 - PIL.PngImagePlugin - DEBUG - STREAM b'IHDR' 16 13
2024-11-17 09:23:59,318 - PIL.PngImagePlugin - DEBUG - STREAM b'sBIT' 41 4
2024-11-17 09:23:59,319 - PIL.PngImagePlugin - DEBUG - b'sBIT' 41 4 (unknown)
2024-11-17 09:23:59,319 - PIL.PngImagePlugin - DEBUG - STREAM b'pHYs' 57 9
2024-11-17 09:23:59,320 - PIL.PngImagePlugin - DEBUG - STREAM b'tEXt' 78 25
2024-11-17 09:23:59,320 - PIL.PngImagePlugin - DEBUG - STREAM b'IDAT' 115 8192
2024-11-17 09:23:59,321 - PIL.PngImagePlugin - DEBUG - STREAM b'IHDR' 16 13
2024-11-17 09:23:59,321 - PIL.PngImagePlugin - DEBUG - STREAM b'sBIT' 41 4
2024-11-17 09:23:59,322 - PIL.PngImagePlugin - DEBUG - b'sBIT' 41 4 (unknown)
2024-11-17 09:23:59,322 - PIL.PngImagePlugin - DEBUG - STREAM b'pHYs' 57 9
2024-11-17 09:23:59,323 - PIL.PngImagePlugin - DEBUG - STREAM b'tEXt' 78 25
2024-11-17 09:23:59,323 - PIL.PngImagePlugin - DEBUG - STREAM b'IDAT' 115 8192
2024-11-17 09:23:59,634 - PIL.PngImagePlugin - DEBUG - STREAM b'IHDR' 16 13
2024-11-17 09:23:59,635 - PIL.PngImagePlugin - DEBUG - STREAM b'IDAT' 41 18855
2024-11-17 09:23:59,635 - PIL.PngImagePlugin - DEBUG - STREAM b'IHDR' 16 13
2024-11-17 09:23:59,636 - PIL.PngImagePlugin - DEBUG - STREAM b'IDAT' 41 18855
2024-11-17 09:28:21,147 - PIL.PngImagePlugin - DEBUG - STREAM b'IHDR' 118 13
2024-11-17 09:28:21,147 - PIL.PngImagePlugin - DEBUG - STREAM b'IDAT' 143 19041
2024-11-17 09:28:21,511 - PIL.PngImagePlugin - DEBUG - STREAM b'IHDR' 16 13
2024-11-17 09:28:21,511 - PIL.PngImagePlugin - DEBUG - STREAM b'sBIT' 41 4
2024-11-17 09:28:21,511 - PIL.PngImagePlugin - DEBUG - b'sBIT' 41 4 (unknown)
2024-11-17 09:28:21,511 - PIL.PngImagePlugin - DEBUG - STREAM b'pHYs' 57 9
2024-11-17 09:28:21,511 - PIL.PngImagePlugin - DEBUG - STREAM b'tEXt' 78 25
2024-11-17 09:28:21,511 - PIL.PngImagePlugin - DEBUG - STREAM b'IDAT' 115 8192
2024-11-17 09:28:21,511 - PIL.PngImagePlugin - DEBUG - STREAM b'IHDR' 16 13
2024-11-17 09:28:21,511 - PIL.PngImagePlugin - DEBUG - STREAM b'sBIT' 41 4
2024-11-17 09:28:21,511 - PIL.PngImagePlugin - DEBUG - b'sBIT' 41 4 (unknown)
2024-11-17 09:28:21,511 - PIL.PngImagePlugin - DEBUG - STREAM b'pHYs' 57 9
2024-11-17 09:28:21,511 - PIL.PngImagePlugin - DEBUG - STREAM b'tEXt' 78 25
2024-11-17 09:28:21,511 - PIL.PngImagePlugin - DEBUG - STREAM b'IDAT' 115 8192
2024-11-17 09:28:21,779 - PIL.PngImagePlugin - DEBUG - STREAM b'IHDR' 16 13
2024-11-17 09:28:21,780 - PIL.PngImagePlugin - DEBUG - STREAM b'IDAT' 41 18855
2024-11-17 09:28:21,781 - PIL.PngImagePlugin - DEBUG - STREAM b'IHDR' 16 13
2024-11-17 09:28:21,781 - PIL.PngImagePlugin - DEBUG - STREAM b'IDAT' 41 18855
2024-11-17 09:28:36,516 - PIL.PngImagePlugin - DEBUG - STREAM b'IHDR' 118 13
2024-11-17 09:28:36,517 - PIL.PngImagePlugin - DEBUG - STREAM b'IDAT' 143 19041
2024-11-17 09:28:38,229 - PIL.PngImagePlugin - DEBUG - STREAM b'IHDR' 16 13
2024-11-17 09:28:38,230 - PIL.PngImagePlugin - DEBUG - STREAM b'sBIT' 41 4
2024-11-17 09:28:38,230 - PIL.PngImagePlugin - DEBUG - b'sBIT' 41 4 (unknown)
2024-11-17 09:28:38,231 - PIL.PngImagePlugin - DEBUG - STREAM b'pHYs' 57 9
2024-11-17 09:28:38,231 - PIL.PngImagePlugin - DEBUG - STREAM b'tEXt' 78 25
2024-11-17 09:28:38,232 - PIL.PngImagePlugin - DEBUG - STREAM b'IDAT' 115 8192
2024-11-17 09:28:38,239 - PIL.PngImagePlugin - DEBUG - STREAM b'IHDR' 16 13
2024-11-17 09:28:38,244 - PIL.PngImagePlugin - DEBUG - STREAM b'sBIT' 41 4
2024-11-17 09:28:38,244 - PIL.PngImagePlugin - DEBUG - b'sBIT' 41 4 (unknown)
2024-11-17 09:28:38,245 - PIL.PngImagePlugin - DEBUG - STREAM b'pHYs' 57 9
2024-11-17 09:28:38,245 - PIL.PngImagePlugin - DEBUG - STREAM b'tEXt' 78 25
2024-11-17 09:28:38,246 - PIL.PngImagePlugin - DEBUG - STREAM b'IDAT' 115 8192
2024-11-17 09:28:39,466 - PIL.PngImagePlugin - DEBUG - STREAM b'IHDR' 16 13
2024-11-17 09:28:39,467 - PIL.PngImagePlugin - DEBUG - STREAM b'IDAT' 41 18855
2024-11-17 09:28:39,467 - PIL.PngImagePlugin - DEBUG - STREAM b'IHDR' 16 13
2024-11-17 09:28:39,468 - PIL.PngImagePlugin - DEBUG - STREAM b'IDAT' 41 18855
2024-11-17 09:28:42,805 - PIL.PngImagePlugin - DEBUG - STREAM b'IHDR' 118 13
2024-11-17 09:28:42,806 - PIL.PngImagePlugin - DEBUG - STREAM b'IDAT' 143 19041
2024-11-17 09:28:43,258 - PIL.PngImagePlugin - DEBUG - STREAM b'IHDR' 16 13
2024-11-17 09:28:43,275 - PIL.PngImagePlugin - DEBUG - STREAM b'sBIT' 41 4
2024-11-17 09:28:43,275 - PIL.PngImagePlugin - DEBUG - b'sBIT' 41 4 (unknown)
2024-11-17 09:28:43,276 - PIL.PngImagePlugin - DEBUG - STREAM b'pHYs' 57 9
2024-11-17 09:28:43,278 - PIL.PngImagePlugin - DEBUG - STREAM b'tEXt' 78 25
2024-11-17 09:28:43,279 - PIL.PngImagePlugin - DEBUG - STREAM b'IDAT' 115 8192
2024-11-17 09:28:43,279 - PIL.PngImagePlugin - DEBUG - STREAM b'IHDR' 16 13
2024-11-17 09:28:43,280 - PIL.PngImagePlugin - DEBUG - STREAM b'sBIT' 41 4
2024-11-17 09:28:43,280 - PIL.PngImagePlugin - DEBUG - b'sBIT' 41 4 (unknown)
2024-11-17 09:28:43,281 - PIL.PngImagePlugin - DEBUG - STREAM b'pHYs' 57 9
2024-11-17 09:28:43,281 - PIL.PngImagePlugin - DEBUG - STREAM b'tEXt' 78 25
2024-11-17 09:28:43,421 - PIL.PngImagePlugin - DEBUG - STREAM b'IDAT' 115 8192
2024-11-17 09:28:45,146 - PIL.PngImagePlugin - DEBUG - STREAM b'IHDR' 16 13
2024-11-17 09:28:45,146 - PIL.PngImagePlugin - DEBUG - STREAM b'IDAT' 41 18855
2024-11-17 09:28:45,146 - PIL.PngImagePlugin - DEBUG - STREAM b'IHDR' 16 13
2024-11-17 09:28:45,146 - PIL.PngImagePlugin - DEBUG - STREAM b'IDAT' 41 18855
2024-11-17 09:28:47,470 - PIL.PngImagePlugin - DEBUG - STREAM b'IHDR' 118 13
2024-11-17 09:28:47,470 - PIL.PngImagePlugin - DEBUG - STREAM b'IDAT' 143 19041
2024-11-17 09:28:48,501 - PIL.PngImagePlugin - DEBUG - STREAM b'IHDR' 16 13
2024-11-17 09:28:48,501 - PIL.PngImagePlugin - DEBUG - STREAM b'sBIT' 41 4
2024-11-17 09:28:48,502 - PIL.PngImagePlugin - DEBUG - b'sBIT' 41 4 (unknown)
2024-11-17 09:28:48,502 - PIL.PngImagePlugin - DEBUG - STREAM b'pHYs' 57 9
2024-11-17 09:28:48,503 - PIL.PngImagePlugin - DEBUG - STREAM b'tEXt' 78 25
2024-11-17 09:28:48,503 - PIL.PngImagePlugin - DEBUG - STREAM b'IDAT' 115 8192
2024-11-17 09:28:48,504 - PIL.PngImagePlugin - DEBUG - STREAM b'IHDR' 16 13
2024-11-17 09:28:48,505 - PIL.PngImagePlugin - DEBUG - STREAM b'sBIT' 41 4
2024-11-17 09:28:48,505 - PIL.PngImagePlugin - DEBUG - b'sBIT' 41 4 (unknown)
2024-11-17 09:28:48,506 - PIL.PngImagePlugin - DEBUG - STREAM b'pHYs' 57 9
2024-11-17 09:28:48,506 - PIL.PngImagePlugin - DEBUG - STREAM b'tEXt' 78 25
2024-11-17 09:28:48,508 - PIL.PngImagePlugin - DEBUG - STREAM b'IDAT' 115 8192
2024-11-17 09:28:49,552 - PIL.PngImagePlugin - DEBUG - STREAM b'IHDR' 16 13
2024-11-17 09:28:49,553 - PIL.PngImagePlugin - DEBUG - STREAM b'IDAT' 41 18855
2024-11-17 09:28:49,553 - PIL.PngImagePlugin - DEBUG - STREAM b'IHDR' 16 13
2024-11-17 09:28:49,554 - PIL.PngImagePlugin - DEBUG - STREAM b'IDAT' 41 18855
2024-11-17 09:28:52,930 - PIL.PngImagePlugin - DEBUG - STREAM b'IHDR' 118 13
2024-11-17 09:28:52,931 - PIL.PngImagePlugin - DEBUG - STREAM b'IDAT' 143 19041
2024-11-17 09:28:53,243 - PIL.PngImagePlugin - DEBUG - STREAM b'IHDR' 16 13
2024-11-17 09:28:53,243 - PIL.PngImagePlugin - DEBUG - STREAM b'sBIT' 41 4
2024-11-17 09:28:53,244 - PIL.PngImagePlugin - DEBUG - b'sBIT' 41 4 (unknown)
2024-11-17 09:28:53,245 - PIL.PngImagePlugin - DEBUG - STREAM b'pHYs' 57 9
2024-11-17 09:28:53,245 - PIL.PngImagePlugin - DEBUG - STREAM b'tEXt' 78 25
2024-11-17 09:28:53,246 - PIL.PngImagePlugin - DEBUG - STREAM b'IDAT' 115 8192
2024-11-17 09:28:53,246 - PIL.PngImagePlugin - DEBUG - STREAM b'IHDR' 16 13
2024-11-17 09:28:53,283 - PIL.PngImagePlugin - DEBUG - STREAM b'sBIT' 41 4
2024-11-17 09:28:53,283 - PIL.PngImagePlugin - DEBUG - b'sBIT' 41 4 (unknown)
2024-11-17 09:28:53,284 - PIL.PngImagePlugin - DEBUG - STREAM b'pHYs' 57 9
2024-11-17 09:28:53,285 - PIL.PngImagePlugin - DEBUG - STREAM b'tEXt' 78 25
2024-11-17 09:28:53,287 - PIL.PngImagePlugin - DEBUG - STREAM b'IDAT' 115 8192
2024-11-17 09:28:53,965 - PIL.PngImagePlugin - DEBUG - STREAM b'IHDR' 16 13
2024-11-17 09:28:53,973 - PIL.PngImagePlugin - DEBUG - STREAM b'IDAT' 41 18855
2024-11-17 09:28:53,974 - PIL.PngImagePlugin - DEBUG - STREAM b'IHDR' 16 13
2024-11-17 09:28:53,974 - PIL.PngImagePlugin - DEBUG - STREAM b'IDAT' 41 18855
2024-11-17 09:28:58,572 - urllib3.util.retry - DEBUG - Converted retries value: 3 -> Retry(total=3, connect=None, read=None, redirect=None, status=None)
2024-11-17 09:28:58,968 - google.auth.transport.requests - DEBUG - Making request: POST https://oauth2.googleapis.com/token
2024-11-17 09:28:59,777 - urllib3.connectionpool - DEBUG - Starting new HTTPS connection (1): oauth2.googleapis.com:443
2024-11-17 09:29:03,815 - urllib3.connectionpool - DEBUG - https://oauth2.googleapis.com:443 "POST /token HTTP/11" 200 None
2024-11-17 09:29:03,850 - urllib3.connectionpool - DEBUG - Starting new HTTPS connection (1): www.googleapis.com:443
2024-11-17 09:29:04,830 - urllib3.connectionpool - DEBUG - https://www.googleapis.com:443 "GET /drive/v3/files?q=mimeType%3D%22application%2Fvnd.google-apps.spreadsheet%22+and+name+%3D+%22gestion-reservas-emp%22&pageSize=1000&supportsAllDrives=True&includeItemsFromAllDrives=True&fields=kind%2CnextPageToken%2Cfiles%28id%2Cname%2CcreatedTime%2CmodifiedTime%29 HTTP/11" 200 None
2024-11-17 09:29:04,839 - urllib3.connectionpool - DEBUG - Starting new HTTPS connection (1): sheets.googleapis.com:443
2024-11-17 09:29:06,370 - urllib3.connectionpool - DEBUG - https://sheets.googleapis.com:443 "GET /v4/spreadsheets/1fx7i_GmqdPns3nLCV8zYWBW_x3I3PLfGadTN3jwgeNU?includeGridData=false HTTP/11" 200 None
2024-11-17 09:29:06,610 - urllib3.connectionpool - DEBUG - https://sheets.googleapis.com:443 "GET /v4/spreadsheets/1fx7i_GmqdPns3nLCV8zYWBW_x3I3PLfGadTN3jwgeNU?includeGridData=false HTTP/11" 200 None
2024-11-17 09:29:06,941 - urllib3.connectionpool - DEBUG - https://sheets.googleapis.com:443 "GET /v4/spreadsheets/1fx7i_GmqdPns3nLCV8zYWBW_x3I3PLfGadTN3jwgeNU/values/%27reservas%27 HTTP/11" 200 None
2024-11-17 09:29:10,147 - urllib3.util.retry - DEBUG - Converted retries value: 3 -> Retry(total=3, connect=None, read=None, redirect=None, status=None)
2024-11-17 09:29:10,331 - google.auth.transport.requests - DEBUG - Making request: POST https://oauth2.googleapis.com/token
2024-11-17 09:29:10,341 - urllib3.connectionpool - DEBUG - Starting new HTTPS connection (1): oauth2.googleapis.com:443
2024-11-17 09:29:12,078 - urllib3.connectionpool - DEBUG - https://oauth2.googleapis.com:443 "POST /token HTTP/11" 200 None
2024-11-17 09:29:12,090 - urllib3.connectionpool - DEBUG - Starting new HTTPS connection (1): www.googleapis.com:443
2024-11-17 09:29:13,024 - urllib3.connectionpool - DEBUG - https://www.googleapis.com:443 "GET /drive/v3/files?q=mimeType%3D%22application%2Fvnd.google-apps.spreadsheet%22+and+name+%3D+%22gestion-reservas-emp%22&pageSize=1000&supportsAllDrives=True&includeItemsFromAllDrives=True&fields=kind%2CnextPageToken%2Cfiles%28id%2Cname%2CcreatedTime%2CmodifiedTime%29 HTTP/11" 200 None
2024-11-17 09:29:13,035 - urllib3.connectionpool - DEBUG - Starting new HTTPS connection (1): sheets.googleapis.com:443
2024-11-17 09:29:13,770 - urllib3.connectionpool - DEBUG - https://sheets.googleapis.com:443 "GET /v4/spreadsheets/1fx7i_GmqdPns3nLCV8zYWBW_x3I3PLfGadTN3jwgeNU?includeGridData=false HTTP/11" 200 None
2024-11-17 09:29:14,028 - urllib3.connectionpool - DEBUG - https://sheets.googleapis.com:443 "GET /v4/spreadsheets/1fx7i_GmqdPns3nLCV8zYWBW_x3I3PLfGadTN3jwgeNU?includeGridData=false HTTP/11" 200 None
2024-11-17 09:29:14,301 - urllib3.connectionpool - DEBUG - https://sheets.googleapis.com:443 "GET /v4/spreadsheets/1fx7i_GmqdPns3nLCV8zYWBW_x3I3PLfGadTN3jwgeNU/values/%27reservas%27 HTTP/11" 200 None
2024-11-17 09:29:14,932 - urllib3.connectionpool - DEBUG - https://sheets.googleapis.com:443 "POST /v4/spreadsheets/1fx7i_GmqdPns3nLCV8zYWBW_x3I3PLfGadTN3jwgeNU:batchUpdate HTTP/11" 200 None
