2024-10-08 14:02:22,086 - PIL.Image - DEBUG - Importing BlpImagePlugin
2024-10-08 14:02:22,290 - PIL.Image - DEBUG - Importing BmpImagePlugin
2024-10-08 14:02:22,290 - PIL.Image - DEBUG - Importing BufrStubImagePlugin
2024-10-08 14:02:22,626 - PIL.Image - DEBUG - Importing CurImagePlugin
2024-10-08 14:02:22,835 - PIL.Image - DEBUG - Importing DcxImagePlugin
2024-10-08 14:02:22,971 - PIL.Image - DEBUG - Importing DdsImagePlugin
2024-10-08 14:02:23,848 - PIL.Image - DEBUG - Importing EpsImagePlugin
2024-10-08 14:02:24,372 - PIL.Image - DEBUG - Importing FitsImagePlugin
2024-10-08 14:02:26,268 - PIL.Image - DEBUG - Importing FliImagePlugin
2024-10-08 14:02:26,274 - PIL.Image - DEBUG - Importing FpxImagePlugin
2024-10-08 14:02:26,598 - PIL.Image - DEBUG - Image: failed to import FpxImagePlugin: No module named 'olefile'
2024-10-08 14:02:26,599 - PIL.Image - DEBUG - Importing FtexImagePlugin
2024-10-08 14:02:26,606 - PIL.Image - DEBUG - Importing GbrImagePlugin
2024-10-08 14:02:27,137 - PIL.Image - DEBUG - Importing GifImagePlugin
2024-10-08 14:02:27,137 - PIL.Image - DEBUG - Importing GribStubImagePlugin
2024-10-08 14:02:27,165 - PIL.Image - DEBUG - Importing Hdf5StubImagePlugin
2024-10-08 14:02:27,462 - PIL.Image - DEBUG - Importing IcnsImagePlugin
2024-10-08 14:02:28,340 - PIL.Image - DEBUG - Importing IcoImagePlugin
2024-10-08 14:02:29,166 - PIL.Image - DEBUG - Importing ImImagePlugin
2024-10-08 14:02:29,382 - PIL.Image - DEBUG - Importing ImtImagePlugin
2024-10-08 14:02:29,526 - PIL.Image - DEBUG - Importing IptcImagePlugin
2024-10-08 14:02:29,560 - PIL.Image - DEBUG - Importing JpegImagePlugin
2024-10-08 14:02:29,560 - PIL.Image - DEBUG - Importing Jpeg2KImagePlugin
2024-10-08 14:02:29,561 - PIL.Image - DEBUG - Importing McIdasImagePlugin
2024-10-08 14:02:29,566 - PIL.Image - DEBUG - Importing MicImagePlugin
2024-10-08 14:02:29,620 - PIL.Image - DEBUG - Image: failed to import MicImagePlugin: No module named 'olefile'
2024-10-08 14:02:29,621 - PIL.Image - DEBUG - Importing MpegImagePlugin
2024-10-08 14:02:29,711 - PIL.Image - DEBUG - Importing MpoImagePlugin
2024-10-08 14:02:30,751 - PIL.Image - DEBUG - Importing MspImagePlugin
2024-10-08 14:02:31,063 - PIL.Image - DEBUG - Importing PalmImagePlugin
2024-10-08 14:02:31,398 - PIL.Image - DEBUG - Importing PcdImagePlugin
2024-10-08 14:02:31,409 - PIL.Image - DEBUG - Importing PcxImagePlugin
2024-10-08 14:02:31,410 - PIL.Image - DEBUG - Importing PdfImagePlugin
2024-10-08 14:02:31,952 - PIL.Image - DEBUG - Importing PixarImagePlugin
2024-10-08 14:02:33,540 - PIL.Image - DEBUG - Importing PngImagePlugin
2024-10-08 14:02:33,540 - PIL.Image - DEBUG - Importing PpmImagePlugin
2024-10-08 14:02:33,541 - PIL.Image - DEBUG - Importing PsdImagePlugin
2024-10-08 14:02:33,663 - PIL.Image - DEBUG - Importing QoiImagePlugin
2024-10-08 14:02:34,017 - PIL.Image - DEBUG - Importing SgiImagePlugin
2024-10-08 14:02:35,199 - PIL.Image - DEBUG - Importing SpiderImagePlugin
2024-10-08 14:02:35,673 - PIL.Image - DEBUG - Importing SunImagePlugin
2024-10-08 14:02:35,844 - PIL.Image - DEBUG - Importing TgaImagePlugin
2024-10-08 14:02:36,121 - PIL.Image - DEBUG - Importing TiffImagePlugin
2024-10-08 14:02:36,122 - PIL.Image - DEBUG - Importing WebPImagePlugin
2024-10-08 14:02:37,398 - PIL.Image - DEBUG - Importing WmfImagePlugin
2024-10-08 14:02:37,591 - PIL.Image - DEBUG - Importing XbmImagePlugin
2024-10-08 14:02:37,614 - PIL.Image - DEBUG - Importing XpmImagePlugin
2024-10-08 14:02:37,624 - PIL.Image - DEBUG - Importing XVThumbImagePlugin
2024-10-08 14:02:37,645 - PIL.PngImagePlugin - DEBUG - STREAM b'IHDR' 118 13
2024-10-08 14:02:37,693 - PIL.PngImagePlugin - DEBUG - STREAM b'IDAT' 143 19041
2024-10-08 14:02:42,250 - PIL.PngImagePlugin - DEBUG - STREAM b'IHDR' 16 13
2024-10-08 14:02:42,252 - PIL.PngImagePlugin - DEBUG - STREAM b'sBIT' 41 4
2024-10-08 14:02:42,252 - PIL.PngImagePlugin - DEBUG - b'sBIT' 41 4 (unknown)
2024-10-08 14:02:42,253 - PIL.PngImagePlugin - DEBUG - STREAM b'pHYs' 57 9
2024-10-08 14:02:42,253 - PIL.PngImagePlugin - DEBUG - STREAM b'tEXt' 78 25
2024-10-08 14:02:42,254 - PIL.PngImagePlugin - DEBUG - STREAM b'IDAT' 115 8192
2024-10-08 14:02:42,255 - PIL.PngImagePlugin - DEBUG - STREAM b'IHDR' 16 13
2024-10-08 14:02:42,256 - PIL.PngImagePlugin - DEBUG - STREAM b'sBIT' 41 4
2024-10-08 14:02:42,256 - PIL.PngImagePlugin - DEBUG - b'sBIT' 41 4 (unknown)
2024-10-08 14:02:42,257 - PIL.PngImagePlugin - DEBUG - STREAM b'pHYs' 57 9
2024-10-08 14:02:42,257 - PIL.PngImagePlugin - DEBUG - STREAM b'tEXt' 78 25
2024-10-08 14:02:42,265 - PIL.PngImagePlugin - DEBUG - STREAM b'IDAT' 115 8192
2024-10-08 14:03:36,222 - PIL.PngImagePlugin - DEBUG - STREAM b'IHDR' 118 13
2024-10-08 14:03:36,222 - PIL.PngImagePlugin - DEBUG - STREAM b'IDAT' 143 19041
2024-10-08 14:03:36,612 - PIL.PngImagePlugin - DEBUG - STREAM b'IHDR' 16 13
2024-10-08 14:03:36,612 - PIL.PngImagePlugin - DEBUG - STREAM b'sBIT' 41 4
2024-10-08 14:03:36,613 - PIL.PngImagePlugin - DEBUG - b'sBIT' 41 4 (unknown)
2024-10-08 14:03:36,613 - PIL.PngImagePlugin - DEBUG - STREAM b'pHYs' 57 9
2024-10-08 14:03:36,614 - PIL.PngImagePlugin - DEBUG - STREAM b'tEXt' 78 25
2024-10-08 14:03:36,614 - PIL.PngImagePlugin - DEBUG - STREAM b'IDAT' 115 8192
2024-10-08 14:03:36,615 - PIL.PngImagePlugin - DEBUG - STREAM b'IHDR' 16 13
2024-10-08 14:03:36,616 - PIL.PngImagePlugin - DEBUG - STREAM b'sBIT' 41 4
2024-10-08 14:03:36,616 - PIL.PngImagePlugin - DEBUG - b'sBIT' 41 4 (unknown)
2024-10-08 14:03:36,617 - PIL.PngImagePlugin - DEBUG - STREAM b'pHYs' 57 9
2024-10-08 14:03:36,617 - PIL.PngImagePlugin - DEBUG - STREAM b'tEXt' 78 25
2024-10-08 14:03:36,618 - PIL.PngImagePlugin - DEBUG - STREAM b'IDAT' 115 8192
2024-10-08 14:03:38,582 - PIL.PngImagePlugin - DEBUG - STREAM b'IHDR' 118 13
2024-10-08 14:03:38,582 - PIL.PngImagePlugin - DEBUG - STREAM b'IDAT' 143 19041
2024-10-08 14:03:38,888 - PIL.PngImagePlugin - DEBUG - STREAM b'IHDR' 16 13
2024-10-08 14:03:38,888 - PIL.PngImagePlugin - DEBUG - STREAM b'sBIT' 41 4
2024-10-08 14:03:38,889 - PIL.PngImagePlugin - DEBUG - b'sBIT' 41 4 (unknown)
2024-10-08 14:03:38,889 - PIL.PngImagePlugin - DEBUG - STREAM b'pHYs' 57 9
2024-10-08 14:03:38,891 - PIL.PngImagePlugin - DEBUG - STREAM b'tEXt' 78 25
2024-10-08 14:03:38,891 - PIL.PngImagePlugin - DEBUG - STREAM b'IDAT' 115 8192
2024-10-08 14:03:38,892 - PIL.PngImagePlugin - DEBUG - STREAM b'IHDR' 16 13
2024-10-08 14:03:38,894 - PIL.PngImagePlugin - DEBUG - STREAM b'sBIT' 41 4
2024-10-08 14:03:38,895 - PIL.PngImagePlugin - DEBUG - b'sBIT' 41 4 (unknown)
2024-10-08 14:03:38,896 - PIL.PngImagePlugin - DEBUG - STREAM b'pHYs' 57 9
2024-10-08 14:03:38,896 - PIL.PngImagePlugin - DEBUG - STREAM b'tEXt' 78 25
2024-10-08 14:03:38,897 - PIL.PngImagePlugin - DEBUG - STREAM b'IDAT' 115 8192
2024-10-08 14:03:39,999 - PIL.PngImagePlugin - DEBUG - STREAM b'IHDR' 16 13
2024-10-08 14:03:39,999 - PIL.PngImagePlugin - DEBUG - STREAM b'IDAT' 41 18855
2024-10-08 14:03:39,999 - PIL.PngImagePlugin - DEBUG - STREAM b'IHDR' 16 13
2024-10-08 14:03:40,001 - PIL.PngImagePlugin - DEBUG - STREAM b'IDAT' 41 18855
2024-10-08 14:04:39,463 - PIL.PngImagePlugin - DEBUG - STREAM b'IHDR' 118 13
2024-10-08 14:04:39,463 - PIL.PngImagePlugin - DEBUG - STREAM b'IDAT' 143 19041
2024-10-08 14:04:40,064 - PIL.PngImagePlugin - DEBUG - STREAM b'IHDR' 16 13
2024-10-08 14:04:40,065 - PIL.PngImagePlugin - DEBUG - STREAM b'sBIT' 41 4
2024-10-08 14:04:40,067 - PIL.PngImagePlugin - DEBUG - b'sBIT' 41 4 (unknown)
2024-10-08 14:04:40,068 - PIL.PngImagePlugin - DEBUG - STREAM b'pHYs' 57 9
2024-10-08 14:04:40,070 - PIL.PngImagePlugin - DEBUG - STREAM b'tEXt' 78 25
2024-10-08 14:04:40,071 - PIL.PngImagePlugin - DEBUG - STREAM b'IDAT' 115 8192
2024-10-08 14:04:40,071 - PIL.PngImagePlugin - DEBUG - STREAM b'IHDR' 16 13
2024-10-08 14:04:40,072 - PIL.PngImagePlugin - DEBUG - STREAM b'sBIT' 41 4
2024-10-08 14:04:40,073 - PIL.PngImagePlugin - DEBUG - b'sBIT' 41 4 (unknown)
2024-10-08 14:04:40,073 - PIL.PngImagePlugin - DEBUG - STREAM b'pHYs' 57 9
2024-10-08 14:04:40,074 - PIL.PngImagePlugin - DEBUG - STREAM b'tEXt' 78 25
2024-10-08 14:04:40,074 - PIL.PngImagePlugin - DEBUG - STREAM b'IDAT' 115 8192
2024-10-08 14:04:40,416 - PIL.PngImagePlugin - DEBUG - STREAM b'IHDR' 16 13
2024-10-08 14:04:40,417 - PIL.PngImagePlugin - DEBUG - STREAM b'IDAT' 41 18855
2024-10-08 14:04:40,418 - PIL.PngImagePlugin - DEBUG - STREAM b'IHDR' 16 13
2024-10-08 14:04:40,418 - PIL.PngImagePlugin - DEBUG - STREAM b'IDAT' 41 18855
2024-10-08 14:04:43,116 - PIL.PngImagePlugin - DEBUG - STREAM b'IHDR' 16 13
2024-10-08 14:04:43,116 - PIL.PngImagePlugin - DEBUG - STREAM b'sBIT' 41 4
2024-10-08 14:04:43,116 - PIL.PngImagePlugin - DEBUG - b'sBIT' 41 4 (unknown)
2024-10-08 14:04:43,116 - PIL.PngImagePlugin - DEBUG - STREAM b'pHYs' 57 9
2024-10-08 14:04:43,116 - PIL.PngImagePlugin - DEBUG - STREAM b'tEXt' 78 25
2024-10-08 14:04:43,116 - PIL.PngImagePlugin - DEBUG - STREAM b'IDAT' 115 8192
2024-10-08 14:04:43,116 - PIL.PngImagePlugin - DEBUG - STREAM b'IHDR' 16 13
2024-10-08 14:04:43,116 - PIL.PngImagePlugin - DEBUG - STREAM b'sBIT' 41 4
2024-10-08 14:04:43,116 - PIL.PngImagePlugin - DEBUG - b'sBIT' 41 4 (unknown)
2024-10-08 14:04:43,116 - PIL.PngImagePlugin - DEBUG - STREAM b'pHYs' 57 9
2024-10-08 14:04:43,132 - PIL.PngImagePlugin - DEBUG - STREAM b'tEXt' 78 25
2024-10-08 14:04:43,132 - PIL.PngImagePlugin - DEBUG - STREAM b'IDAT' 115 8192
2024-10-08 14:05:00,334 - PIL.PngImagePlugin - DEBUG - STREAM b'IHDR' 118 13
2024-10-08 14:05:00,335 - PIL.PngImagePlugin - DEBUG - STREAM b'IDAT' 143 19041
2024-10-08 14:05:00,935 - PIL.PngImagePlugin - DEBUG - STREAM b'IHDR' 16 13
2024-10-08 14:05:00,940 - PIL.PngImagePlugin - DEBUG - STREAM b'sBIT' 41 4
2024-10-08 14:05:00,940 - PIL.PngImagePlugin - DEBUG - b'sBIT' 41 4 (unknown)
2024-10-08 14:05:00,941 - PIL.PngImagePlugin - DEBUG - STREAM b'pHYs' 57 9
2024-10-08 14:05:00,941 - PIL.PngImagePlugin - DEBUG - STREAM b'tEXt' 78 25
2024-10-08 14:05:00,942 - PIL.PngImagePlugin - DEBUG - STREAM b'IDAT' 115 8192
2024-10-08 14:05:00,944 - PIL.PngImagePlugin - DEBUG - STREAM b'IHDR' 16 13
2024-10-08 14:05:00,945 - PIL.PngImagePlugin - DEBUG - STREAM b'sBIT' 41 4
2024-10-08 14:05:00,945 - PIL.PngImagePlugin - DEBUG - b'sBIT' 41 4 (unknown)
2024-10-08 14:05:00,963 - PIL.PngImagePlugin - DEBUG - STREAM b'pHYs' 57 9
2024-10-08 14:05:00,968 - PIL.PngImagePlugin - DEBUG - STREAM b'tEXt' 78 25
2024-10-08 14:05:00,969 - PIL.PngImagePlugin - DEBUG - STREAM b'IDAT' 115 8192
2024-10-08 14:05:01,393 - PIL.PngImagePlugin - DEBUG - STREAM b'IHDR' 16 13
2024-10-08 14:05:01,394 - PIL.PngImagePlugin - DEBUG - STREAM b'IDAT' 41 18855
2024-10-08 14:05:01,396 - PIL.PngImagePlugin - DEBUG - STREAM b'IHDR' 16 13
2024-10-08 14:05:01,397 - PIL.PngImagePlugin - DEBUG - STREAM b'IDAT' 41 18855
2024-10-08 14:05:02,940 - PIL.PngImagePlugin - DEBUG - STREAM b'IHDR' 118 13
2024-10-08 14:05:02,941 - PIL.PngImagePlugin - DEBUG - STREAM b'IDAT' 143 19041
2024-10-08 14:05:02,999 - PIL.PngImagePlugin - DEBUG - STREAM b'IHDR' 118 13
2024-10-08 14:05:03,000 - PIL.PngImagePlugin - DEBUG - STREAM b'IDAT' 143 19041
2024-10-08 14:05:03,415 - PIL.PngImagePlugin - DEBUG - STREAM b'IHDR' 16 13
2024-10-08 14:05:03,416 - PIL.PngImagePlugin - DEBUG - STREAM b'sBIT' 41 4
2024-10-08 14:05:03,416 - PIL.PngImagePlugin - DEBUG - b'sBIT' 41 4 (unknown)
2024-10-08 14:05:03,417 - PIL.PngImagePlugin - DEBUG - STREAM b'pHYs' 57 9
2024-10-08 14:05:03,417 - PIL.PngImagePlugin - DEBUG - STREAM b'tEXt' 78 25
2024-10-08 14:05:03,418 - PIL.PngImagePlugin - DEBUG - STREAM b'IDAT' 115 8192
2024-10-08 14:05:03,418 - PIL.PngImagePlugin - DEBUG - STREAM b'IHDR' 16 13
2024-10-08 14:05:03,419 - PIL.PngImagePlugin - DEBUG - STREAM b'sBIT' 41 4
2024-10-08 14:05:03,419 - PIL.PngImagePlugin - DEBUG - b'sBIT' 41 4 (unknown)
2024-10-08 14:05:03,420 - PIL.PngImagePlugin - DEBUG - STREAM b'pHYs' 57 9
2024-10-08 14:05:03,420 - PIL.PngImagePlugin - DEBUG - STREAM b'tEXt' 78 25
2024-10-08 14:05:03,421 - PIL.PngImagePlugin - DEBUG - STREAM b'IDAT' 115 8192
2024-10-08 14:05:04,727 - PIL.PngImagePlugin - DEBUG - STREAM b'IHDR' 118 13
2024-10-08 14:05:04,729 - PIL.PngImagePlugin - DEBUG - STREAM b'IDAT' 143 19041
2024-10-08 14:05:05,713 - PIL.PngImagePlugin - DEBUG - STREAM b'IHDR' 16 13
2024-10-08 14:05:05,714 - PIL.PngImagePlugin - DEBUG - STREAM b'sBIT' 41 4
2024-10-08 14:05:05,715 - PIL.PngImagePlugin - DEBUG - b'sBIT' 41 4 (unknown)
2024-10-08 14:05:05,715 - PIL.PngImagePlugin - DEBUG - STREAM b'IHDR' 16 13
2024-10-08 14:05:05,716 - PIL.PngImagePlugin - DEBUG - STREAM b'pHYs' 57 9
2024-10-08 14:05:05,716 - PIL.PngImagePlugin - DEBUG - STREAM b'sBIT' 41 4
2024-10-08 14:05:05,717 - PIL.PngImagePlugin - DEBUG - STREAM b'tEXt' 78 25
2024-10-08 14:05:05,718 - PIL.PngImagePlugin - DEBUG - b'sBIT' 41 4 (unknown)
2024-10-08 14:05:05,719 - PIL.PngImagePlugin - DEBUG - STREAM b'IDAT' 115 8192
2024-10-08 14:05:05,720 - PIL.PngImagePlugin - DEBUG - STREAM b'pHYs' 57 9
2024-10-08 14:05:05,721 - PIL.PngImagePlugin - DEBUG - STREAM b'IHDR' 16 13
2024-10-08 14:05:05,721 - PIL.PngImagePlugin - DEBUG - STREAM b'tEXt' 78 25
2024-10-08 14:05:05,722 - PIL.PngImagePlugin - DEBUG - STREAM b'sBIT' 41 4
2024-10-08 14:05:05,723 - PIL.PngImagePlugin - DEBUG - STREAM b'IDAT' 115 8192
2024-10-08 14:05:05,724 - PIL.PngImagePlugin - DEBUG - b'sBIT' 41 4 (unknown)
2024-10-08 14:05:05,725 - PIL.PngImagePlugin - DEBUG - STREAM b'IHDR' 16 13
2024-10-08 14:05:05,726 - PIL.PngImagePlugin - DEBUG - STREAM b'pHYs' 57 9
2024-10-08 14:05:05,727 - PIL.PngImagePlugin - DEBUG - STREAM b'sBIT' 41 4
2024-10-08 14:05:05,728 - PIL.PngImagePlugin - DEBUG - STREAM b'tEXt' 78 25
2024-10-08 14:05:05,729 - PIL.PngImagePlugin - DEBUG - b'sBIT' 41 4 (unknown)
2024-10-08 14:05:05,729 - PIL.PngImagePlugin - DEBUG - STREAM b'IDAT' 115 8192
2024-10-08 14:05:05,730 - PIL.PngImagePlugin - DEBUG - STREAM b'pHYs' 57 9
2024-10-08 14:05:05,732 - PIL.PngImagePlugin - DEBUG - STREAM b'tEXt' 78 25
2024-10-08 14:05:05,733 - PIL.PngImagePlugin - DEBUG - STREAM b'IDAT' 115 8192
2024-10-08 14:05:06,866 - PIL.PngImagePlugin - DEBUG - STREAM b'IHDR' 16 13
2024-10-08 14:05:06,867 - PIL.PngImagePlugin - DEBUG - STREAM b'IDAT' 41 18855
2024-10-08 14:05:06,868 - PIL.PngImagePlugin - DEBUG - STREAM b'IHDR' 16 13
2024-10-08 14:05:06,869 - PIL.PngImagePlugin - DEBUG - STREAM b'IDAT' 41 18855
2024-10-08 14:05:07,774 - PIL.PngImagePlugin - DEBUG - STREAM b'IHDR' 16 13
2024-10-08 14:05:07,774 - PIL.PngImagePlugin - DEBUG - STREAM b'sBIT' 41 4
2024-10-08 14:05:07,774 - PIL.PngImagePlugin - DEBUG - b'sBIT' 41 4 (unknown)
2024-10-08 14:05:07,774 - PIL.PngImagePlugin - DEBUG - STREAM b'pHYs' 57 9
2024-10-08 14:05:07,774 - PIL.PngImagePlugin - DEBUG - STREAM b'tEXt' 78 25
2024-10-08 14:05:07,774 - PIL.PngImagePlugin - DEBUG - STREAM b'IDAT' 115 8192
2024-10-08 14:05:07,774 - PIL.PngImagePlugin - DEBUG - STREAM b'IHDR' 16 13
2024-10-08 14:05:07,790 - PIL.PngImagePlugin - DEBUG - STREAM b'sBIT' 41 4
2024-10-08 14:05:07,790 - PIL.PngImagePlugin - DEBUG - b'sBIT' 41 4 (unknown)
2024-10-08 14:05:07,790 - PIL.PngImagePlugin - DEBUG - STREAM b'pHYs' 57 9
2024-10-08 14:05:07,790 - PIL.PngImagePlugin - DEBUG - STREAM b'tEXt' 78 25
2024-10-08 14:05:07,790 - PIL.PngImagePlugin - DEBUG - STREAM b'IDAT' 115 8192
2024-10-08 14:05:14,749 - PIL.PngImagePlugin - DEBUG - STREAM b'IHDR' 118 13
2024-10-08 14:05:14,749 - PIL.PngImagePlugin - DEBUG - STREAM b'IDAT' 143 19041
2024-10-08 14:05:15,548 - PIL.PngImagePlugin - DEBUG - STREAM b'IHDR' 16 13
2024-10-08 14:05:15,550 - PIL.PngImagePlugin - DEBUG - STREAM b'sBIT' 41 4
2024-10-08 14:05:15,550 - PIL.PngImagePlugin - DEBUG - b'sBIT' 41 4 (unknown)
2024-10-08 14:05:15,550 - PIL.PngImagePlugin - DEBUG - STREAM b'pHYs' 57 9
2024-10-08 14:05:15,550 - PIL.PngImagePlugin - DEBUG - STREAM b'tEXt' 78 25
2024-10-08 14:05:15,551 - PIL.PngImagePlugin - DEBUG - STREAM b'IDAT' 115 8192
2024-10-08 14:05:15,554 - PIL.PngImagePlugin - DEBUG - STREAM b'IHDR' 16 13
2024-10-08 14:05:15,556 - PIL.PngImagePlugin - DEBUG - STREAM b'sBIT' 41 4
2024-10-08 14:05:15,559 - PIL.PngImagePlugin - DEBUG - b'sBIT' 41 4 (unknown)
2024-10-08 14:05:15,559 - PIL.PngImagePlugin - DEBUG - STREAM b'pHYs' 57 9
2024-10-08 14:05:15,560 - PIL.PngImagePlugin - DEBUG - STREAM b'tEXt' 78 25
2024-10-08 14:05:15,560 - PIL.PngImagePlugin - DEBUG - STREAM b'IDAT' 115 8192
2024-10-08 14:05:17,430 - PIL.PngImagePlugin - DEBUG - STREAM b'IHDR' 16 13
2024-10-08 14:05:17,432 - PIL.PngImagePlugin - DEBUG - STREAM b'IDAT' 41 18855
2024-10-08 14:05:17,433 - PIL.PngImagePlugin - DEBUG - STREAM b'IHDR' 16 13
2024-10-08 14:05:17,433 - PIL.PngImagePlugin - DEBUG - STREAM b'IDAT' 41 18855
2024-10-08 14:05:18,164 - PIL.PngImagePlugin - DEBUG - STREAM b'IHDR' 16 13
2024-10-08 14:05:18,165 - PIL.PngImagePlugin - DEBUG - STREAM b'sBIT' 41 4
2024-10-08 14:05:18,165 - PIL.PngImagePlugin - DEBUG - b'sBIT' 41 4 (unknown)
2024-10-08 14:05:18,166 - PIL.PngImagePlugin - DEBUG - STREAM b'pHYs' 57 9
2024-10-08 14:05:18,166 - PIL.PngImagePlugin - DEBUG - STREAM b'tEXt' 78 25
2024-10-08 14:05:18,177 - PIL.PngImagePlugin - DEBUG - STREAM b'IDAT' 115 8192
2024-10-08 14:05:18,183 - PIL.PngImagePlugin - DEBUG - STREAM b'IHDR' 16 13
2024-10-08 14:05:18,184 - PIL.PngImagePlugin - DEBUG - STREAM b'sBIT' 41 4
2024-10-08 14:05:18,184 - PIL.PngImagePlugin - DEBUG - b'sBIT' 41 4 (unknown)
2024-10-08 14:05:18,185 - PIL.PngImagePlugin - DEBUG - STREAM b'pHYs' 57 9
2024-10-08 14:05:18,185 - PIL.PngImagePlugin - DEBUG - STREAM b'tEXt' 78 25
2024-10-08 14:05:18,186 - PIL.PngImagePlugin - DEBUG - STREAM b'IDAT' 115 8192
2024-10-08 14:05:28,957 - PIL.PngImagePlugin - DEBUG - STREAM b'IHDR' 118 13
2024-10-08 14:05:28,957 - PIL.PngImagePlugin - DEBUG - STREAM b'IDAT' 143 19041
2024-10-08 14:05:29,395 - PIL.PngImagePlugin - DEBUG - STREAM b'IHDR' 16 13
2024-10-08 14:05:29,395 - PIL.PngImagePlugin - DEBUG - STREAM b'sBIT' 41 4
2024-10-08 14:05:29,396 - PIL.PngImagePlugin - DEBUG - b'sBIT' 41 4 (unknown)
2024-10-08 14:05:29,398 - PIL.PngImagePlugin - DEBUG - STREAM b'pHYs' 57 9
2024-10-08 14:05:29,399 - PIL.PngImagePlugin - DEBUG - STREAM b'tEXt' 78 25
2024-10-08 14:05:29,399 - PIL.PngImagePlugin - DEBUG - STREAM b'IDAT' 115 8192
2024-10-08 14:05:29,400 - PIL.PngImagePlugin - DEBUG - STREAM b'IHDR' 16 13
2024-10-08 14:05:29,401 - PIL.PngImagePlugin - DEBUG - STREAM b'sBIT' 41 4
2024-10-08 14:05:29,402 - PIL.PngImagePlugin - DEBUG - b'sBIT' 41 4 (unknown)
2024-10-08 14:05:29,403 - PIL.PngImagePlugin - DEBUG - STREAM b'pHYs' 57 9
2024-10-08 14:05:29,404 - PIL.PngImagePlugin - DEBUG - STREAM b'tEXt' 78 25
2024-10-08 14:05:29,404 - PIL.PngImagePlugin - DEBUG - STREAM b'IDAT' 115 8192
2024-10-08 14:05:30,027 - PIL.PngImagePlugin - DEBUG - STREAM b'IHDR' 16 13
2024-10-08 14:05:30,028 - PIL.PngImagePlugin - DEBUG - STREAM b'IDAT' 41 18855
2024-10-08 14:05:30,028 - PIL.PngImagePlugin - DEBUG - STREAM b'IHDR' 16 13
2024-10-08 14:05:30,029 - PIL.PngImagePlugin - DEBUG - STREAM b'IDAT' 41 18855
2024-10-08 14:05:31,917 - PIL.PngImagePlugin - DEBUG - STREAM b'IHDR' 16 13
2024-10-08 14:05:31,917 - PIL.PngImagePlugin - DEBUG - STREAM b'sBIT' 41 4
2024-10-08 14:05:31,917 - PIL.PngImagePlugin - DEBUG - b'sBIT' 41 4 (unknown)
2024-10-08 14:05:31,917 - PIL.PngImagePlugin - DEBUG - STREAM b'pHYs' 57 9
2024-10-08 14:05:31,917 - PIL.PngImagePlugin - DEBUG - STREAM b'tEXt' 78 25
2024-10-08 14:05:31,917 - PIL.PngImagePlugin - DEBUG - STREAM b'IDAT' 115 8192
2024-10-08 14:05:31,917 - PIL.PngImagePlugin - DEBUG - STREAM b'IHDR' 16 13
2024-10-08 14:05:31,917 - PIL.PngImagePlugin - DEBUG - STREAM b'sBIT' 41 4
2024-10-08 14:05:31,917 - PIL.PngImagePlugin - DEBUG - b'sBIT' 41 4 (unknown)
2024-10-08 14:05:31,917 - PIL.PngImagePlugin - DEBUG - STREAM b'pHYs' 57 9
2024-10-08 14:05:31,917 - PIL.PngImagePlugin - DEBUG - STREAM b'tEXt' 78 25
2024-10-08 14:05:31,933 - PIL.PngImagePlugin - DEBUG - STREAM b'IDAT' 115 8192
2024-10-08 14:05:37,196 - PIL.PngImagePlugin - DEBUG - STREAM b'IHDR' 118 13
2024-10-08 14:05:37,197 - PIL.PngImagePlugin - DEBUG - STREAM b'IDAT' 143 19041
2024-10-08 14:05:37,399 - PIL.PngImagePlugin - DEBUG - STREAM b'IHDR' 16 13
2024-10-08 14:05:37,399 - PIL.PngImagePlugin - DEBUG - STREAM b'sBIT' 41 4
2024-10-08 14:05:37,399 - PIL.PngImagePlugin - DEBUG - b'sBIT' 41 4 (unknown)
2024-10-08 14:05:37,399 - PIL.PngImagePlugin - DEBUG - STREAM b'pHYs' 57 9
2024-10-08 14:05:37,399 - PIL.PngImagePlugin - DEBUG - STREAM b'tEXt' 78 25
2024-10-08 14:05:37,415 - PIL.PngImagePlugin - DEBUG - STREAM b'IDAT' 115 8192
2024-10-08 14:05:37,415 - PIL.PngImagePlugin - DEBUG - STREAM b'IHDR' 16 13
2024-10-08 14:05:37,415 - PIL.PngImagePlugin - DEBUG - STREAM b'sBIT' 41 4
2024-10-08 14:05:37,415 - PIL.PngImagePlugin - DEBUG - b'sBIT' 41 4 (unknown)
2024-10-08 14:05:37,415 - PIL.PngImagePlugin - DEBUG - STREAM b'pHYs' 57 9
2024-10-08 14:05:37,415 - PIL.PngImagePlugin - DEBUG - STREAM b'tEXt' 78 25
2024-10-08 14:05:37,415 - PIL.PngImagePlugin - DEBUG - STREAM b'IDAT' 115 8192
2024-10-08 14:05:37,790 - PIL.PngImagePlugin - DEBUG - STREAM b'IHDR' 16 13
2024-10-08 14:05:37,790 - PIL.PngImagePlugin - DEBUG - STREAM b'IDAT' 41 18855
2024-10-08 14:05:37,790 - PIL.PngImagePlugin - DEBUG - STREAM b'IHDR' 16 13
2024-10-08 14:05:37,790 - PIL.PngImagePlugin - DEBUG - STREAM b'IDAT' 41 18855
2024-10-08 14:05:39,653 - PIL.PngImagePlugin - DEBUG - STREAM b'IHDR' 16 13
2024-10-08 14:05:39,653 - PIL.PngImagePlugin - DEBUG - STREAM b'sBIT' 41 4
2024-10-08 14:05:39,653 - PIL.PngImagePlugin - DEBUG - b'sBIT' 41 4 (unknown)
2024-10-08 14:05:39,653 - PIL.PngImagePlugin - DEBUG - STREAM b'pHYs' 57 9
2024-10-08 14:05:39,653 - PIL.PngImagePlugin - DEBUG - STREAM b'tEXt' 78 25
2024-10-08 14:05:39,653 - PIL.PngImagePlugin - DEBUG - STREAM b'IDAT' 115 8192
2024-10-08 14:05:39,653 - PIL.PngImagePlugin - DEBUG - STREAM b'IHDR' 16 13
2024-10-08 14:05:39,653 - PIL.PngImagePlugin - DEBUG - STREAM b'sBIT' 41 4
2024-10-08 14:05:39,653 - PIL.PngImagePlugin - DEBUG - b'sBIT' 41 4 (unknown)
2024-10-08 14:05:39,653 - PIL.PngImagePlugin - DEBUG - STREAM b'pHYs' 57 9
2024-10-08 14:05:39,653 - PIL.PngImagePlugin - DEBUG - STREAM b'tEXt' 78 25
2024-10-08 14:05:39,653 - PIL.PngImagePlugin - DEBUG - STREAM b'IDAT' 115 8192
2024-10-08 14:05:40,323 - PIL.PngImagePlugin - DEBUG - STREAM b'IHDR' 16 13
2024-10-08 14:05:40,325 - PIL.PngImagePlugin - DEBUG - STREAM b'sBIT' 41 4
2024-10-08 14:05:40,325 - PIL.PngImagePlugin - DEBUG - b'sBIT' 41 4 (unknown)
2024-10-08 14:05:40,325 - PIL.PngImagePlugin - DEBUG - STREAM b'pHYs' 57 9
2024-10-08 14:05:40,325 - PIL.PngImagePlugin - DEBUG - STREAM b'tEXt' 78 25
2024-10-08 14:05:40,325 - PIL.PngImagePlugin - DEBUG - STREAM b'IDAT' 115 8192
2024-10-08 14:05:40,325 - PIL.PngImagePlugin - DEBUG - STREAM b'IHDR' 16 13
2024-10-08 14:05:40,325 - PIL.PngImagePlugin - DEBUG - STREAM b'sBIT' 41 4
2024-10-08 14:05:40,325 - PIL.PngImagePlugin - DEBUG - b'sBIT' 41 4 (unknown)
2024-10-08 14:05:40,325 - PIL.PngImagePlugin - DEBUG - STREAM b'pHYs' 57 9
2024-10-08 14:05:40,325 - PIL.PngImagePlugin - DEBUG - STREAM b'tEXt' 78 25
2024-10-08 14:05:40,325 - PIL.PngImagePlugin - DEBUG - STREAM b'IDAT' 115 8192
2024-10-08 14:05:41,990 - PIL.PngImagePlugin - DEBUG - STREAM b'IHDR' 16 13
2024-10-08 14:05:41,990 - PIL.PngImagePlugin - DEBUG - STREAM b'IDAT' 41 1026
2024-10-08 14:05:41,990 - PIL.PngImagePlugin - DEBUG - STREAM b'IHDR' 16 13
2024-10-08 14:05:41,990 - PIL.PngImagePlugin - DEBUG - STREAM b'IDAT' 41 1026
2024-10-08 14:05:42,006 - PIL.PngImagePlugin - DEBUG - STREAM b'IHDR' 16 13
2024-10-08 14:05:42,006 - PIL.PngImagePlugin - DEBUG - STREAM b'sBIT' 41 4
2024-10-08 14:05:42,006 - PIL.PngImagePlugin - DEBUG - b'sBIT' 41 4 (unknown)
2024-10-08 14:05:42,006 - PIL.PngImagePlugin - DEBUG - STREAM b'pHYs' 57 9
2024-10-08 14:05:42,006 - PIL.PngImagePlugin - DEBUG - STREAM b'tEXt' 78 25
2024-10-08 14:05:42,006 - PIL.PngImagePlugin - DEBUG - STREAM b'IDAT' 115 8192
2024-10-08 14:05:42,059 - PIL.PngImagePlugin - DEBUG - STREAM b'IHDR' 16 13
2024-10-08 14:05:42,059 - PIL.PngImagePlugin - DEBUG - STREAM b'IDAT' 41 1026
2024-10-08 14:05:53,219 - PIL.PngImagePlugin - DEBUG - STREAM b'IHDR' 118 13
2024-10-08 14:05:53,220 - PIL.PngImagePlugin - DEBUG - STREAM b'IDAT' 143 19041
2024-10-08 14:05:53,557 - PIL.PngImagePlugin - DEBUG - STREAM b'IHDR' 16 13
2024-10-08 14:05:53,557 - PIL.PngImagePlugin - DEBUG - STREAM b'sBIT' 41 4
2024-10-08 14:05:53,557 - PIL.PngImagePlugin - DEBUG - b'sBIT' 41 4 (unknown)
2024-10-08 14:05:53,557 - PIL.PngImagePlugin - DEBUG - STREAM b'pHYs' 57 9
2024-10-08 14:05:53,557 - PIL.PngImagePlugin - DEBUG - STREAM b'tEXt' 78 25
2024-10-08 14:05:53,557 - PIL.PngImagePlugin - DEBUG - STREAM b'IDAT' 115 8192
2024-10-08 14:05:53,557 - PIL.PngImagePlugin - DEBUG - STREAM b'IHDR' 16 13
2024-10-08 14:05:53,557 - PIL.PngImagePlugin - DEBUG - STREAM b'sBIT' 41 4
2024-10-08 14:05:53,557 - PIL.PngImagePlugin - DEBUG - b'sBIT' 41 4 (unknown)
2024-10-08 14:05:53,557 - PIL.PngImagePlugin - DEBUG - STREAM b'pHYs' 57 9
2024-10-08 14:05:53,557 - PIL.PngImagePlugin - DEBUG - STREAM b'tEXt' 78 25
2024-10-08 14:05:53,557 - PIL.PngImagePlugin - DEBUG - STREAM b'IDAT' 115 8192
2024-10-08 14:05:54,041 - PIL.PngImagePlugin - DEBUG - STREAM b'IHDR' 16 13
2024-10-08 14:05:54,041 - PIL.PngImagePlugin - DEBUG - STREAM b'IDAT' 41 18855
2024-10-08 14:05:54,041 - PIL.PngImagePlugin - DEBUG - STREAM b'IHDR' 16 13
2024-10-08 14:05:54,041 - PIL.PngImagePlugin - DEBUG - STREAM b'IDAT' 41 18855
2024-10-08 14:05:55,275 - PIL.PngImagePlugin - DEBUG - STREAM b'IHDR' 16 13
2024-10-08 14:05:55,277 - PIL.PngImagePlugin - DEBUG - STREAM b'sBIT' 41 4
2024-10-08 14:05:55,286 - PIL.PngImagePlugin - DEBUG - b'sBIT' 41 4 (unknown)
2024-10-08 14:05:55,286 - PIL.PngImagePlugin - DEBUG - STREAM b'pHYs' 57 9
2024-10-08 14:05:55,288 - PIL.PngImagePlugin - DEBUG - STREAM b'tEXt' 78 25
2024-10-08 14:05:55,288 - PIL.PngImagePlugin - DEBUG - STREAM b'IDAT' 115 8192
2024-10-08 14:05:55,289 - PIL.PngImagePlugin - DEBUG - STREAM b'IHDR' 16 13
2024-10-08 14:05:55,290 - PIL.PngImagePlugin - DEBUG - STREAM b'sBIT' 41 4
2024-10-08 14:05:55,290 - PIL.PngImagePlugin - DEBUG - b'sBIT' 41 4 (unknown)
2024-10-08 14:05:55,291 - PIL.PngImagePlugin - DEBUG - STREAM b'pHYs' 57 9
2024-10-08 14:05:55,291 - PIL.PngImagePlugin - DEBUG - STREAM b'tEXt' 78 25
2024-10-08 14:05:55,292 - PIL.PngImagePlugin - DEBUG - STREAM b'IDAT' 115 8192
2024-10-08 15:22:08,340 - PIL.PngImagePlugin - DEBUG - STREAM b'IHDR' 118 13
2024-10-08 15:22:12,700 - PIL.PngImagePlugin - DEBUG - STREAM b'IDAT' 143 19041
2024-10-08 15:22:45,571 - PIL.PngImagePlugin - DEBUG - STREAM b'IHDR' 16 13
2024-10-08 15:22:45,571 - PIL.PngImagePlugin - DEBUG - STREAM b'sBIT' 41 4
2024-10-08 15:22:45,571 - PIL.PngImagePlugin - DEBUG - b'sBIT' 41 4 (unknown)
2024-10-08 15:22:45,571 - PIL.PngImagePlugin - DEBUG - STREAM b'pHYs' 57 9
2024-10-08 15:22:45,571 - PIL.PngImagePlugin - DEBUG - STREAM b'tEXt' 78 25
2024-10-08 15:22:45,791 - PIL.PngImagePlugin - DEBUG - STREAM b'IDAT' 115 8192
2024-10-08 15:22:45,884 - PIL.PngImagePlugin - DEBUG - STREAM b'IHDR' 16 13
2024-10-08 15:22:45,884 - PIL.PngImagePlugin - DEBUG - STREAM b'sBIT' 41 4
2024-10-08 15:22:45,884 - PIL.PngImagePlugin - DEBUG - b'sBIT' 41 4 (unknown)
2024-10-08 15:22:45,884 - PIL.PngImagePlugin - DEBUG - STREAM b'pHYs' 57 9
2024-10-08 15:22:45,884 - PIL.PngImagePlugin - DEBUG - STREAM b'tEXt' 78 25
2024-10-08 15:22:45,884 - PIL.PngImagePlugin - DEBUG - STREAM b'IDAT' 115 8192
2024-10-08 15:26:07,381 - PIL.PngImagePlugin - DEBUG - STREAM b'IHDR' 118 13
2024-10-08 15:26:07,381 - PIL.PngImagePlugin - DEBUG - STREAM b'IDAT' 143 19041
2024-10-08 15:26:07,846 - PIL.PngImagePlugin - DEBUG - STREAM b'IHDR' 16 13
2024-10-08 15:26:07,847 - PIL.PngImagePlugin - DEBUG - STREAM b'sBIT' 41 4
2024-10-08 15:26:07,847 - PIL.PngImagePlugin - DEBUG - b'sBIT' 41 4 (unknown)
2024-10-08 15:26:07,848 - PIL.PngImagePlugin - DEBUG - STREAM b'pHYs' 57 9
2024-10-08 15:26:07,848 - PIL.PngImagePlugin - DEBUG - STREAM b'tEXt' 78 25
2024-10-08 15:26:07,849 - PIL.PngImagePlugin - DEBUG - STREAM b'IDAT' 115 8192
2024-10-08 15:26:07,850 - PIL.PngImagePlugin - DEBUG - STREAM b'IHDR' 16 13
2024-10-08 15:26:07,850 - PIL.PngImagePlugin - DEBUG - STREAM b'sBIT' 41 4
2024-10-08 15:26:07,851 - PIL.PngImagePlugin - DEBUG - b'sBIT' 41 4 (unknown)
2024-10-08 15:26:07,851 - PIL.PngImagePlugin - DEBUG - STREAM b'pHYs' 57 9
2024-10-08 15:26:07,851 - PIL.PngImagePlugin - DEBUG - STREAM b'tEXt' 78 25
2024-10-08 15:26:07,852 - PIL.PngImagePlugin - DEBUG - STREAM b'IDAT' 115 8192
2024-10-08 15:26:08,609 - PIL.PngImagePlugin - DEBUG - STREAM b'IHDR' 118 13
2024-10-08 15:26:08,610 - PIL.PngImagePlugin - DEBUG - STREAM b'IDAT' 143 19041
2024-10-08 15:26:08,859 - PIL.PngImagePlugin - DEBUG - STREAM b'IHDR' 16 13
2024-10-08 15:26:08,860 - PIL.PngImagePlugin - DEBUG - STREAM b'sBIT' 41 4
2024-10-08 15:26:08,860 - PIL.PngImagePlugin - DEBUG - b'sBIT' 41 4 (unknown)
2024-10-08 15:26:08,860 - PIL.PngImagePlugin - DEBUG - STREAM b'pHYs' 57 9
2024-10-08 15:26:08,860 - PIL.PngImagePlugin - DEBUG - STREAM b'tEXt' 78 25
2024-10-08 15:26:08,861 - PIL.PngImagePlugin - DEBUG - STREAM b'IDAT' 115 8192
2024-10-08 15:26:08,861 - PIL.PngImagePlugin - DEBUG - STREAM b'IHDR' 16 13
2024-10-08 15:26:08,863 - PIL.PngImagePlugin - DEBUG - STREAM b'sBIT' 41 4
2024-10-08 15:26:08,863 - PIL.PngImagePlugin - DEBUG - b'sBIT' 41 4 (unknown)
2024-10-08 15:26:08,863 - PIL.PngImagePlugin - DEBUG - STREAM b'pHYs' 57 9
2024-10-08 15:26:08,863 - PIL.PngImagePlugin - DEBUG - STREAM b'tEXt' 78 25
2024-10-08 15:26:08,864 - PIL.PngImagePlugin - DEBUG - STREAM b'IDAT' 115 8192
2024-10-08 15:26:10,277 - PIL.PngImagePlugin - DEBUG - STREAM b'IHDR' 16 13
2024-10-08 15:26:10,277 - PIL.PngImagePlugin - DEBUG - STREAM b'IDAT' 41 18855
2024-10-08 15:26:10,278 - PIL.PngImagePlugin - DEBUG - STREAM b'IHDR' 16 13
2024-10-08 15:26:10,279 - PIL.PngImagePlugin - DEBUG - STREAM b'IDAT' 41 18855
2024-10-08 15:26:31,946 - PIL.PngImagePlugin - DEBUG - STREAM b'IHDR' 118 13
2024-10-08 15:26:31,946 - PIL.PngImagePlugin - DEBUG - STREAM b'IDAT' 143 19041
2024-10-08 15:26:32,413 - PIL.PngImagePlugin - DEBUG - STREAM b'IHDR' 16 13
2024-10-08 15:26:32,422 - PIL.PngImagePlugin - DEBUG - STREAM b'sBIT' 41 4
2024-10-08 15:26:32,423 - PIL.PngImagePlugin - DEBUG - b'sBIT' 41 4 (unknown)
2024-10-08 15:26:32,424 - PIL.PngImagePlugin - DEBUG - STREAM b'pHYs' 57 9
2024-10-08 15:26:32,425 - PIL.PngImagePlugin - DEBUG - STREAM b'tEXt' 78 25
2024-10-08 15:26:32,427 - PIL.PngImagePlugin - DEBUG - STREAM b'IDAT' 115 8192
2024-10-08 15:26:32,428 - PIL.PngImagePlugin - DEBUG - STREAM b'IHDR' 16 13
2024-10-08 15:26:32,429 - PIL.PngImagePlugin - DEBUG - STREAM b'sBIT' 41 4
2024-10-08 15:26:32,429 - PIL.PngImagePlugin - DEBUG - b'sBIT' 41 4 (unknown)
2024-10-08 15:26:32,429 - PIL.PngImagePlugin - DEBUG - STREAM b'pHYs' 57 9
2024-10-08 15:26:32,429 - PIL.PngImagePlugin - DEBUG - STREAM b'tEXt' 78 25
2024-10-08 15:26:32,429 - PIL.PngImagePlugin - DEBUG - STREAM b'IDAT' 115 8192
2024-10-08 15:26:32,755 - PIL.PngImagePlugin - DEBUG - STREAM b'IHDR' 16 13
2024-10-08 15:26:32,756 - PIL.PngImagePlugin - DEBUG - STREAM b'IDAT' 41 18855
2024-10-08 15:26:32,757 - PIL.PngImagePlugin - DEBUG - STREAM b'IHDR' 16 13
2024-10-08 15:26:32,757 - PIL.PngImagePlugin - DEBUG - STREAM b'IDAT' 41 18855
2024-10-08 15:26:40,822 - PIL.PngImagePlugin - DEBUG - STREAM b'IHDR' 16 13
2024-10-08 15:26:40,822 - PIL.PngImagePlugin - DEBUG - STREAM b'sBIT' 41 4
2024-10-08 15:26:40,822 - PIL.PngImagePlugin - DEBUG - b'sBIT' 41 4 (unknown)
2024-10-08 15:26:40,822 - PIL.PngImagePlugin - DEBUG - STREAM b'pHYs' 57 9
2024-10-08 15:26:40,822 - PIL.PngImagePlugin - DEBUG - STREAM b'tEXt' 78 25
2024-10-08 15:26:40,822 - PIL.PngImagePlugin - DEBUG - STREAM b'IDAT' 115 8192
2024-10-08 15:26:40,822 - PIL.PngImagePlugin - DEBUG - STREAM b'IHDR' 16 13
2024-10-08 15:26:40,822 - PIL.PngImagePlugin - DEBUG - STREAM b'sBIT' 41 4
2024-10-08 15:26:40,822 - PIL.PngImagePlugin - DEBUG - b'sBIT' 41 4 (unknown)
2024-10-08 15:26:40,822 - PIL.PngImagePlugin - DEBUG - STREAM b'pHYs' 57 9
2024-10-08 15:26:40,822 - PIL.PngImagePlugin - DEBUG - STREAM b'tEXt' 78 25
2024-10-08 15:26:40,822 - PIL.PngImagePlugin - DEBUG - STREAM b'IDAT' 115 8192
2024-10-08 15:27:17,385 - PIL.PngImagePlugin - DEBUG - STREAM b'IHDR' 118 13
2024-10-08 15:27:17,386 - PIL.PngImagePlugin - DEBUG - STREAM b'IDAT' 143 19041
2024-10-08 15:27:21,321 - PIL.PngImagePlugin - DEBUG - STREAM b'IHDR' 16 13
2024-10-08 15:27:21,322 - PIL.PngImagePlugin - DEBUG - STREAM b'sBIT' 41 4
2024-10-08 15:27:21,323 - PIL.PngImagePlugin - DEBUG - b'sBIT' 41 4 (unknown)
2024-10-08 15:27:21,324 - PIL.PngImagePlugin - DEBUG - STREAM b'pHYs' 57 9
2024-10-08 15:27:21,324 - PIL.PngImagePlugin - DEBUG - STREAM b'tEXt' 78 25
2024-10-08 15:27:21,325 - PIL.PngImagePlugin - DEBUG - STREAM b'IDAT' 115 8192
2024-10-08 15:27:21,326 - PIL.PngImagePlugin - DEBUG - STREAM b'IHDR' 16 13
2024-10-08 15:27:21,326 - PIL.PngImagePlugin - DEBUG - STREAM b'sBIT' 41 4
2024-10-08 15:27:21,327 - PIL.PngImagePlugin - DEBUG - b'sBIT' 41 4 (unknown)
2024-10-08 15:27:21,327 - PIL.PngImagePlugin - DEBUG - STREAM b'pHYs' 57 9
2024-10-08 15:27:21,328 - PIL.PngImagePlugin - DEBUG - STREAM b'tEXt' 78 25
2024-10-08 15:27:21,328 - PIL.PngImagePlugin - DEBUG - STREAM b'IDAT' 115 8192
2024-10-08 15:27:24,199 - PIL.PngImagePlugin - DEBUG - STREAM b'IHDR' 118 13
2024-10-08 15:27:24,202 - PIL.PngImagePlugin - DEBUG - STREAM b'IHDR' 118 13
2024-10-08 15:27:24,204 - PIL.PngImagePlugin - DEBUG - STREAM b'IDAT' 143 19041
2024-10-08 15:27:24,205 - PIL.PngImagePlugin - DEBUG - STREAM b'IDAT' 143 19041
2024-10-08 15:27:24,815 - PIL.PngImagePlugin - DEBUG - STREAM b'IHDR' 16 13
2024-10-08 15:27:24,816 - PIL.PngImagePlugin - DEBUG - STREAM b'sBIT' 41 4
2024-10-08 15:27:24,818 - PIL.PngImagePlugin - DEBUG - b'sBIT' 41 4 (unknown)
2024-10-08 15:27:24,819 - PIL.PngImagePlugin - DEBUG - STREAM b'pHYs' 57 9
2024-10-08 15:27:24,819 - PIL.PngImagePlugin - DEBUG - STREAM b'tEXt' 78 25
2024-10-08 15:27:24,820 - PIL.PngImagePlugin - DEBUG - STREAM b'IDAT' 115 8192
2024-10-08 15:27:24,820 - PIL.PngImagePlugin - DEBUG - STREAM b'IHDR' 16 13
2024-10-08 15:27:24,821 - PIL.PngImagePlugin - DEBUG - STREAM b'sBIT' 41 4
2024-10-08 15:27:24,821 - PIL.PngImagePlugin - DEBUG - b'sBIT' 41 4 (unknown)
2024-10-08 15:27:24,822 - PIL.PngImagePlugin - DEBUG - STREAM b'pHYs' 57 9
2024-10-08 15:27:24,822 - PIL.PngImagePlugin - DEBUG - STREAM b'tEXt' 78 25
2024-10-08 15:27:24,823 - PIL.PngImagePlugin - DEBUG - STREAM b'IDAT' 115 8192
2024-10-08 15:27:24,856 - PIL.PngImagePlugin - DEBUG - STREAM b'IHDR' 16 13
2024-10-08 15:27:24,857 - PIL.PngImagePlugin - DEBUG - STREAM b'sBIT' 41 4
2024-10-08 15:27:24,857 - PIL.PngImagePlugin - DEBUG - b'sBIT' 41 4 (unknown)
2024-10-08 15:27:24,858 - PIL.PngImagePlugin - DEBUG - STREAM b'pHYs' 57 9
2024-10-08 15:27:24,858 - PIL.PngImagePlugin - DEBUG - STREAM b'tEXt' 78 25
2024-10-08 15:27:24,859 - PIL.PngImagePlugin - DEBUG - STREAM b'IDAT' 115 8192
2024-10-08 15:27:24,860 - PIL.PngImagePlugin - DEBUG - STREAM b'IHDR' 16 13
2024-10-08 15:27:24,860 - PIL.PngImagePlugin - DEBUG - STREAM b'sBIT' 41 4
2024-10-08 15:27:24,861 - PIL.PngImagePlugin - DEBUG - b'sBIT' 41 4 (unknown)
2024-10-08 15:27:24,861 - PIL.PngImagePlugin - DEBUG - STREAM b'pHYs' 57 9
2024-10-08 15:27:24,863 - PIL.PngImagePlugin - DEBUG - STREAM b'tEXt' 78 25
2024-10-08 15:27:24,863 - PIL.PngImagePlugin - DEBUG - STREAM b'IDAT' 115 8192
2024-10-08 15:27:25,554 - PIL.PngImagePlugin - DEBUG - STREAM b'IHDR' 16 13
2024-10-08 15:27:25,555 - PIL.PngImagePlugin - DEBUG - STREAM b'IDAT' 41 18855
2024-10-08 15:27:25,556 - PIL.PngImagePlugin - DEBUG - STREAM b'IHDR' 16 13
2024-10-08 15:27:25,557 - PIL.PngImagePlugin - DEBUG - STREAM b'IDAT' 41 18855
2024-10-08 15:27:26,458 - PIL.PngImagePlugin - DEBUG - STREAM b'IHDR' 16 13
2024-10-08 15:27:26,459 - PIL.PngImagePlugin - DEBUG - STREAM b'sBIT' 41 4
2024-10-08 15:27:26,460 - PIL.PngImagePlugin - DEBUG - b'sBIT' 41 4 (unknown)
2024-10-08 15:27:26,460 - PIL.PngImagePlugin - DEBUG - STREAM b'pHYs' 57 9
2024-10-08 15:27:26,461 - PIL.PngImagePlugin - DEBUG - STREAM b'tEXt' 78 25
2024-10-08 15:27:26,461 - PIL.PngImagePlugin - DEBUG - STREAM b'IDAT' 115 8192
2024-10-08 15:27:26,462 - PIL.PngImagePlugin - DEBUG - STREAM b'IHDR' 16 13
2024-10-08 15:27:26,462 - PIL.PngImagePlugin - DEBUG - STREAM b'sBIT' 41 4
2024-10-08 15:27:26,464 - PIL.PngImagePlugin - DEBUG - b'sBIT' 41 4 (unknown)
2024-10-08 15:27:26,466 - PIL.PngImagePlugin - DEBUG - STREAM b'pHYs' 57 9
2024-10-08 15:27:26,490 - PIL.PngImagePlugin - DEBUG - STREAM b'tEXt' 78 25
2024-10-08 15:27:26,490 - PIL.PngImagePlugin - DEBUG - STREAM b'IDAT' 115 8192
2024-10-08 15:27:35,296 - PIL.PngImagePlugin - DEBUG - STREAM b'IHDR' 118 13
2024-10-08 15:27:35,297 - PIL.PngImagePlugin - DEBUG - STREAM b'IDAT' 143 19041
2024-10-08 15:27:35,994 - PIL.PngImagePlugin - DEBUG - STREAM b'IHDR' 16 13
2024-10-08 15:27:35,995 - PIL.PngImagePlugin - DEBUG - STREAM b'sBIT' 41 4
2024-10-08 15:27:35,995 - PIL.PngImagePlugin - DEBUG - b'sBIT' 41 4 (unknown)
2024-10-08 15:27:35,996 - PIL.PngImagePlugin - DEBUG - STREAM b'pHYs' 57 9
2024-10-08 15:27:35,996 - PIL.PngImagePlugin - DEBUG - STREAM b'tEXt' 78 25
2024-10-08 15:27:35,997 - PIL.PngImagePlugin - DEBUG - STREAM b'IDAT' 115 8192
2024-10-08 15:27:35,998 - PIL.PngImagePlugin - DEBUG - STREAM b'IHDR' 16 13
2024-10-08 15:27:35,998 - PIL.PngImagePlugin - DEBUG - STREAM b'sBIT' 41 4
2024-10-08 15:27:35,998 - PIL.PngImagePlugin - DEBUG - b'sBIT' 41 4 (unknown)
2024-10-08 15:27:35,998 - PIL.PngImagePlugin - DEBUG - STREAM b'pHYs' 57 9
2024-10-08 15:27:35,999 - PIL.PngImagePlugin - DEBUG - STREAM b'tEXt' 78 25
2024-10-08 15:27:35,999 - PIL.PngImagePlugin - DEBUG - STREAM b'IDAT' 115 8192
2024-10-08 15:27:36,693 - PIL.PngImagePlugin - DEBUG - STREAM b'IHDR' 16 13
2024-10-08 15:27:36,695 - PIL.PngImagePlugin - DEBUG - STREAM b'IDAT' 41 18855
2024-10-08 15:27:36,696 - PIL.PngImagePlugin - DEBUG - STREAM b'IHDR' 16 13
2024-10-08 15:27:36,696 - PIL.PngImagePlugin - DEBUG - STREAM b'IDAT' 41 18855
2024-10-08 15:27:39,002 - PIL.PngImagePlugin - DEBUG - STREAM b'IHDR' 16 13
2024-10-08 15:27:39,003 - PIL.PngImagePlugin - DEBUG - STREAM b'sBIT' 41 4
2024-10-08 15:27:39,004 - PIL.PngImagePlugin - DEBUG - b'sBIT' 41 4 (unknown)
2024-10-08 15:27:39,005 - PIL.PngImagePlugin - DEBUG - STREAM b'pHYs' 57 9
2024-10-08 15:27:39,006 - PIL.PngImagePlugin - DEBUG - STREAM b'tEXt' 78 25
2024-10-08 15:27:39,006 - PIL.PngImagePlugin - DEBUG - STREAM b'IDAT' 115 8192
2024-10-08 15:27:39,007 - PIL.PngImagePlugin - DEBUG - STREAM b'IHDR' 16 13
2024-10-08 15:27:39,008 - PIL.PngImagePlugin - DEBUG - STREAM b'sBIT' 41 4
2024-10-08 15:27:39,009 - PIL.PngImagePlugin - DEBUG - b'sBIT' 41 4 (unknown)
2024-10-08 15:27:39,009 - PIL.PngImagePlugin - DEBUG - STREAM b'pHYs' 57 9
2024-10-08 15:27:39,010 - PIL.PngImagePlugin - DEBUG - STREAM b'tEXt' 78 25
2024-10-08 15:27:39,010 - PIL.PngImagePlugin - DEBUG - STREAM b'IDAT' 115 8192
2024-10-08 15:27:44,638 - PIL.PngImagePlugin - DEBUG - STREAM b'IHDR' 118 13
2024-10-08 15:27:44,639 - PIL.PngImagePlugin - DEBUG - STREAM b'IDAT' 143 19041
2024-10-08 15:27:45,129 - PIL.PngImagePlugin - DEBUG - STREAM b'IHDR' 16 13
2024-10-08 15:27:45,130 - PIL.PngImagePlugin - DEBUG - STREAM b'sBIT' 41 4
2024-10-08 15:27:45,142 - PIL.PngImagePlugin - DEBUG - b'sBIT' 41 4 (unknown)
2024-10-08 15:27:45,143 - PIL.PngImagePlugin - DEBUG - STREAM b'pHYs' 57 9
2024-10-08 15:27:45,143 - PIL.PngImagePlugin - DEBUG - STREAM b'tEXt' 78 25
2024-10-08 15:27:45,144 - PIL.PngImagePlugin - DEBUG - STREAM b'IDAT' 115 8192
2024-10-08 15:27:45,144 - PIL.PngImagePlugin - DEBUG - STREAM b'IHDR' 16 13
2024-10-08 15:27:45,145 - PIL.PngImagePlugin - DEBUG - STREAM b'sBIT' 41 4
2024-10-08 15:27:45,146 - PIL.PngImagePlugin - DEBUG - b'sBIT' 41 4 (unknown)
2024-10-08 15:27:45,148 - PIL.PngImagePlugin - DEBUG - STREAM b'pHYs' 57 9
2024-10-08 15:27:45,149 - PIL.PngImagePlugin - DEBUG - STREAM b'tEXt' 78 25
2024-10-08 15:27:45,149 - PIL.PngImagePlugin - DEBUG - STREAM b'IDAT' 115 8192
2024-10-08 15:27:47,403 - PIL.PngImagePlugin - DEBUG - STREAM b'IHDR' 16 13
2024-10-08 15:27:47,403 - PIL.PngImagePlugin - DEBUG - STREAM b'IDAT' 41 18855
2024-10-08 15:27:47,403 - PIL.PngImagePlugin - DEBUG - STREAM b'IHDR' 16 13
2024-10-08 15:27:47,403 - PIL.PngImagePlugin - DEBUG - STREAM b'IDAT' 41 18855
2024-10-08 15:27:48,236 - PIL.PngImagePlugin - DEBUG - STREAM b'IHDR' 16 13
2024-10-08 15:27:48,237 - PIL.PngImagePlugin - DEBUG - STREAM b'sBIT' 41 4
2024-10-08 15:27:48,238 - PIL.PngImagePlugin - DEBUG - b'sBIT' 41 4 (unknown)
2024-10-08 15:27:48,238 - PIL.PngImagePlugin - DEBUG - STREAM b'pHYs' 57 9
2024-10-08 15:27:48,239 - PIL.PngImagePlugin - DEBUG - STREAM b'tEXt' 78 25
2024-10-08 15:27:48,239 - PIL.PngImagePlugin - DEBUG - STREAM b'IDAT' 115 8192
2024-10-08 15:27:48,240 - PIL.PngImagePlugin - DEBUG - STREAM b'IHDR' 16 13
2024-10-08 15:27:48,240 - PIL.PngImagePlugin - DEBUG - STREAM b'sBIT' 41 4
2024-10-08 15:27:48,241 - PIL.PngImagePlugin - DEBUG - b'sBIT' 41 4 (unknown)
2024-10-08 15:27:48,241 - PIL.PngImagePlugin - DEBUG - STREAM b'pHYs' 57 9
2024-10-08 15:27:48,246 - PIL.PngImagePlugin - DEBUG - STREAM b'tEXt' 78 25
2024-10-08 15:27:48,247 - PIL.PngImagePlugin - DEBUG - STREAM b'IDAT' 115 8192
2024-10-08 15:27:52,604 - PIL.PngImagePlugin - DEBUG - STREAM b'IHDR' 118 13
2024-10-08 15:27:52,604 - PIL.PngImagePlugin - DEBUG - STREAM b'IDAT' 143 19041
2024-10-08 15:27:53,471 - PIL.PngImagePlugin - DEBUG - STREAM b'IHDR' 16 13
2024-10-08 15:27:53,473 - PIL.PngImagePlugin - DEBUG - STREAM b'sBIT' 41 4
2024-10-08 15:27:53,474 - PIL.PngImagePlugin - DEBUG - b'sBIT' 41 4 (unknown)
2024-10-08 15:27:53,475 - PIL.PngImagePlugin - DEBUG - STREAM b'pHYs' 57 9
2024-10-08 15:27:53,475 - PIL.PngImagePlugin - DEBUG - STREAM b'tEXt' 78 25
2024-10-08 15:27:53,476 - PIL.PngImagePlugin - DEBUG - STREAM b'IDAT' 115 8192
2024-10-08 15:27:53,477 - PIL.PngImagePlugin - DEBUG - STREAM b'IHDR' 16 13
2024-10-08 15:27:53,482 - PIL.PngImagePlugin - DEBUG - STREAM b'sBIT' 41 4
2024-10-08 15:27:53,483 - PIL.PngImagePlugin - DEBUG - b'sBIT' 41 4 (unknown)
2024-10-08 15:27:53,484 - PIL.PngImagePlugin - DEBUG - STREAM b'pHYs' 57 9
2024-10-08 15:27:53,484 - PIL.PngImagePlugin - DEBUG - STREAM b'tEXt' 78 25
2024-10-08 15:27:53,490 - PIL.PngImagePlugin - DEBUG - STREAM b'IDAT' 115 8192
2024-10-08 15:27:54,752 - PIL.PngImagePlugin - DEBUG - STREAM b'IHDR' 16 13
2024-10-08 15:27:54,752 - PIL.PngImagePlugin - DEBUG - STREAM b'IDAT' 41 18855
2024-10-08 15:27:54,752 - PIL.PngImagePlugin - DEBUG - STREAM b'IHDR' 16 13
2024-10-08 15:27:54,752 - PIL.PngImagePlugin - DEBUG - STREAM b'IDAT' 41 18855
2024-10-08 15:27:55,560 - PIL.PngImagePlugin - DEBUG - STREAM b'IHDR' 16 13
2024-10-08 15:27:55,561 - PIL.PngImagePlugin - DEBUG - STREAM b'sBIT' 41 4
2024-10-08 15:27:55,562 - PIL.PngImagePlugin - DEBUG - b'sBIT' 41 4 (unknown)
2024-10-08 15:27:55,563 - PIL.PngImagePlugin - DEBUG - STREAM b'pHYs' 57 9
2024-10-08 15:27:55,563 - PIL.PngImagePlugin - DEBUG - STREAM b'tEXt' 78 25
2024-10-08 15:27:55,564 - PIL.PngImagePlugin - DEBUG - STREAM b'IDAT' 115 8192
2024-10-08 15:27:55,565 - PIL.PngImagePlugin - DEBUG - STREAM b'IHDR' 16 13
2024-10-08 15:27:55,572 - PIL.PngImagePlugin - DEBUG - STREAM b'sBIT' 41 4
2024-10-08 15:27:55,573 - PIL.PngImagePlugin - DEBUG - b'sBIT' 41 4 (unknown)
2024-10-08 15:27:55,574 - PIL.PngImagePlugin - DEBUG - STREAM b'pHYs' 57 9
2024-10-08 15:27:55,574 - PIL.PngImagePlugin - DEBUG - STREAM b'tEXt' 78 25
2024-10-08 15:27:55,575 - PIL.PngImagePlugin - DEBUG - STREAM b'IDAT' 115 8192
2024-10-08 15:27:56,601 - PIL.PngImagePlugin - DEBUG - STREAM b'IHDR' 16 13
2024-10-08 15:27:56,604 - PIL.PngImagePlugin - DEBUG - STREAM b'sBIT' 41 4
2024-10-08 15:27:56,604 - PIL.PngImagePlugin - DEBUG - b'sBIT' 41 4 (unknown)
2024-10-08 15:27:56,605 - PIL.PngImagePlugin - DEBUG - STREAM b'pHYs' 57 9
2024-10-08 15:27:56,606 - PIL.PngImagePlugin - DEBUG - STREAM b'tEXt' 78 25
2024-10-08 15:27:56,606 - PIL.PngImagePlugin - DEBUG - STREAM b'IDAT' 115 8192
2024-10-08 15:27:56,607 - PIL.PngImagePlugin - DEBUG - STREAM b'IHDR' 16 13
2024-10-08 15:27:56,607 - PIL.PngImagePlugin - DEBUG - STREAM b'sBIT' 41 4
2024-10-08 15:27:56,608 - PIL.PngImagePlugin - DEBUG - b'sBIT' 41 4 (unknown)
2024-10-08 15:27:56,609 - PIL.PngImagePlugin - DEBUG - STREAM b'pHYs' 57 9
2024-10-08 15:27:56,609 - PIL.PngImagePlugin - DEBUG - STREAM b'tEXt' 78 25
2024-10-08 15:27:56,610 - PIL.PngImagePlugin - DEBUG - STREAM b'IDAT' 115 8192
2024-10-08 15:28:13,806 - PIL.PngImagePlugin - DEBUG - STREAM b'IHDR' 16 13
2024-10-08 15:28:13,807 - PIL.PngImagePlugin - DEBUG - STREAM b'IDAT' 41 1071
2024-10-08 15:28:13,808 - PIL.PngImagePlugin - DEBUG - STREAM b'IHDR' 16 13
2024-10-08 15:28:13,808 - PIL.PngImagePlugin - DEBUG - STREAM b'IDAT' 41 1071
2024-10-08 15:28:13,917 - PIL.PngImagePlugin - DEBUG - STREAM b'IHDR' 16 13
2024-10-08 15:28:13,918 - PIL.PngImagePlugin - DEBUG - STREAM b'sBIT' 41 4
2024-10-08 15:28:13,918 - PIL.PngImagePlugin - DEBUG - b'sBIT' 41 4 (unknown)
2024-10-08 15:28:13,919 - PIL.PngImagePlugin - DEBUG - STREAM b'pHYs' 57 9
2024-10-08 15:28:13,919 - PIL.PngImagePlugin - DEBUG - STREAM b'tEXt' 78 25
2024-10-08 15:28:13,919 - PIL.PngImagePlugin - DEBUG - STREAM b'IDAT' 115 8192
2024-10-08 15:28:14,446 - PIL.PngImagePlugin - DEBUG - STREAM b'IHDR' 16 13
2024-10-08 15:28:14,446 - PIL.PngImagePlugin - DEBUG - STREAM b'IDAT' 41 1071
2024-10-08 15:28:24,323 - PIL.PngImagePlugin - DEBUG - STREAM b'IHDR' 118 13
2024-10-08 15:28:24,329 - PIL.PngImagePlugin - DEBUG - STREAM b'IDAT' 143 19041
2024-10-08 15:28:24,562 - PIL.PngImagePlugin - DEBUG - STREAM b'IHDR' 16 13
2024-10-08 15:28:24,562 - PIL.PngImagePlugin - DEBUG - STREAM b'sBIT' 41 4
2024-10-08 15:28:24,562 - PIL.PngImagePlugin - DEBUG - b'sBIT' 41 4 (unknown)
2024-10-08 15:28:24,562 - PIL.PngImagePlugin - DEBUG - STREAM b'pHYs' 57 9
2024-10-08 15:28:24,562 - PIL.PngImagePlugin - DEBUG - STREAM b'tEXt' 78 25
2024-10-08 15:28:24,562 - PIL.PngImagePlugin - DEBUG - STREAM b'IDAT' 115 8192
2024-10-08 15:28:24,562 - PIL.PngImagePlugin - DEBUG - STREAM b'IHDR' 16 13
2024-10-08 15:28:24,562 - PIL.PngImagePlugin - DEBUG - STREAM b'sBIT' 41 4
2024-10-08 15:28:24,562 - PIL.PngImagePlugin - DEBUG - b'sBIT' 41 4 (unknown)
2024-10-08 15:28:24,562 - PIL.PngImagePlugin - DEBUG - STREAM b'pHYs' 57 9
2024-10-08 15:28:24,562 - PIL.PngImagePlugin - DEBUG - STREAM b'tEXt' 78 25
2024-10-08 15:28:24,562 - PIL.PngImagePlugin - DEBUG - STREAM b'IDAT' 115 8192
2024-10-08 15:28:24,780 - PIL.PngImagePlugin - DEBUG - STREAM b'IHDR' 16 13
2024-10-08 15:28:24,780 - PIL.PngImagePlugin - DEBUG - STREAM b'IDAT' 41 18855
2024-10-08 15:28:24,780 - PIL.PngImagePlugin - DEBUG - STREAM b'IHDR' 16 13
2024-10-08 15:28:24,780 - PIL.PngImagePlugin - DEBUG - STREAM b'IDAT' 41 18855
2024-10-08 15:28:25,854 - PIL.PngImagePlugin - DEBUG - STREAM b'IHDR' 16 13
2024-10-08 15:28:25,923 - PIL.PngImagePlugin - DEBUG - STREAM b'sBIT' 41 4
2024-10-08 15:28:25,953 - PIL.PngImagePlugin - DEBUG - b'sBIT' 41 4 (unknown)
2024-10-08 15:28:25,953 - PIL.PngImagePlugin - DEBUG - STREAM b'pHYs' 57 9
2024-10-08 15:28:25,954 - PIL.PngImagePlugin - DEBUG - STREAM b'tEXt' 78 25
2024-10-08 15:28:25,954 - PIL.PngImagePlugin - DEBUG - STREAM b'IDAT' 115 8192
2024-10-08 15:28:25,955 - PIL.PngImagePlugin - DEBUG - STREAM b'IHDR' 16 13
2024-10-08 15:28:25,972 - PIL.PngImagePlugin - DEBUG - STREAM b'sBIT' 41 4
2024-10-08 15:28:25,987 - PIL.PngImagePlugin - DEBUG - b'sBIT' 41 4 (unknown)
2024-10-08 15:28:25,987 - PIL.PngImagePlugin - DEBUG - STREAM b'pHYs' 57 9
2024-10-08 15:28:25,988 - PIL.PngImagePlugin - DEBUG - STREAM b'tEXt' 78 25
2024-10-08 15:28:25,988 - PIL.PngImagePlugin - DEBUG - STREAM b'IDAT' 115 8192
2024-10-08 15:33:32,930 - PIL.PngImagePlugin - DEBUG - STREAM b'IHDR' 118 13
2024-10-08 15:33:32,943 - PIL.PngImagePlugin - DEBUG - STREAM b'IDAT' 143 19041
2024-10-08 15:33:33,550 - PIL.PngImagePlugin - DEBUG - STREAM b'IHDR' 16 13
2024-10-08 15:33:33,550 - PIL.PngImagePlugin - DEBUG - STREAM b'sBIT' 41 4
2024-10-08 15:33:33,550 - PIL.PngImagePlugin - DEBUG - b'sBIT' 41 4 (unknown)
2024-10-08 15:33:33,550 - PIL.PngImagePlugin - DEBUG - STREAM b'pHYs' 57 9
2024-10-08 15:33:33,550 - PIL.PngImagePlugin - DEBUG - STREAM b'tEXt' 78 25
2024-10-08 15:33:33,550 - PIL.PngImagePlugin - DEBUG - STREAM b'IDAT' 115 8192
2024-10-08 15:33:33,550 - PIL.PngImagePlugin - DEBUG - STREAM b'IHDR' 16 13
2024-10-08 15:33:33,550 - PIL.PngImagePlugin - DEBUG - STREAM b'sBIT' 41 4
2024-10-08 15:33:33,550 - PIL.PngImagePlugin - DEBUG - b'sBIT' 41 4 (unknown)
2024-10-08 15:33:33,550 - PIL.PngImagePlugin - DEBUG - STREAM b'pHYs' 57 9
2024-10-08 15:33:33,566 - PIL.PngImagePlugin - DEBUG - STREAM b'tEXt' 78 25
2024-10-08 15:33:33,566 - PIL.PngImagePlugin - DEBUG - STREAM b'IDAT' 115 8192
2024-10-08 15:33:35,607 - PIL.PngImagePlugin - DEBUG - STREAM b'IHDR' 16 13
2024-10-08 15:33:35,607 - PIL.PngImagePlugin - DEBUG - STREAM b'IDAT' 41 18855
2024-10-08 15:33:35,607 - PIL.PngImagePlugin - DEBUG - STREAM b'IHDR' 16 13
2024-10-08 15:33:35,623 - PIL.PngImagePlugin - DEBUG - STREAM b'IDAT' 41 18855
2024-10-08 15:33:36,014 - PIL.PngImagePlugin - DEBUG - STREAM b'IHDR' 118 13
2024-10-08 15:33:36,015 - PIL.PngImagePlugin - DEBUG - STREAM b'IDAT' 143 19041
2024-10-08 15:33:36,301 - PIL.PngImagePlugin - DEBUG - STREAM b'IHDR' 16 13
2024-10-08 15:33:36,302 - PIL.PngImagePlugin - DEBUG - STREAM b'sBIT' 41 4
2024-10-08 15:33:36,302 - PIL.PngImagePlugin - DEBUG - b'sBIT' 41 4 (unknown)
2024-10-08 15:33:36,303 - PIL.PngImagePlugin - DEBUG - STREAM b'pHYs' 57 9
2024-10-08 15:33:36,304 - PIL.PngImagePlugin - DEBUG - STREAM b'tEXt' 78 25
2024-10-08 15:33:36,304 - PIL.PngImagePlugin - DEBUG - STREAM b'IDAT' 115 8192
2024-10-08 15:33:36,305 - PIL.PngImagePlugin - DEBUG - STREAM b'IHDR' 16 13
2024-10-08 15:33:36,305 - PIL.PngImagePlugin - DEBUG - STREAM b'sBIT' 41 4
2024-10-08 15:33:36,306 - PIL.PngImagePlugin - DEBUG - b'sBIT' 41 4 (unknown)
2024-10-08 15:33:36,307 - PIL.PngImagePlugin - DEBUG - STREAM b'pHYs' 57 9
2024-10-08 15:33:36,308 - PIL.PngImagePlugin - DEBUG - STREAM b'tEXt' 78 25
2024-10-08 15:33:36,309 - PIL.PngImagePlugin - DEBUG - STREAM b'IDAT' 115 8192
2024-10-08 16:01:24,949 - PIL.PngImagePlugin - DEBUG - STREAM b'IHDR' 118 13
2024-10-08 16:01:28,979 - PIL.PngImagePlugin - DEBUG - STREAM b'IDAT' 143 19041
2024-10-08 16:01:56,788 - PIL.PngImagePlugin - DEBUG - STREAM b'IHDR' 16 13
2024-10-08 16:01:56,818 - PIL.PngImagePlugin - DEBUG - STREAM b'sBIT' 41 4
2024-10-08 16:01:56,819 - PIL.PngImagePlugin - DEBUG - b'sBIT' 41 4 (unknown)
2024-10-08 16:01:56,820 - PIL.PngImagePlugin - DEBUG - STREAM b'pHYs' 57 9
2024-10-08 16:01:56,820 - PIL.PngImagePlugin - DEBUG - STREAM b'tEXt' 78 25
2024-10-08 16:01:57,047 - PIL.PngImagePlugin - DEBUG - STREAM b'IDAT' 115 8192
2024-10-08 16:01:57,616 - PIL.PngImagePlugin - DEBUG - STREAM b'IHDR' 16 13
2024-10-08 16:01:57,619 - PIL.PngImagePlugin - DEBUG - STREAM b'sBIT' 41 4
2024-10-08 16:01:57,619 - PIL.PngImagePlugin - DEBUG - b'sBIT' 41 4 (unknown)
2024-10-08 16:01:57,620 - PIL.PngImagePlugin - DEBUG - STREAM b'pHYs' 57 9
2024-10-08 16:01:57,620 - PIL.PngImagePlugin - DEBUG - STREAM b'tEXt' 78 25
2024-10-08 16:01:57,621 - PIL.PngImagePlugin - DEBUG - STREAM b'IDAT' 115 8192
2024-10-08 16:08:49,716 - PIL.PngImagePlugin - DEBUG - STREAM b'IHDR' 118 13
2024-10-08 16:08:49,719 - PIL.PngImagePlugin - DEBUG - STREAM b'IDAT' 143 19041
2024-10-08 16:08:54,740 - PIL.PngImagePlugin - DEBUG - STREAM b'IHDR' 16 13
2024-10-08 16:08:54,741 - PIL.PngImagePlugin - DEBUG - STREAM b'sBIT' 41 4
2024-10-08 16:08:54,741 - PIL.PngImagePlugin - DEBUG - b'sBIT' 41 4 (unknown)
2024-10-08 16:08:54,742 - PIL.PngImagePlugin - DEBUG - STREAM b'pHYs' 57 9
2024-10-08 16:08:54,742 - PIL.PngImagePlugin - DEBUG - STREAM b'tEXt' 78 25
2024-10-08 16:08:54,743 - PIL.PngImagePlugin - DEBUG - STREAM b'IDAT' 115 8192
2024-10-08 16:08:54,744 - PIL.PngImagePlugin - DEBUG - STREAM b'IHDR' 16 13
2024-10-08 16:08:54,744 - PIL.PngImagePlugin - DEBUG - STREAM b'sBIT' 41 4
2024-10-08 16:08:54,745 - PIL.PngImagePlugin - DEBUG - b'sBIT' 41 4 (unknown)
2024-10-08 16:08:54,745 - PIL.PngImagePlugin - DEBUG - STREAM b'pHYs' 57 9
2024-10-08 16:08:54,746 - PIL.PngImagePlugin - DEBUG - STREAM b'tEXt' 78 25
2024-10-08 16:08:54,746 - PIL.PngImagePlugin - DEBUG - STREAM b'IDAT' 115 8192
2024-10-08 16:11:05,826 - PIL.PngImagePlugin - DEBUG - STREAM b'IHDR' 118 13
2024-10-08 16:11:05,826 - PIL.PngImagePlugin - DEBUG - STREAM b'IDAT' 143 19041
2024-10-08 16:11:06,267 - PIL.PngImagePlugin - DEBUG - STREAM b'IHDR' 16 13
2024-10-08 16:11:06,269 - PIL.PngImagePlugin - DEBUG - STREAM b'sBIT' 41 4
2024-10-08 16:11:06,269 - PIL.PngImagePlugin - DEBUG - b'sBIT' 41 4 (unknown)
2024-10-08 16:11:06,269 - PIL.PngImagePlugin - DEBUG - STREAM b'pHYs' 57 9
2024-10-08 16:11:06,270 - PIL.PngImagePlugin - DEBUG - STREAM b'tEXt' 78 25
2024-10-08 16:11:06,271 - PIL.PngImagePlugin - DEBUG - STREAM b'IDAT' 115 8192
2024-10-08 16:11:06,272 - PIL.PngImagePlugin - DEBUG - STREAM b'IHDR' 16 13
2024-10-08 16:11:06,272 - PIL.PngImagePlugin - DEBUG - STREAM b'sBIT' 41 4
2024-10-08 16:11:06,273 - PIL.PngImagePlugin - DEBUG - b'sBIT' 41 4 (unknown)
2024-10-08 16:11:06,273 - PIL.PngImagePlugin - DEBUG - STREAM b'pHYs' 57 9
2024-10-08 16:11:06,274 - PIL.PngImagePlugin - DEBUG - STREAM b'tEXt' 78 25
2024-10-08 16:11:06,274 - PIL.PngImagePlugin - DEBUG - STREAM b'IDAT' 115 8192
2024-10-08 16:11:06,869 - PIL.PngImagePlugin - DEBUG - STREAM b'IHDR' 118 13
2024-10-08 16:11:06,870 - PIL.PngImagePlugin - DEBUG - STREAM b'IDAT' 143 19041
2024-10-08 16:11:07,152 - PIL.PngImagePlugin - DEBUG - STREAM b'IHDR' 16 13
2024-10-08 16:11:07,153 - PIL.PngImagePlugin - DEBUG - STREAM b'sBIT' 41 4
2024-10-08 16:11:07,154 - PIL.PngImagePlugin - DEBUG - b'sBIT' 41 4 (unknown)
2024-10-08 16:11:07,154 - PIL.PngImagePlugin - DEBUG - STREAM b'pHYs' 57 9
2024-10-08 16:11:07,155 - PIL.PngImagePlugin - DEBUG - STREAM b'tEXt' 78 25
2024-10-08 16:11:07,155 - PIL.PngImagePlugin - DEBUG - STREAM b'IDAT' 115 8192
2024-10-08 16:11:07,156 - PIL.PngImagePlugin - DEBUG - STREAM b'IHDR' 16 13
2024-10-08 16:11:07,157 - PIL.PngImagePlugin - DEBUG - STREAM b'sBIT' 41 4
2024-10-08 16:11:07,157 - PIL.PngImagePlugin - DEBUG - b'sBIT' 41 4 (unknown)
2024-10-08 16:11:07,158 - PIL.PngImagePlugin - DEBUG - STREAM b'pHYs' 57 9
2024-10-08 16:11:07,159 - PIL.PngImagePlugin - DEBUG - STREAM b'tEXt' 78 25
2024-10-08 16:11:07,160 - PIL.PngImagePlugin - DEBUG - STREAM b'IDAT' 115 8192
2024-10-08 16:11:09,756 - PIL.PngImagePlugin - DEBUG - STREAM b'IHDR' 16 13
2024-10-08 16:11:09,757 - PIL.PngImagePlugin - DEBUG - STREAM b'IDAT' 41 18855
2024-10-08 16:11:09,758 - PIL.PngImagePlugin - DEBUG - STREAM b'IHDR' 16 13
2024-10-08 16:11:09,759 - PIL.PngImagePlugin - DEBUG - STREAM b'IDAT' 41 18855
2024-10-08 16:11:34,608 - PIL.PngImagePlugin - DEBUG - STREAM b'IHDR' 118 13
2024-10-08 16:11:34,608 - PIL.PngImagePlugin - DEBUG - STREAM b'IDAT' 143 19041
2024-10-08 16:11:35,287 - PIL.PngImagePlugin - DEBUG - STREAM b'IHDR' 16 13
2024-10-08 16:11:35,287 - PIL.PngImagePlugin - DEBUG - STREAM b'sBIT' 41 4
2024-10-08 16:11:35,288 - PIL.PngImagePlugin - DEBUG - b'sBIT' 41 4 (unknown)
2024-10-08 16:11:35,288 - PIL.PngImagePlugin - DEBUG - STREAM b'pHYs' 57 9
2024-10-08 16:11:35,289 - PIL.PngImagePlugin - DEBUG - STREAM b'tEXt' 78 25
2024-10-08 16:11:35,293 - PIL.PngImagePlugin - DEBUG - STREAM b'IDAT' 115 8192
2024-10-08 16:11:35,294 - PIL.PngImagePlugin - DEBUG - STREAM b'IHDR' 16 13
2024-10-08 16:11:35,294 - PIL.PngImagePlugin - DEBUG - STREAM b'sBIT' 41 4
2024-10-08 16:11:35,295 - PIL.PngImagePlugin - DEBUG - b'sBIT' 41 4 (unknown)
2024-10-08 16:11:35,295 - PIL.PngImagePlugin - DEBUG - STREAM b'pHYs' 57 9
2024-10-08 16:11:35,296 - PIL.PngImagePlugin - DEBUG - STREAM b'tEXt' 78 25
2024-10-08 16:11:35,297 - PIL.PngImagePlugin - DEBUG - STREAM b'IDAT' 115 8192
2024-10-08 16:11:35,683 - PIL.PngImagePlugin - DEBUG - STREAM b'IHDR' 16 13
2024-10-08 16:11:35,683 - PIL.PngImagePlugin - DEBUG - STREAM b'IDAT' 41 18855
2024-10-08 16:11:35,684 - PIL.PngImagePlugin - DEBUG - STREAM b'IHDR' 16 13
2024-10-08 16:11:35,711 - PIL.PngImagePlugin - DEBUG - STREAM b'IDAT' 41 18855
2024-10-08 16:11:57,175 - PIL.PngImagePlugin - DEBUG - STREAM b'IHDR' 16 13
2024-10-08 16:11:57,175 - PIL.PngImagePlugin - DEBUG - STREAM b'sBIT' 41 4
2024-10-08 16:11:57,175 - PIL.PngImagePlugin - DEBUG - b'sBIT' 41 4 (unknown)
2024-10-08 16:11:57,175 - PIL.PngImagePlugin - DEBUG - STREAM b'pHYs' 57 9
2024-10-08 16:11:57,175 - PIL.PngImagePlugin - DEBUG - STREAM b'tEXt' 78 25
2024-10-08 16:11:57,175 - PIL.PngImagePlugin - DEBUG - STREAM b'IDAT' 115 8192
2024-10-08 16:11:57,175 - PIL.PngImagePlugin - DEBUG - STREAM b'IHDR' 16 13
2024-10-08 16:11:57,175 - PIL.PngImagePlugin - DEBUG - STREAM b'sBIT' 41 4
2024-10-08 16:11:57,175 - PIL.PngImagePlugin - DEBUG - b'sBIT' 41 4 (unknown)
2024-10-08 16:11:57,175 - PIL.PngImagePlugin - DEBUG - STREAM b'pHYs' 57 9
2024-10-08 16:11:57,175 - PIL.PngImagePlugin - DEBUG - STREAM b'tEXt' 78 25
2024-10-08 16:11:57,175 - PIL.PngImagePlugin - DEBUG - STREAM b'IDAT' 115 8192
2024-10-08 16:12:26,918 - PIL.PngImagePlugin - DEBUG - STREAM b'IHDR' 118 13
2024-10-08 16:12:26,919 - PIL.PngImagePlugin - DEBUG - STREAM b'IDAT' 143 19041
2024-10-08 16:12:27,313 - PIL.PngImagePlugin - DEBUG - STREAM b'IHDR' 16 13
2024-10-08 16:12:27,315 - PIL.PngImagePlugin - DEBUG - STREAM b'sBIT' 41 4
2024-10-08 16:12:27,316 - PIL.PngImagePlugin - DEBUG - b'sBIT' 41 4 (unknown)
2024-10-08 16:12:27,316 - PIL.PngImagePlugin - DEBUG - STREAM b'pHYs' 57 9
2024-10-08 16:12:27,316 - PIL.PngImagePlugin - DEBUG - STREAM b'tEXt' 78 25
2024-10-08 16:12:27,317 - PIL.PngImagePlugin - DEBUG - STREAM b'IDAT' 115 8192
2024-10-08 16:12:27,318 - PIL.PngImagePlugin - DEBUG - STREAM b'IHDR' 16 13
2024-10-08 16:12:27,318 - PIL.PngImagePlugin - DEBUG - STREAM b'sBIT' 41 4
2024-10-08 16:12:27,319 - PIL.PngImagePlugin - DEBUG - b'sBIT' 41 4 (unknown)
2024-10-08 16:12:27,319 - PIL.PngImagePlugin - DEBUG - STREAM b'pHYs' 57 9
2024-10-08 16:12:27,320 - PIL.PngImagePlugin - DEBUG - STREAM b'tEXt' 78 25
2024-10-08 16:12:27,320 - PIL.PngImagePlugin - DEBUG - STREAM b'IDAT' 115 8192
2024-10-08 16:12:28,263 - PIL.PngImagePlugin - DEBUG - STREAM b'IHDR' 16 13
2024-10-08 16:12:28,263 - PIL.PngImagePlugin - DEBUG - STREAM b'IDAT' 41 18855
2024-10-08 16:12:28,263 - PIL.PngImagePlugin - DEBUG - STREAM b'IHDR' 16 13
2024-10-08 16:12:28,263 - PIL.PngImagePlugin - DEBUG - STREAM b'IDAT' 41 18855
2024-10-08 16:12:29,993 - PIL.PngImagePlugin - DEBUG - STREAM b'IHDR' 118 13
2024-10-08 16:12:29,993 - PIL.PngImagePlugin - DEBUG - STREAM b'IDAT' 143 19041
2024-10-08 16:12:30,040 - PIL.PngImagePlugin - DEBUG - STREAM b'IHDR' 118 13
2024-10-08 16:12:30,040 - PIL.PngImagePlugin - DEBUG - STREAM b'IDAT' 143 19041
2024-10-08 16:12:30,673 - PIL.PngImagePlugin - DEBUG - STREAM b'IHDR' 16 13
2024-10-08 16:12:30,673 - PIL.PngImagePlugin - DEBUG - STREAM b'sBIT' 41 4
2024-10-08 16:12:30,673 - PIL.PngImagePlugin - DEBUG - b'sBIT' 41 4 (unknown)
2024-10-08 16:12:30,689 - PIL.PngImagePlugin - DEBUG - STREAM b'pHYs' 57 9
2024-10-08 16:12:30,689 - PIL.PngImagePlugin - DEBUG - STREAM b'tEXt' 78 25
2024-10-08 16:12:30,689 - PIL.PngImagePlugin - DEBUG - STREAM b'IDAT' 115 8192
2024-10-08 16:12:30,692 - PIL.PngImagePlugin - DEBUG - STREAM b'IHDR' 16 13
2024-10-08 16:12:30,693 - PIL.PngImagePlugin - DEBUG - STREAM b'sBIT' 41 4
2024-10-08 16:12:30,693 - PIL.PngImagePlugin - DEBUG - b'sBIT' 41 4 (unknown)
2024-10-08 16:12:30,694 - PIL.PngImagePlugin - DEBUG - STREAM b'pHYs' 57 9
2024-10-08 16:12:30,694 - PIL.PngImagePlugin - DEBUG - STREAM b'tEXt' 78 25
2024-10-08 16:12:30,695 - PIL.PngImagePlugin - DEBUG - STREAM b'IDAT' 115 8192
2024-10-08 16:12:31,917 - PIL.PngImagePlugin - DEBUG - STREAM b'IHDR' 118 13
2024-10-08 16:12:31,918 - PIL.PngImagePlugin - DEBUG - STREAM b'IDAT' 143 19041
2024-10-08 16:12:32,711 - PIL.PngImagePlugin - DEBUG - STREAM b'IHDR' 16 13
2024-10-08 16:12:32,712 - PIL.PngImagePlugin - DEBUG - STREAM b'sBIT' 41 4
2024-10-08 16:12:32,713 - PIL.PngImagePlugin - DEBUG - b'sBIT' 41 4 (unknown)
2024-10-08 16:12:32,713 - PIL.PngImagePlugin - DEBUG - STREAM b'pHYs' 57 9
2024-10-08 16:12:32,714 - PIL.PngImagePlugin - DEBUG - STREAM b'tEXt' 78 25
2024-10-08 16:12:32,714 - PIL.PngImagePlugin - DEBUG - STREAM b'IDAT' 115 8192
2024-10-08 16:12:32,715 - PIL.PngImagePlugin - DEBUG - STREAM b'IHDR' 16 13
2024-10-08 16:12:32,716 - PIL.PngImagePlugin - DEBUG - STREAM b'sBIT' 41 4
2024-10-08 16:12:32,741 - PIL.PngImagePlugin - DEBUG - b'sBIT' 41 4 (unknown)
2024-10-08 16:12:32,742 - PIL.PngImagePlugin - DEBUG - STREAM b'pHYs' 57 9
2024-10-08 16:12:32,742 - PIL.PngImagePlugin - DEBUG - STREAM b'tEXt' 78 25
2024-10-08 16:12:32,745 - PIL.PngImagePlugin - DEBUG - STREAM b'IDAT' 115 8192
2024-10-08 16:12:33,667 - PIL.PngImagePlugin - DEBUG - STREAM b'IHDR' 16 13
2024-10-08 16:12:33,668 - PIL.PngImagePlugin - DEBUG - STREAM b'sBIT' 41 4
2024-10-08 16:12:33,668 - PIL.PngImagePlugin - DEBUG - b'sBIT' 41 4 (unknown)
2024-10-08 16:12:33,673 - PIL.PngImagePlugin - DEBUG - STREAM b'pHYs' 57 9
2024-10-08 16:12:33,673 - PIL.PngImagePlugin - DEBUG - STREAM b'tEXt' 78 25
2024-10-08 16:12:33,674 - PIL.PngImagePlugin - DEBUG - STREAM b'IDAT' 115 8192
2024-10-08 16:12:33,674 - PIL.PngImagePlugin - DEBUG - STREAM b'IHDR' 16 13
2024-10-08 16:12:33,675 - PIL.PngImagePlugin - DEBUG - STREAM b'sBIT' 41 4
2024-10-08 16:12:33,675 - PIL.PngImagePlugin - DEBUG - b'sBIT' 41 4 (unknown)
2024-10-08 16:12:33,676 - PIL.PngImagePlugin - DEBUG - STREAM b'pHYs' 57 9
2024-10-08 16:12:33,676 - PIL.PngImagePlugin - DEBUG - STREAM b'tEXt' 78 25
2024-10-08 16:12:33,677 - PIL.PngImagePlugin - DEBUG - STREAM b'IDAT' 115 8192
2024-10-08 16:12:33,830 - PIL.PngImagePlugin - DEBUG - STREAM b'IHDR' 16 13
2024-10-08 16:12:33,830 - PIL.PngImagePlugin - DEBUG - STREAM b'IDAT' 41 18855
2024-10-08 16:12:33,846 - PIL.PngImagePlugin - DEBUG - STREAM b'IHDR' 16 13
2024-10-08 16:12:33,846 - PIL.PngImagePlugin - DEBUG - STREAM b'IDAT' 41 18855
2024-10-08 16:12:34,645 - PIL.PngImagePlugin - DEBUG - STREAM b'IHDR' 16 13
2024-10-08 16:12:34,646 - PIL.PngImagePlugin - DEBUG - STREAM b'sBIT' 41 4
2024-10-08 16:12:34,646 - PIL.PngImagePlugin - DEBUG - b'sBIT' 41 4 (unknown)
2024-10-08 16:12:34,651 - PIL.PngImagePlugin - DEBUG - STREAM b'pHYs' 57 9
2024-10-08 16:12:34,651 - PIL.PngImagePlugin - DEBUG - STREAM b'tEXt' 78 25
2024-10-08 16:12:34,652 - PIL.PngImagePlugin - DEBUG - STREAM b'IDAT' 115 8192
2024-10-08 16:12:34,654 - PIL.PngImagePlugin - DEBUG - STREAM b'IHDR' 16 13
2024-10-08 16:12:34,655 - PIL.PngImagePlugin - DEBUG - STREAM b'sBIT' 41 4
2024-10-08 16:12:34,655 - PIL.PngImagePlugin - DEBUG - b'sBIT' 41 4 (unknown)
2024-10-08 16:12:34,656 - PIL.PngImagePlugin - DEBUG - STREAM b'pHYs' 57 9
2024-10-08 16:12:34,656 - PIL.PngImagePlugin - DEBUG - STREAM b'tEXt' 78 25
2024-10-08 16:12:34,657 - PIL.PngImagePlugin - DEBUG - STREAM b'IDAT' 115 8192
2024-10-08 16:12:41,539 - PIL.PngImagePlugin - DEBUG - STREAM b'IHDR' 118 13
2024-10-08 16:12:41,539 - PIL.PngImagePlugin - DEBUG - STREAM b'IDAT' 143 19041
2024-10-08 16:12:41,985 - PIL.PngImagePlugin - DEBUG - STREAM b'IHDR' 16 13
2024-10-08 16:12:41,985 - PIL.PngImagePlugin - DEBUG - STREAM b'sBIT' 41 4
2024-10-08 16:12:41,985 - PIL.PngImagePlugin - DEBUG - b'sBIT' 41 4 (unknown)
2024-10-08 16:12:41,985 - PIL.PngImagePlugin - DEBUG - STREAM b'pHYs' 57 9
2024-10-08 16:12:41,985 - PIL.PngImagePlugin - DEBUG - STREAM b'tEXt' 78 25
2024-10-08 16:12:41,985 - PIL.PngImagePlugin - DEBUG - STREAM b'IDAT' 115 8192
2024-10-08 16:12:41,985 - PIL.PngImagePlugin - DEBUG - STREAM b'IHDR' 16 13
2024-10-08 16:12:41,985 - PIL.PngImagePlugin - DEBUG - STREAM b'sBIT' 41 4
2024-10-08 16:12:41,985 - PIL.PngImagePlugin - DEBUG - b'sBIT' 41 4 (unknown)
2024-10-08 16:12:41,985 - PIL.PngImagePlugin - DEBUG - STREAM b'pHYs' 57 9
2024-10-08 16:12:42,128 - PIL.PngImagePlugin - DEBUG - STREAM b'tEXt' 78 25
2024-10-08 16:12:42,128 - PIL.PngImagePlugin - DEBUG - STREAM b'IDAT' 115 8192
2024-10-08 16:12:42,761 - PIL.PngImagePlugin - DEBUG - STREAM b'IHDR' 16 13
2024-10-08 16:12:42,766 - PIL.PngImagePlugin - DEBUG - STREAM b'IDAT' 41 18855
2024-10-08 16:12:42,766 - PIL.PngImagePlugin - DEBUG - STREAM b'IHDR' 16 13
2024-10-08 16:12:42,767 - PIL.PngImagePlugin - DEBUG - STREAM b'IDAT' 41 18855
2024-10-08 16:12:44,530 - PIL.PngImagePlugin - DEBUG - STREAM b'IHDR' 16 13
2024-10-08 16:12:44,531 - PIL.PngImagePlugin - DEBUG - STREAM b'sBIT' 41 4
2024-10-08 16:12:44,532 - PIL.PngImagePlugin - DEBUG - b'sBIT' 41 4 (unknown)
2024-10-08 16:12:44,532 - PIL.PngImagePlugin - DEBUG - STREAM b'pHYs' 57 9
2024-10-08 16:12:44,533 - PIL.PngImagePlugin - DEBUG - STREAM b'tEXt' 78 25
2024-10-08 16:12:44,533 - PIL.PngImagePlugin - DEBUG - STREAM b'IDAT' 115 8192
2024-10-08 16:12:44,534 - PIL.PngImagePlugin - DEBUG - STREAM b'IHDR' 16 13
2024-10-08 16:12:44,578 - PIL.PngImagePlugin - DEBUG - STREAM b'sBIT' 41 4
2024-10-08 16:12:44,579 - PIL.PngImagePlugin - DEBUG - b'sBIT' 41 4 (unknown)
2024-10-08 16:12:44,579 - PIL.PngImagePlugin - DEBUG - STREAM b'pHYs' 57 9
2024-10-08 16:12:44,580 - PIL.PngImagePlugin - DEBUG - STREAM b'tEXt' 78 25
2024-10-08 16:12:44,580 - PIL.PngImagePlugin - DEBUG - STREAM b'IDAT' 115 8192
2024-10-08 16:12:55,593 - PIL.PngImagePlugin - DEBUG - STREAM b'IHDR' 118 13
2024-10-08 16:12:55,594 - PIL.PngImagePlugin - DEBUG - STREAM b'IDAT' 143 19041
2024-10-08 16:12:55,830 - PIL.PngImagePlugin - DEBUG - STREAM b'IHDR' 16 13
2024-10-08 16:12:55,831 - PIL.PngImagePlugin - DEBUG - STREAM b'sBIT' 41 4
2024-10-08 16:12:55,831 - PIL.PngImagePlugin - DEBUG - b'sBIT' 41 4 (unknown)
2024-10-08 16:12:55,832 - PIL.PngImagePlugin - DEBUG - STREAM b'pHYs' 57 9
2024-10-08 16:12:55,832 - PIL.PngImagePlugin - DEBUG - STREAM b'tEXt' 78 25
2024-10-08 16:12:55,833 - PIL.PngImagePlugin - DEBUG - STREAM b'IDAT' 115 8192
2024-10-08 16:12:55,834 - PIL.PngImagePlugin - DEBUG - STREAM b'IHDR' 16 13
2024-10-08 16:12:55,835 - PIL.PngImagePlugin - DEBUG - STREAM b'sBIT' 41 4
2024-10-08 16:12:55,835 - PIL.PngImagePlugin - DEBUG - b'sBIT' 41 4 (unknown)
2024-10-08 16:12:55,837 - PIL.PngImagePlugin - DEBUG - STREAM b'pHYs' 57 9
2024-10-08 16:12:55,837 - PIL.PngImagePlugin - DEBUG - STREAM b'tEXt' 78 25
2024-10-08 16:12:55,837 - PIL.PngImagePlugin - DEBUG - STREAM b'IDAT' 115 8192
2024-10-08 16:12:56,888 - PIL.PngImagePlugin - DEBUG - STREAM b'IHDR' 16 13
2024-10-08 16:12:56,889 - PIL.PngImagePlugin - DEBUG - STREAM b'IDAT' 41 18855
2024-10-08 16:12:56,890 - PIL.PngImagePlugin - DEBUG - STREAM b'IHDR' 16 13
2024-10-08 16:12:56,892 - PIL.PngImagePlugin - DEBUG - STREAM b'IDAT' 41 18855
2024-10-08 16:12:58,735 - PIL.PngImagePlugin - DEBUG - STREAM b'IHDR' 16 13
2024-10-08 16:12:58,751 - PIL.PngImagePlugin - DEBUG - STREAM b'sBIT' 41 4
2024-10-08 16:12:58,751 - PIL.PngImagePlugin - DEBUG - b'sBIT' 41 4 (unknown)
2024-10-08 16:12:58,751 - PIL.PngImagePlugin - DEBUG - STREAM b'pHYs' 57 9
2024-10-08 16:12:58,751 - PIL.PngImagePlugin - DEBUG - STREAM b'tEXt' 78 25
2024-10-08 16:12:58,751 - PIL.PngImagePlugin - DEBUG - STREAM b'IDAT' 115 8192
2024-10-08 16:12:58,751 - PIL.PngImagePlugin - DEBUG - STREAM b'IHDR' 16 13
2024-10-08 16:12:58,751 - PIL.PngImagePlugin - DEBUG - STREAM b'sBIT' 41 4
2024-10-08 16:12:58,751 - PIL.PngImagePlugin - DEBUG - b'sBIT' 41 4 (unknown)
2024-10-08 16:12:58,751 - PIL.PngImagePlugin - DEBUG - STREAM b'pHYs' 57 9
2024-10-08 16:12:58,751 - PIL.PngImagePlugin - DEBUG - STREAM b'tEXt' 78 25
2024-10-08 16:12:58,751 - PIL.PngImagePlugin - DEBUG - STREAM b'IDAT' 115 8192
2024-10-08 16:13:04,691 - PIL.PngImagePlugin - DEBUG - STREAM b'IHDR' 118 13
2024-10-08 16:13:04,691 - PIL.PngImagePlugin - DEBUG - STREAM b'IDAT' 143 19041
2024-10-08 16:13:05,633 - PIL.PngImagePlugin - DEBUG - STREAM b'IHDR' 16 13
2024-10-08 16:13:05,634 - PIL.PngImagePlugin - DEBUG - STREAM b'sBIT' 41 4
2024-10-08 16:13:05,636 - PIL.PngImagePlugin - DEBUG - b'sBIT' 41 4 (unknown)
2024-10-08 16:13:05,636 - PIL.PngImagePlugin - DEBUG - STREAM b'pHYs' 57 9
2024-10-08 16:13:05,637 - PIL.PngImagePlugin - DEBUG - STREAM b'tEXt' 78 25
2024-10-08 16:13:05,637 - PIL.PngImagePlugin - DEBUG - STREAM b'IDAT' 115 8192
2024-10-08 16:13:05,638 - PIL.PngImagePlugin - DEBUG - STREAM b'IHDR' 16 13
2024-10-08 16:13:05,639 - PIL.PngImagePlugin - DEBUG - STREAM b'sBIT' 41 4
2024-10-08 16:13:05,639 - PIL.PngImagePlugin - DEBUG - b'sBIT' 41 4 (unknown)
2024-10-08 16:13:05,640 - PIL.PngImagePlugin - DEBUG - STREAM b'pHYs' 57 9
2024-10-08 16:13:05,640 - PIL.PngImagePlugin - DEBUG - STREAM b'tEXt' 78 25
2024-10-08 16:13:05,643 - PIL.PngImagePlugin - DEBUG - STREAM b'IDAT' 115 8192
2024-10-08 16:13:06,353 - PIL.PngImagePlugin - DEBUG - STREAM b'IHDR' 16 13
2024-10-08 16:13:06,371 - PIL.PngImagePlugin - DEBUG - STREAM b'IDAT' 41 18855
2024-10-08 16:13:06,371 - PIL.PngImagePlugin - DEBUG - STREAM b'IHDR' 16 13
2024-10-08 16:13:06,389 - PIL.PngImagePlugin - DEBUG - STREAM b'IDAT' 41 18855
2024-10-08 16:13:09,071 - PIL.PngImagePlugin - DEBUG - STREAM b'IHDR' 16 13
2024-10-08 16:13:09,071 - PIL.PngImagePlugin - DEBUG - STREAM b'sBIT' 41 4
2024-10-08 16:13:09,071 - PIL.PngImagePlugin - DEBUG - b'sBIT' 41 4 (unknown)
2024-10-08 16:13:09,071 - PIL.PngImagePlugin - DEBUG - STREAM b'pHYs' 57 9
2024-10-08 16:13:09,071 - PIL.PngImagePlugin - DEBUG - STREAM b'tEXt' 78 25
2024-10-08 16:13:09,071 - PIL.PngImagePlugin - DEBUG - STREAM b'IDAT' 115 8192
2024-10-08 16:13:09,071 - PIL.PngImagePlugin - DEBUG - STREAM b'IHDR' 16 13
2024-10-08 16:13:09,071 - PIL.PngImagePlugin - DEBUG - STREAM b'sBIT' 41 4
2024-10-08 16:13:09,071 - PIL.PngImagePlugin - DEBUG - b'sBIT' 41 4 (unknown)
2024-10-08 16:13:09,071 - PIL.PngImagePlugin - DEBUG - STREAM b'pHYs' 57 9
2024-10-08 16:13:09,071 - PIL.PngImagePlugin - DEBUG - STREAM b'tEXt' 78 25
2024-10-08 16:13:09,071 - PIL.PngImagePlugin - DEBUG - STREAM b'IDAT' 115 8192
2024-10-08 16:13:09,868 - PIL.PngImagePlugin - DEBUG - STREAM b'IHDR' 16 13
2024-10-08 16:13:09,869 - PIL.PngImagePlugin - DEBUG - STREAM b'sBIT' 41 4
2024-10-08 16:13:09,871 - PIL.PngImagePlugin - DEBUG - b'sBIT' 41 4 (unknown)
2024-10-08 16:13:09,871 - PIL.PngImagePlugin - DEBUG - STREAM b'pHYs' 57 9
2024-10-08 16:13:09,871 - PIL.PngImagePlugin - DEBUG - STREAM b'tEXt' 78 25
2024-10-08 16:13:09,871 - PIL.PngImagePlugin - DEBUG - STREAM b'IDAT' 115 8192
2024-10-08 16:13:09,871 - PIL.PngImagePlugin - DEBUG - STREAM b'IHDR' 16 13
2024-10-08 16:13:09,871 - PIL.PngImagePlugin - DEBUG - STREAM b'sBIT' 41 4
2024-10-08 16:13:09,871 - PIL.PngImagePlugin - DEBUG - b'sBIT' 41 4 (unknown)
2024-10-08 16:13:09,871 - PIL.PngImagePlugin - DEBUG - STREAM b'pHYs' 57 9
2024-10-08 16:13:09,871 - PIL.PngImagePlugin - DEBUG - STREAM b'tEXt' 78 25
2024-10-08 16:13:09,871 - PIL.PngImagePlugin - DEBUG - STREAM b'IDAT' 115 8192
2024-10-08 16:13:16,083 - PIL.PngImagePlugin - DEBUG - STREAM b'IHDR' 16 13
2024-10-08 16:13:16,083 - PIL.PngImagePlugin - DEBUG - STREAM b'IDAT' 41 1091
2024-10-08 16:13:16,083 - PIL.PngImagePlugin - DEBUG - STREAM b'IHDR' 16 13
2024-10-08 16:13:16,083 - PIL.PngImagePlugin - DEBUG - STREAM b'IDAT' 41 1091
2024-10-08 16:13:16,166 - PIL.PngImagePlugin - DEBUG - STREAM b'IHDR' 16 13
2024-10-08 16:13:16,166 - PIL.PngImagePlugin - DEBUG - STREAM b'sBIT' 41 4
2024-10-08 16:13:16,166 - PIL.PngImagePlugin - DEBUG - b'sBIT' 41 4 (unknown)
2024-10-08 16:13:16,166 - PIL.PngImagePlugin - DEBUG - STREAM b'pHYs' 57 9
2024-10-08 16:13:16,166 - PIL.PngImagePlugin - DEBUG - STREAM b'tEXt' 78 25
2024-10-08 16:13:16,166 - PIL.PngImagePlugin - DEBUG - STREAM b'IDAT' 115 8192
2024-10-08 16:13:16,229 - PIL.PngImagePlugin - DEBUG - STREAM b'IHDR' 16 13
2024-10-08 16:13:16,229 - PIL.PngImagePlugin - DEBUG - STREAM b'IDAT' 41 1091
2024-10-08 16:13:30,482 - PIL.PngImagePlugin - DEBUG - STREAM b'IHDR' 118 13
2024-10-08 16:13:30,487 - PIL.PngImagePlugin - DEBUG - STREAM b'IDAT' 143 19041
2024-10-08 16:13:30,720 - PIL.PngImagePlugin - DEBUG - STREAM b'IHDR' 16 13
2024-10-08 16:13:30,720 - PIL.PngImagePlugin - DEBUG - STREAM b'sBIT' 41 4
2024-10-08 16:13:30,720 - PIL.PngImagePlugin - DEBUG - b'sBIT' 41 4 (unknown)
2024-10-08 16:13:30,720 - PIL.PngImagePlugin - DEBUG - STREAM b'pHYs' 57 9
2024-10-08 16:13:30,720 - PIL.PngImagePlugin - DEBUG - STREAM b'tEXt' 78 25
2024-10-08 16:13:30,720 - PIL.PngImagePlugin - DEBUG - STREAM b'IDAT' 115 8192
2024-10-08 16:13:30,720 - PIL.PngImagePlugin - DEBUG - STREAM b'IHDR' 16 13
2024-10-08 16:13:30,720 - PIL.PngImagePlugin - DEBUG - STREAM b'sBIT' 41 4
2024-10-08 16:13:30,735 - PIL.PngImagePlugin - DEBUG - b'sBIT' 41 4 (unknown)
2024-10-08 16:13:30,735 - PIL.PngImagePlugin - DEBUG - STREAM b'pHYs' 57 9
2024-10-08 16:13:30,735 - PIL.PngImagePlugin - DEBUG - STREAM b'tEXt' 78 25
2024-10-08 16:13:30,735 - PIL.PngImagePlugin - DEBUG - STREAM b'IDAT' 115 8192
2024-10-08 16:13:31,070 - PIL.PngImagePlugin - DEBUG - STREAM b'IHDR' 16 13
2024-10-08 16:13:31,071 - PIL.PngImagePlugin - DEBUG - STREAM b'IDAT' 41 18855
2024-10-08 16:13:31,071 - PIL.PngImagePlugin - DEBUG - STREAM b'IHDR' 16 13
2024-10-08 16:13:31,077 - PIL.PngImagePlugin - DEBUG - STREAM b'IDAT' 41 18855
2024-10-08 16:13:32,017 - PIL.PngImagePlugin - DEBUG - STREAM b'IHDR' 16 13
2024-10-08 16:13:32,027 - PIL.PngImagePlugin - DEBUG - STREAM b'sBIT' 41 4
2024-10-08 16:13:32,028 - PIL.PngImagePlugin - DEBUG - b'sBIT' 41 4 (unknown)
2024-10-08 16:13:32,028 - PIL.PngImagePlugin - DEBUG - STREAM b'pHYs' 57 9
2024-10-08 16:13:32,061 - PIL.PngImagePlugin - DEBUG - STREAM b'tEXt' 78 25
2024-10-08 16:13:32,145 - PIL.PngImagePlugin - DEBUG - STREAM b'IDAT' 115 8192
2024-10-08 16:13:32,147 - PIL.PngImagePlugin - DEBUG - STREAM b'IHDR' 16 13
2024-10-08 16:13:32,147 - PIL.PngImagePlugin - DEBUG - STREAM b'sBIT' 41 4
2024-10-08 16:13:32,149 - PIL.PngImagePlugin - DEBUG - b'sBIT' 41 4 (unknown)
2024-10-08 16:13:32,150 - PIL.PngImagePlugin - DEBUG - STREAM b'pHYs' 57 9
2024-10-08 16:13:32,160 - PIL.PngImagePlugin - DEBUG - STREAM b'tEXt' 78 25
2024-10-08 16:13:32,161 - PIL.PngImagePlugin - DEBUG - STREAM b'IDAT' 115 8192
