2025-07-09 15:46:27,691 - PIL.PngImagePlugin - DEBUG - STREAM b'IHDR' 16 13
2025-07-09 15:46:27,691 - PIL.PngImagePlugin - DEBUG - STREAM b'sRGB' 41 1
2025-07-09 15:46:27,691 - PIL.PngImagePlugin - DEBUG - STREAM b'gAMA' 54 4
2025-07-09 15:46:27,691 - PIL.PngImagePlugin - DEBUG - STREAM b'pHYs' 70 9
2025-07-09 15:46:27,691 - PIL.PngImagePlugin - DEBUG - STREAM b'IDAT' 91 25735
2025-07-09 15:46:28,658 - PIL.PngImagePlugin - DEBUG - STREAM b'IHDR' 16 13
2025-07-09 15:46:28,658 - PIL.PngImagePlugin - DEBUG - STREAM b'IDAT' 41 17057
2025-07-09 15:46:28,659 - PIL.PngImagePlugin - DEBUG - STREAM b'IHDR' 16 13
2025-07-09 15:46:28,661 - PIL.PngImagePlugin - DEBUG - STREAM b'IDAT' 41 17057
2025-07-09 15:46:30,202 - urllib3.util.retry - DEBUG - Converted retries value: 3 -> Retry(total=3, connect=None, read=None, redirect=None, status=None)
2025-07-09 15:46:30,424 - google.auth.transport.requests - DEBUG - Making request: POST https://oauth2.googleapis.com/token
2025-07-09 15:46:30,549 - urllib3.connectionpool - DEBUG - Starting new HTTPS connection (1): oauth2.googleapis.com:443
2025-07-09 15:46:31,291 - urllib3.connectionpool - DEBUG - https://oauth2.googleapis.com:443 "POST /token HTTP/11" 200 None
2025-07-09 15:46:31,307 - urllib3.connectionpool - DEBUG - Starting new HTTPS connection (1): www.googleapis.com:443
2025-07-09 15:46:32,270 - urllib3.connectionpool - DEBUG - https://www.googleapis.com:443 "GET /drive/v3/files?q=mimeType%3D%22application%2Fvnd.google-apps.spreadsheet%22&pageSize=1000&supportsAllDrives=True&includeItemsFromAllDrives=True&fields=kind%2CnextPageToken%2Cfiles%28id%2Cname%2CcreatedTime%2CmodifiedTime%29 HTTP/11" 200 None
2025-07-09 15:46:32,282 - urllib3.connectionpool - DEBUG - Starting new HTTPS connection (1): sheets.googleapis.com:443
2025-07-09 15:46:33,298 - urllib3.connectionpool - DEBUG - https://sheets.googleapis.com:443 "GET /v4/spreadsheets/1UqCfVwwQfAkzRHG4_YCX8BD3Xl95KB7qvwjZNXWkzKw?includeGridData=false HTTP/11" 200 None
2025-07-09 15:46:33,892 - urllib3.connectionpool - DEBUG - https://sheets.googleapis.com:443 "GET /v4/spreadsheets/13UqQN6VXO9vTDIhyAEON9Qf5SD-1tgGgDA-Zo38udso?includeGridData=false HTTP/11" 200 None
2025-07-09 15:46:34,638 - urllib3.connectionpool - DEBUG - https://sheets.googleapis.com:443 "GET /v4/spreadsheets/19FjdgHOjwbrilbhBuNhn7cFwTzKqy7cabh1Nc6QQCv4?includeGridData=false HTTP/11" 200 None
2025-07-09 15:46:35,691 - urllib3.connectionpool - DEBUG - https://sheets.googleapis.com:443 "GET /v4/spreadsheets/1SUmyhIDrrJ4S142ueqetdkw9S2acUEHRnv-j20NKmcI?includeGridData=false HTTP/11" 200 None
2025-07-09 15:46:36,659 - urllib3.connectionpool - DEBUG - https://sheets.googleapis.com:443 "GET /v4/spreadsheets/1SKW_Tmk2H2V4OGKaELmVsvRmEe2x8UJJAKPdpTRimNg?includeGridData=false HTTP/11" 200 None
2025-07-09 15:46:37,392 - urllib3.connectionpool - DEBUG - https://sheets.googleapis.com:443 "GET /v4/spreadsheets/18Xzq0almiDk740OyywLTtj3gGXLA20AFHLZaAqZzEGI?includeGridData=false HTTP/11" 200 None
2025-07-09 15:46:37,971 - urllib3.connectionpool - DEBUG - https://sheets.googleapis.com:443 "GET /v4/spreadsheets/1fx7i_GmqdPns3nLCV8zYWBW_x3I3PLfGadTN3jwgeNU?includeGridData=false HTTP/11" 200 None
2025-07-09 15:46:38,783 - urllib3.connectionpool - DEBUG - https://sheets.googleapis.com:443 "GET /v4/spreadsheets/1N_nVB02dmzHTCNkufR2fmuRBY7Lf8FUbhTpqAEWRWF4?includeGridData=false HTTP/11" 200 None
2025-07-09 15:46:39,330 - urllib3.connectionpool - DEBUG - https://sheets.googleapis.com:443 "GET /v4/spreadsheets/1hvqq_x2xTFzgBWNI4eqWiLrB68UqK3k_h1IIlMinkAM?includeGridData=false HTTP/11" 200 None
2025-07-09 15:46:39,887 - urllib3.connectionpool - DEBUG - https://www.googleapis.com:443 "GET /drive/v3/files?q=mimeType%3D%22application%2Fvnd.google-apps.spreadsheet%22+and+name+%3D+%22gestion-conjuntos%22&pageSize=1000&supportsAllDrives=True&includeItemsFromAllDrives=True&fields=kind%2CnextPageToken%2Cfiles%28id%2Cname%2CcreatedTime%2CmodifiedTime%29 HTTP/11" 200 None
2025-07-09 15:46:40,197 - urllib3.connectionpool - DEBUG - https://sheets.googleapis.com:443 "GET /v4/spreadsheets/1UqCfVwwQfAkzRHG4_YCX8BD3Xl95KB7qvwjZNXWkzKw?includeGridData=false HTTP/11" 200 None
2025-07-09 15:46:40,532 - urllib3.connectionpool - DEBUG - https://sheets.googleapis.com:443 "GET /v4/spreadsheets/1UqCfVwwQfAkzRHG4_YCX8BD3Xl95KB7qvwjZNXWkzKw?includeGridData=false HTTP/11" 200 None
2025-07-09 15:46:40,886 - urllib3.connectionpool - DEBUG - https://sheets.googleapis.com:443 "GET /v4/spreadsheets/1UqCfVwwQfAkzRHG4_YCX8BD3Xl95KB7qvwjZNXWkzKw/values/%27Administracion_Financiera%27 HTTP/11" 200 None
2025-07-09 15:46:45,813 - urllib3.util.retry - DEBUG - Converted retries value: 3 -> Retry(total=3, connect=None, read=None, redirect=None, status=None)
2025-07-09 15:46:46,190 - google.auth.transport.requests - DEBUG - Making request: POST https://oauth2.googleapis.com/token
2025-07-09 15:46:46,263 - urllib3.connectionpool - DEBUG - Starting new HTTPS connection (1): oauth2.googleapis.com:443
2025-07-09 15:46:46,853 - urllib3.connectionpool - DEBUG - https://oauth2.googleapis.com:443 "POST /token HTTP/11" 200 None
2025-07-09 15:46:46,863 - urllib3.connectionpool - DEBUG - Starting new HTTPS connection (1): www.googleapis.com:443
2025-07-09 15:46:47,584 - urllib3.connectionpool - DEBUG - https://www.googleapis.com:443 "GET /drive/v3/files?q=mimeType%3D%22application%2Fvnd.google-apps.spreadsheet%22&pageSize=1000&supportsAllDrives=True&includeItemsFromAllDrives=True&fields=kind%2CnextPageToken%2Cfiles%28id%2Cname%2CcreatedTime%2CmodifiedTime%29 HTTP/11" 200 None
2025-07-09 15:46:47,593 - urllib3.connectionpool - DEBUG - Starting new HTTPS connection (1): sheets.googleapis.com:443
2025-07-09 15:46:48,469 - urllib3.connectionpool - DEBUG - https://sheets.googleapis.com:443 "GET /v4/spreadsheets/1UqCfVwwQfAkzRHG4_YCX8BD3Xl95KB7qvwjZNXWkzKw?includeGridData=false HTTP/11" 200 None
2025-07-09 15:46:48,797 - urllib3.connectionpool - DEBUG - https://sheets.googleapis.com:443 "GET /v4/spreadsheets/13UqQN6VXO9vTDIhyAEON9Qf5SD-1tgGgDA-Zo38udso?includeGridData=false HTTP/11" 200 None
2025-07-09 15:46:49,094 - urllib3.connectionpool - DEBUG - https://sheets.googleapis.com:443 "GET /v4/spreadsheets/19FjdgHOjwbrilbhBuNhn7cFwTzKqy7cabh1Nc6QQCv4?includeGridData=false HTTP/11" 200 None
2025-07-09 15:46:49,438 - urllib3.connectionpool - DEBUG - https://sheets.googleapis.com:443 "GET /v4/spreadsheets/1SUmyhIDrrJ4S142ueqetdkw9S2acUEHRnv-j20NKmcI?includeGridData=false HTTP/11" 200 None
2025-07-09 15:46:49,767 - urllib3.connectionpool - DEBUG - https://sheets.googleapis.com:443 "GET /v4/spreadsheets/1SKW_Tmk2H2V4OGKaELmVsvRmEe2x8UJJAKPdpTRimNg?includeGridData=false HTTP/11" 200 None
2025-07-09 15:46:50,137 - urllib3.connectionpool - DEBUG - https://sheets.googleapis.com:443 "GET /v4/spreadsheets/18Xzq0almiDk740OyywLTtj3gGXLA20AFHLZaAqZzEGI?includeGridData=false HTTP/11" 200 None
2025-07-09 15:46:50,455 - urllib3.connectionpool - DEBUG - https://sheets.googleapis.com:443 "GET /v4/spreadsheets/1fx7i_GmqdPns3nLCV8zYWBW_x3I3PLfGadTN3jwgeNU?includeGridData=false HTTP/11" 200 None
2025-07-09 15:46:50,777 - urllib3.connectionpool - DEBUG - https://sheets.googleapis.com:443 "GET /v4/spreadsheets/1N_nVB02dmzHTCNkufR2fmuRBY7Lf8FUbhTpqAEWRWF4?includeGridData=false HTTP/11" 200 None
2025-07-09 15:46:51,074 - urllib3.connectionpool - DEBUG - https://sheets.googleapis.com:443 "GET /v4/spreadsheets/1hvqq_x2xTFzgBWNI4eqWiLrB68UqK3k_h1IIlMinkAM?includeGridData=false HTTP/11" 200 None
2025-07-09 15:46:51,587 - urllib3.connectionpool - DEBUG - https://www.googleapis.com:443 "GET /drive/v3/files?q=mimeType%3D%22application%2Fvnd.google-apps.spreadsheet%22+and+name+%3D+%22gestion-conjuntos%22&pageSize=1000&supportsAllDrives=True&includeItemsFromAllDrives=True&fields=kind%2CnextPageToken%2Cfiles%28id%2Cname%2CcreatedTime%2CmodifiedTime%29 HTTP/11" 200 None
2025-07-09 15:46:51,650 - PIL.PngImagePlugin - DEBUG - STREAM b'IHDR' 16 13
2025-07-09 15:46:51,650 - PIL.PngImagePlugin - DEBUG - STREAM b'sRGB' 41 1
2025-07-09 15:46:51,650 - PIL.PngImagePlugin - DEBUG - STREAM b'gAMA' 54 4
2025-07-09 15:46:51,650 - PIL.PngImagePlugin - DEBUG - STREAM b'pHYs' 70 9
2025-07-09 15:46:51,650 - PIL.PngImagePlugin - DEBUG - STREAM b'IDAT' 91 25735
2025-07-09 15:46:52,053 - urllib3.connectionpool - DEBUG - https://sheets.googleapis.com:443 "GET /v4/spreadsheets/1UqCfVwwQfAkzRHG4_YCX8BD3Xl95KB7qvwjZNXWkzKw?includeGridData=false HTTP/11" 200 None
2025-07-09 15:46:52,847 - PIL.PngImagePlugin - DEBUG - STREAM b'IHDR' 16 13
2025-07-09 15:46:52,848 - PIL.PngImagePlugin - DEBUG - STREAM b'sRGB' 41 1
2025-07-09 15:46:52,848 - PIL.PngImagePlugin - DEBUG - STREAM b'gAMA' 54 4
2025-07-09 15:46:52,849 - PIL.PngImagePlugin - DEBUG - STREAM b'pHYs' 70 9
2025-07-09 15:46:52,849 - PIL.PngImagePlugin - DEBUG - STREAM b'IDAT' 91 25735
2025-07-09 15:55:00,551 - PIL.PngImagePlugin - DEBUG - STREAM b'IHDR' 16 13
2025-07-09 15:55:00,552 - PIL.PngImagePlugin - DEBUG - STREAM b'sRGB' 41 1
2025-07-09 15:55:00,553 - PIL.PngImagePlugin - DEBUG - STREAM b'gAMA' 54 4
2025-07-09 15:55:00,553 - PIL.PngImagePlugin - DEBUG - STREAM b'pHYs' 70 9
2025-07-09 15:55:00,561 - PIL.PngImagePlugin - DEBUG - STREAM b'IDAT' 91 25735
2025-07-09 15:55:02,391 - PIL.PngImagePlugin - DEBUG - STREAM b'IHDR' 16 13
2025-07-09 15:55:02,392 - PIL.PngImagePlugin - DEBUG - STREAM b'IDAT' 41 17057
2025-07-09 15:55:02,392 - PIL.PngImagePlugin - DEBUG - STREAM b'IHDR' 16 13
2025-07-09 15:55:02,397 - PIL.PngImagePlugin - DEBUG - STREAM b'IDAT' 41 17057
2025-07-09 15:55:04,602 - urllib3.util.retry - DEBUG - Converted retries value: 3 -> Retry(total=3, connect=None, read=None, redirect=None, status=None)
2025-07-09 15:55:04,758 - google.auth.transport.requests - DEBUG - Making request: POST https://oauth2.googleapis.com/token
2025-07-09 15:55:04,758 - urllib3.connectionpool - DEBUG - Starting new HTTPS connection (1): oauth2.googleapis.com:443
2025-07-09 15:55:05,322 - urllib3.connectionpool - DEBUG - https://oauth2.googleapis.com:443 "POST /token HTTP/11" 200 None
2025-07-09 15:55:05,337 - urllib3.connectionpool - DEBUG - Starting new HTTPS connection (1): www.googleapis.com:443
2025-07-09 15:55:06,134 - urllib3.connectionpool - DEBUG - https://www.googleapis.com:443 "GET /drive/v3/files?q=mimeType%3D%22application%2Fvnd.google-apps.spreadsheet%22&pageSize=1000&supportsAllDrives=True&includeItemsFromAllDrives=True&fields=kind%2CnextPageToken%2Cfiles%28id%2Cname%2CcreatedTime%2CmodifiedTime%29 HTTP/11" 200 None
2025-07-09 15:55:06,159 - urllib3.connectionpool - DEBUG - Starting new HTTPS connection (1): sheets.googleapis.com:443
2025-07-09 15:55:06,857 - urllib3.connectionpool - DEBUG - https://sheets.googleapis.com:443 "GET /v4/spreadsheets/1UqCfVwwQfAkzRHG4_YCX8BD3Xl95KB7qvwjZNXWkzKw?includeGridData=false HTTP/11" 200 None
2025-07-09 15:55:07,505 - urllib3.connectionpool - DEBUG - https://sheets.googleapis.com:443 "GET /v4/spreadsheets/13UqQN6VXO9vTDIhyAEON9Qf5SD-1tgGgDA-Zo38udso?includeGridData=false HTTP/11" 200 None
2025-07-09 15:55:08,342 - urllib3.connectionpool - DEBUG - https://sheets.googleapis.com:443 "GET /v4/spreadsheets/19FjdgHOjwbrilbhBuNhn7cFwTzKqy7cabh1Nc6QQCv4?includeGridData=false HTTP/11" 200 None
2025-07-09 15:55:09,440 - urllib3.connectionpool - DEBUG - https://sheets.googleapis.com:443 "GET /v4/spreadsheets/1SUmyhIDrrJ4S142ueqetdkw9S2acUEHRnv-j20NKmcI?includeGridData=false HTTP/11" 200 None
2025-07-09 15:55:10,448 - urllib3.connectionpool - DEBUG - https://sheets.googleapis.com:443 "GET /v4/spreadsheets/1SKW_Tmk2H2V4OGKaELmVsvRmEe2x8UJJAKPdpTRimNg?includeGridData=false HTTP/11" 200 None
2025-07-09 15:55:11,180 - urllib3.connectionpool - DEBUG - https://sheets.googleapis.com:443 "GET /v4/spreadsheets/18Xzq0almiDk740OyywLTtj3gGXLA20AFHLZaAqZzEGI?includeGridData=false HTTP/11" 200 None
2025-07-09 15:55:11,446 - PIL.PngImagePlugin - DEBUG - STREAM b'IHDR' 16 13
2025-07-09 15:55:11,446 - PIL.PngImagePlugin - DEBUG - STREAM b'sRGB' 41 1
2025-07-09 15:55:11,446 - PIL.PngImagePlugin - DEBUG - STREAM b'gAMA' 54 4
2025-07-09 15:55:11,446 - PIL.PngImagePlugin - DEBUG - STREAM b'pHYs' 70 9
2025-07-09 15:55:11,446 - PIL.PngImagePlugin - DEBUG - STREAM b'IDAT' 91 25735
2025-07-09 15:55:12,449 - urllib3.connectionpool - DEBUG - https://sheets.googleapis.com:443 "GET /v4/spreadsheets/1fx7i_GmqdPns3nLCV8zYWBW_x3I3PLfGadTN3jwgeNU?includeGridData=false HTTP/11" 200 None
2025-07-09 15:55:12,508 - PIL.PngImagePlugin - DEBUG - STREAM b'IHDR' 16 13
2025-07-09 15:55:12,512 - PIL.PngImagePlugin - DEBUG - STREAM b'sRGB' 41 1
2025-07-09 15:55:12,512 - PIL.PngImagePlugin - DEBUG - STREAM b'gAMA' 54 4
2025-07-09 15:55:12,514 - PIL.PngImagePlugin - DEBUG - STREAM b'pHYs' 70 9
2025-07-09 15:55:12,515 - PIL.PngImagePlugin - DEBUG - STREAM b'IDAT' 91 25735
2025-07-09 15:55:13,161 - urllib3.connectionpool - DEBUG - https://sheets.googleapis.com:443 "GET /v4/spreadsheets/1N_nVB02dmzHTCNkufR2fmuRBY7Lf8FUbhTpqAEWRWF4?includeGridData=false HTTP/11" 200 None
2025-07-09 15:55:13,671 - urllib3.util.retry - DEBUG - Converted retries value: 3 -> Retry(total=3, connect=None, read=None, redirect=None, status=None)
2025-07-09 15:55:13,718 - urllib3.connectionpool - DEBUG - https://sheets.googleapis.com:443 "GET /v4/spreadsheets/1hvqq_x2xTFzgBWNI4eqWiLrB68UqK3k_h1IIlMinkAM?includeGridData=false HTTP/11" 200 None
2025-07-09 15:55:13,968 - google.auth.transport.requests - DEBUG - Making request: POST https://oauth2.googleapis.com/token
2025-07-09 15:55:13,984 - urllib3.connectionpool - DEBUG - Starting new HTTPS connection (1): oauth2.googleapis.com:443
2025-07-09 15:55:14,359 - urllib3.connectionpool - DEBUG - https://oauth2.googleapis.com:443 "POST /token HTTP/11" 200 None
2025-07-09 15:55:14,375 - urllib3.connectionpool - DEBUG - Starting new HTTPS connection (1): www.googleapis.com:443
2025-07-09 15:55:15,078 - urllib3.connectionpool - DEBUG - https://www.googleapis.com:443 "GET /drive/v3/files?q=mimeType%3D%22application%2Fvnd.google-apps.spreadsheet%22&pageSize=1000&supportsAllDrives=True&includeItemsFromAllDrives=True&fields=kind%2CnextPageToken%2Cfiles%28id%2Cname%2CcreatedTime%2CmodifiedTime%29 HTTP/11" 200 None
2025-07-09 15:55:15,078 - urllib3.connectionpool - DEBUG - Starting new HTTPS connection (1): sheets.googleapis.com:443
2025-07-09 15:55:15,671 - urllib3.connectionpool - DEBUG - https://sheets.googleapis.com:443 "GET /v4/spreadsheets/1UqCfVwwQfAkzRHG4_YCX8BD3Xl95KB7qvwjZNXWkzKw?includeGridData=false HTTP/11" 200 None
2025-07-09 15:55:16,031 - urllib3.connectionpool - DEBUG - https://sheets.googleapis.com:443 "GET /v4/spreadsheets/13UqQN6VXO9vTDIhyAEON9Qf5SD-1tgGgDA-Zo38udso?includeGridData=false HTTP/11" 200 None
2025-07-09 15:55:16,296 - urllib3.connectionpool - DEBUG - https://sheets.googleapis.com:443 "GET /v4/spreadsheets/19FjdgHOjwbrilbhBuNhn7cFwTzKqy7cabh1Nc6QQCv4?includeGridData=false HTTP/11" 200 None
2025-07-09 15:55:16,562 - urllib3.connectionpool - DEBUG - https://sheets.googleapis.com:443 "GET /v4/spreadsheets/1SUmyhIDrrJ4S142ueqetdkw9S2acUEHRnv-j20NKmcI?includeGridData=false HTTP/11" 200 None
2025-07-09 15:55:16,877 - urllib3.connectionpool - DEBUG - https://sheets.googleapis.com:443 "GET /v4/spreadsheets/1SKW_Tmk2H2V4OGKaELmVsvRmEe2x8UJJAKPdpTRimNg?includeGridData=false HTTP/11" 200 None
2025-07-09 15:55:17,245 - urllib3.connectionpool - DEBUG - https://sheets.googleapis.com:443 "GET /v4/spreadsheets/18Xzq0almiDk740OyywLTtj3gGXLA20AFHLZaAqZzEGI?includeGridData=false HTTP/11" 200 None
2025-07-09 15:55:17,540 - urllib3.connectionpool - DEBUG - https://sheets.googleapis.com:443 "GET /v4/spreadsheets/1fx7i_GmqdPns3nLCV8zYWBW_x3I3PLfGadTN3jwgeNU?includeGridData=false HTTP/11" 200 None
2025-07-09 15:55:17,808 - urllib3.connectionpool - DEBUG - https://sheets.googleapis.com:443 "GET /v4/spreadsheets/1N_nVB02dmzHTCNkufR2fmuRBY7Lf8FUbhTpqAEWRWF4?includeGridData=false HTTP/11" 200 None
2025-07-09 15:55:18,080 - urllib3.connectionpool - DEBUG - https://sheets.googleapis.com:443 "GET /v4/spreadsheets/1hvqq_x2xTFzgBWNI4eqWiLrB68UqK3k_h1IIlMinkAM?includeGridData=false HTTP/11" 200 None
2025-07-09 15:55:43,423 - PIL.PngImagePlugin - DEBUG - STREAM b'IHDR' 16 13
2025-07-09 15:55:43,424 - PIL.PngImagePlugin - DEBUG - STREAM b'sRGB' 41 1
2025-07-09 15:55:43,424 - PIL.PngImagePlugin - DEBUG - STREAM b'gAMA' 54 4
2025-07-09 15:55:43,425 - PIL.PngImagePlugin - DEBUG - STREAM b'pHYs' 70 9
2025-07-09 15:55:43,426 - PIL.PngImagePlugin - DEBUG - STREAM b'IDAT' 91 25735
2025-07-09 15:56:09,216 - PIL.PngImagePlugin - DEBUG - STREAM b'IHDR' 16 13
2025-07-09 15:56:09,217 - PIL.PngImagePlugin - DEBUG - STREAM b'sRGB' 41 1
2025-07-09 15:56:09,217 - PIL.PngImagePlugin - DEBUG - STREAM b'gAMA' 54 4
2025-07-09 15:56:09,218 - PIL.PngImagePlugin - DEBUG - STREAM b'pHYs' 70 9
2025-07-09 15:56:09,218 - PIL.PngImagePlugin - DEBUG - STREAM b'IDAT' 91 25735
2025-07-09 15:56:13,897 - urllib3.connectionpool - DEBUG - https://www.googleapis.com:443 "GET /drive/v3/files?q=mimeType%3D%22application%2Fvnd.google-apps.spreadsheet%22+and+name+%3D+%22gestion-conjuntos%22&pageSize=1000&supportsAllDrives=True&includeItemsFromAllDrives=True&fields=kind%2CnextPageToken%2Cfiles%28id%2Cname%2CcreatedTime%2CmodifiedTime%29 HTTP/11" 200 None
2025-07-09 15:56:14,244 - urllib3.connectionpool - DEBUG - https://sheets.googleapis.com:443 "GET /v4/spreadsheets/1UqCfVwwQfAkzRHG4_YCX8BD3Xl95KB7qvwjZNXWkzKw?includeGridData=false HTTP/11" 200 None
2025-07-09 15:56:14,563 - urllib3.connectionpool - DEBUG - https://sheets.googleapis.com:443 "GET /v4/spreadsheets/1UqCfVwwQfAkzRHG4_YCX8BD3Xl95KB7qvwjZNXWkzKw?includeGridData=false HTTP/11" 200 None
2025-07-09 15:56:14,890 - urllib3.connectionpool - DEBUG - https://sheets.googleapis.com:443 "GET /v4/spreadsheets/1UqCfVwwQfAkzRHG4_YCX8BD3Xl95KB7qvwjZNXWkzKw/values/%27Administracion_Financiera%27 HTTP/11" 200 None
