2025-06-08 07:08:13,694 - PIL.PngImagePlugin - DEBUG - STREAM b'IHDR' 16 13
2025-06-08 07:08:13,741 - PIL.PngImagePlugin - DEBUG - STREAM b'sRGB' 41 1
2025-06-08 07:08:13,741 - PIL.PngImagePlugin - DEBUG - STREAM b'gAMA' 54 4
2025-06-08 07:08:13,741 - PIL.PngImagePlugin - DEBUG - STREAM b'pHYs' 70 9
2025-06-08 07:08:13,741 - PIL.PngImagePlugin - DEBUG - STREAM b'IDAT' 91 25735
2025-06-08 07:08:16,135 - PIL.PngImagePlugin - DEBUG - STREAM b'IHDR' 16 13
2025-06-08 07:08:16,136 - PIL.PngImagePlugin - DEBUG - STREAM b'IDAT' 41 17057
2025-06-08 07:08:16,136 - PIL.PngImagePlugin - DEBUG - STREAM b'IHDR' 16 13
2025-06-08 07:08:16,137 - PIL.PngImagePlugin - DEBUG - STREAM b'IDAT' 41 17057
2025-06-08 07:08:17,948 - urllib3.util.retry - DEBUG - Converted retries value: 3 -> Retry(total=3, connect=None, read=None, redirect=None, status=None)
2025-06-08 07:08:18,320 - google.auth.transport.requests - DEBUG - Making request: POST https://oauth2.googleapis.com/token
2025-06-08 07:08:18,692 - urllib3.connectionpool - DEBUG - Starting new HTTPS connection (1): oauth2.googleapis.com:443
2025-06-08 07:08:21,810 - urllib3.connectionpool - DEBUG - https://oauth2.googleapis.com:443 "POST /token HTTP/11" 200 None
2025-06-08 07:08:22,096 - urllib3.connectionpool - DEBUG - Starting new HTTPS connection (1): www.googleapis.com:443
2025-06-08 07:08:23,124 - urllib3.connectionpool - DEBUG - https://www.googleapis.com:443 "GET /drive/v3/files?q=mimeType%3D%22application%2Fvnd.google-apps.spreadsheet%22&pageSize=1000&supportsAllDrives=True&includeItemsFromAllDrives=True&fields=kind%2CnextPageToken%2Cfiles%28id%2Cname%2CcreatedTime%2CmodifiedTime%29 HTTP/11" 200 None
2025-06-08 07:08:23,139 - urllib3.connectionpool - DEBUG - Starting new HTTPS connection (1): sheets.googleapis.com:443
2025-06-08 07:08:23,985 - urllib3.connectionpool - DEBUG - https://sheets.googleapis.com:443 "GET /v4/spreadsheets/1UqCfVwwQfAkzRHG4_YCX8BD3Xl95KB7qvwjZNXWkzKw?includeGridData=false HTTP/11" 200 None
2025-06-08 07:08:24,490 - urllib3.connectionpool - DEBUG - https://sheets.googleapis.com:443 "GET /v4/spreadsheets/13UqQN6VXO9vTDIhyAEON9Qf5SD-1tgGgDA-Zo38udso?includeGridData=false HTTP/11" 200 None
2025-06-08 07:08:24,974 - urllib3.connectionpool - DEBUG - https://sheets.googleapis.com:443 "GET /v4/spreadsheets/19FjdgHOjwbrilbhBuNhn7cFwTzKqy7cabh1Nc6QQCv4?includeGridData=false HTTP/11" 200 None
2025-06-08 07:08:25,443 - urllib3.connectionpool - DEBUG - https://sheets.googleapis.com:443 "GET /v4/spreadsheets/1SUmyhIDrrJ4S142ueqetdkw9S2acUEHRnv-j20NKmcI?includeGridData=false HTTP/11" 200 None
2025-06-08 07:08:25,896 - urllib3.connectionpool - DEBUG - https://sheets.googleapis.com:443 "GET /v4/spreadsheets/1SKW_Tmk2H2V4OGKaELmVsvRmEe2x8UJJAKPdpTRimNg?includeGridData=false HTTP/11" 200 None
2025-06-08 07:08:26,380 - urllib3.connectionpool - DEBUG - https://sheets.googleapis.com:443 "GET /v4/spreadsheets/18Xzq0almiDk740OyywLTtj3gGXLA20AFHLZaAqZzEGI?includeGridData=false HTTP/11" 200 None
2025-06-08 07:08:26,787 - urllib3.connectionpool - DEBUG - https://sheets.googleapis.com:443 "GET /v4/spreadsheets/1fx7i_GmqdPns3nLCV8zYWBW_x3I3PLfGadTN3jwgeNU?includeGridData=false HTTP/11" 200 None
2025-06-08 07:08:27,099 - urllib3.connectionpool - DEBUG - https://sheets.googleapis.com:443 "GET /v4/spreadsheets/1N_nVB02dmzHTCNkufR2fmuRBY7Lf8FUbhTpqAEWRWF4?includeGridData=false HTTP/11" 200 None
2025-06-08 07:08:27,599 - urllib3.connectionpool - DEBUG - https://sheets.googleapis.com:443 "GET /v4/spreadsheets/1hvqq_x2xTFzgBWNI4eqWiLrB68UqK3k_h1IIlMinkAM?includeGridData=false HTTP/11" 200 None
2025-06-08 07:08:28,051 - urllib3.connectionpool - DEBUG - https://www.googleapis.com:443 "GET /drive/v3/files?q=mimeType%3D%22application%2Fvnd.google-apps.spreadsheet%22+and+name+%3D+%22gestion-conjuntos%22&pageSize=1000&supportsAllDrives=True&includeItemsFromAllDrives=True&fields=kind%2CnextPageToken%2Cfiles%28id%2Cname%2CcreatedTime%2CmodifiedTime%29 HTTP/11" 200 None
2025-06-08 07:08:28,445 - urllib3.connectionpool - DEBUG - https://sheets.googleapis.com:443 "GET /v4/spreadsheets/1UqCfVwwQfAkzRHG4_YCX8BD3Xl95KB7qvwjZNXWkzKw?includeGridData=false HTTP/11" 200 None
2025-06-08 07:08:28,866 - urllib3.connectionpool - DEBUG - https://sheets.googleapis.com:443 "GET /v4/spreadsheets/1UqCfVwwQfAkzRHG4_YCX8BD3Xl95KB7qvwjZNXWkzKw?includeGridData=false HTTP/11" 200 None
2025-06-08 07:08:29,304 - urllib3.connectionpool - DEBUG - https://sheets.googleapis.com:443 "GET /v4/spreadsheets/1UqCfVwwQfAkzRHG4_YCX8BD3Xl95KB7qvwjZNXWkzKw/values/%27Control_Residentes%27 HTTP/11" 200 None
2025-06-08 07:15:57,409 - PIL.PngImagePlugin - DEBUG - STREAM b'IHDR' 16 13
2025-06-08 07:15:57,409 - PIL.PngImagePlugin - DEBUG - STREAM b'sRGB' 41 1
2025-06-08 07:15:57,409 - PIL.PngImagePlugin - DEBUG - STREAM b'gAMA' 54 4
2025-06-08 07:15:57,409 - PIL.PngImagePlugin - DEBUG - STREAM b'pHYs' 70 9
2025-06-08 07:15:57,409 - PIL.PngImagePlugin - DEBUG - STREAM b'IDAT' 91 25735
2025-06-08 07:15:58,280 - PIL.PngImagePlugin - DEBUG - STREAM b'IHDR' 16 13
2025-06-08 07:15:58,281 - PIL.PngImagePlugin - DEBUG - STREAM b'sRGB' 41 1
2025-06-08 07:15:58,282 - PIL.PngImagePlugin - DEBUG - STREAM b'gAMA' 54 4
2025-06-08 07:15:58,282 - PIL.PngImagePlugin - DEBUG - STREAM b'pHYs' 70 9
2025-06-08 07:15:58,283 - PIL.PngImagePlugin - DEBUG - STREAM b'IDAT' 91 25735
2025-06-08 07:16:00,746 - urllib3.util.retry - DEBUG - Converted retries value: 3 -> Retry(total=3, connect=None, read=None, redirect=None, status=None)
2025-06-08 07:16:00,948 - google.auth.transport.requests - DEBUG - Making request: POST https://oauth2.googleapis.com/token
2025-06-08 07:16:00,956 - urllib3.connectionpool - DEBUG - Starting new HTTPS connection (1): oauth2.googleapis.com:443
2025-06-08 07:16:01,586 - urllib3.connectionpool - DEBUG - https://oauth2.googleapis.com:443 "POST /token HTTP/11" 200 None
2025-06-08 07:16:01,597 - urllib3.connectionpool - DEBUG - Starting new HTTPS connection (1): www.googleapis.com:443
2025-06-08 07:16:02,270 - urllib3.connectionpool - DEBUG - https://www.googleapis.com:443 "GET /drive/v3/files?q=mimeType%3D%22application%2Fvnd.google-apps.spreadsheet%22&pageSize=1000&supportsAllDrives=True&includeItemsFromAllDrives=True&fields=kind%2CnextPageToken%2Cfiles%28id%2Cname%2CcreatedTime%2CmodifiedTime%29 HTTP/11" 200 None
2025-06-08 07:16:02,282 - urllib3.connectionpool - DEBUG - Starting new HTTPS connection (1): sheets.googleapis.com:443
2025-06-08 07:16:03,028 - urllib3.connectionpool - DEBUG - https://sheets.googleapis.com:443 "GET /v4/spreadsheets/1UqCfVwwQfAkzRHG4_YCX8BD3Xl95KB7qvwjZNXWkzKw?includeGridData=false HTTP/11" 200 None
2025-06-08 07:16:03,361 - urllib3.connectionpool - DEBUG - https://sheets.googleapis.com:443 "GET /v4/spreadsheets/13UqQN6VXO9vTDIhyAEON9Qf5SD-1tgGgDA-Zo38udso?includeGridData=false HTTP/11" 200 None
2025-06-08 07:16:03,836 - urllib3.connectionpool - DEBUG - https://sheets.googleapis.com:443 "GET /v4/spreadsheets/19FjdgHOjwbrilbhBuNhn7cFwTzKqy7cabh1Nc6QQCv4?includeGridData=false HTTP/11" 200 None
2025-06-08 07:16:04,345 - urllib3.connectionpool - DEBUG - https://sheets.googleapis.com:443 "GET /v4/spreadsheets/1SUmyhIDrrJ4S142ueqetdkw9S2acUEHRnv-j20NKmcI?includeGridData=false HTTP/11" 200 None
2025-06-08 07:16:04,734 - urllib3.connectionpool - DEBUG - https://sheets.googleapis.com:443 "GET /v4/spreadsheets/1SKW_Tmk2H2V4OGKaELmVsvRmEe2x8UJJAKPdpTRimNg?includeGridData=false HTTP/11" 200 None
2025-06-08 07:16:05,285 - urllib3.connectionpool - DEBUG - https://sheets.googleapis.com:443 "GET /v4/spreadsheets/18Xzq0almiDk740OyywLTtj3gGXLA20AFHLZaAqZzEGI?includeGridData=false HTTP/11" 200 None
2025-06-08 07:16:05,658 - urllib3.connectionpool - DEBUG - https://sheets.googleapis.com:443 "GET /v4/spreadsheets/1fx7i_GmqdPns3nLCV8zYWBW_x3I3PLfGadTN3jwgeNU?includeGridData=false HTTP/11" 200 None
2025-06-08 07:16:05,934 - urllib3.connectionpool - DEBUG - https://sheets.googleapis.com:443 "GET /v4/spreadsheets/1N_nVB02dmzHTCNkufR2fmuRBY7Lf8FUbhTpqAEWRWF4?includeGridData=false HTTP/11" 200 None
2025-06-08 07:16:06,403 - urllib3.connectionpool - DEBUG - https://sheets.googleapis.com:443 "GET /v4/spreadsheets/1hvqq_x2xTFzgBWNI4eqWiLrB68UqK3k_h1IIlMinkAM?includeGridData=false HTTP/11" 200 None
2025-06-08 07:16:06,707 - PIL.PngImagePlugin - DEBUG - STREAM b'IHDR' 16 13
2025-06-08 07:16:06,708 - PIL.PngImagePlugin - DEBUG - STREAM b'sRGB' 41 1
2025-06-08 07:16:06,709 - PIL.PngImagePlugin - DEBUG - STREAM b'gAMA' 54 4
2025-06-08 07:16:06,709 - PIL.PngImagePlugin - DEBUG - STREAM b'pHYs' 70 9
2025-06-08 07:16:06,710 - PIL.PngImagePlugin - DEBUG - STREAM b'IDAT' 91 25735
2025-06-08 07:16:20,024 - PIL.PngImagePlugin - DEBUG - STREAM b'IHDR' 16 13
2025-06-08 07:16:20,024 - PIL.PngImagePlugin - DEBUG - STREAM b'sRGB' 41 1
2025-06-08 07:16:20,024 - PIL.PngImagePlugin - DEBUG - STREAM b'gAMA' 54 4
2025-06-08 07:16:20,024 - PIL.PngImagePlugin - DEBUG - STREAM b'pHYs' 70 9
2025-06-08 07:16:20,024 - PIL.PngImagePlugin - DEBUG - STREAM b'IDAT' 91 25735
2025-06-08 07:16:21,337 - urllib3.connectionpool - DEBUG - https://www.googleapis.com:443 "GET /drive/v3/files?q=mimeType%3D%22application%2Fvnd.google-apps.spreadsheet%22+and+name+%3D+%22gestion-conjuntos%22&pageSize=1000&supportsAllDrives=True&includeItemsFromAllDrives=True&fields=kind%2CnextPageToken%2Cfiles%28id%2Cname%2CcreatedTime%2CmodifiedTime%29 HTTP/11" 200 None
2025-06-08 07:16:21,800 - urllib3.connectionpool - DEBUG - https://sheets.googleapis.com:443 "GET /v4/spreadsheets/1UqCfVwwQfAkzRHG4_YCX8BD3Xl95KB7qvwjZNXWkzKw?includeGridData=false HTTP/11" 200 None
2025-06-08 07:16:22,059 - urllib3.connectionpool - DEBUG - https://sheets.googleapis.com:443 "GET /v4/spreadsheets/1UqCfVwwQfAkzRHG4_YCX8BD3Xl95KB7qvwjZNXWkzKw?includeGridData=false HTTP/11" 200 None
2025-06-08 07:16:22,452 - urllib3.connectionpool - DEBUG - https://sheets.googleapis.com:443 "GET /v4/spreadsheets/1UqCfVwwQfAkzRHG4_YCX8BD3Xl95KB7qvwjZNXWkzKw?includeGridData=false HTTP/11" 200 None
2025-06-08 07:16:22,904 - urllib3.connectionpool - DEBUG - https://sheets.googleapis.com:443 "GET /v4/spreadsheets/1UqCfVwwQfAkzRHG4_YCX8BD3Xl95KB7qvwjZNXWkzKw/values/%27Control_Residentes%27 HTTP/11" 200 None
2025-06-08 07:16:25,282 - urllib3.connectionpool - DEBUG - https://sheets.googleapis.com:443 "GET /v4/spreadsheets/1UqCfVwwQfAkzRHG4_YCX8BD3Xl95KB7qvwjZNXWkzKw?includeGridData=false HTTP/11" 200 None
2025-06-08 07:16:25,731 - urllib3.connectionpool - DEBUG - https://sheets.googleapis.com:443 "GET /v4/spreadsheets/1UqCfVwwQfAkzRHG4_YCX8BD3Xl95KB7qvwjZNXWkzKw/values/%27Control_Residentes%27 HTTP/11" 200 None
2025-06-08 07:16:37,957 - PIL.PngImagePlugin - DEBUG - STREAM b'IHDR' 16 13
2025-06-08 07:16:37,957 - PIL.PngImagePlugin - DEBUG - STREAM b'sRGB' 41 1
2025-06-08 07:16:37,957 - PIL.PngImagePlugin - DEBUG - STREAM b'gAMA' 54 4
2025-06-08 07:16:37,957 - PIL.PngImagePlugin - DEBUG - STREAM b'pHYs' 70 9
2025-06-08 07:16:37,957 - PIL.PngImagePlugin - DEBUG - STREAM b'IDAT' 91 25735
2025-06-08 07:16:40,864 - urllib3.connectionpool - DEBUG - https://sheets.googleapis.com:443 "GET /v4/spreadsheets/1UqCfVwwQfAkzRHG4_YCX8BD3Xl95KB7qvwjZNXWkzKw?includeGridData=false HTTP/11" 200 None
2025-06-08 07:16:41,299 - urllib3.connectionpool - DEBUG - https://sheets.googleapis.com:443 "GET /v4/spreadsheets/1UqCfVwwQfAkzRHG4_YCX8BD3Xl95KB7qvwjZNXWkzKw/values/%27Administracion_Financiera%27 HTTP/11" 200 None
2025-06-08 07:16:45,095 - urllib3.connectionpool - DEBUG - https://sheets.googleapis.com:443 "GET /v4/spreadsheets/1UqCfVwwQfAkzRHG4_YCX8BD3Xl95KB7qvwjZNXWkzKw?includeGridData=false HTTP/11" 200 None
2025-06-08 07:16:45,520 - urllib3.connectionpool - DEBUG - https://sheets.googleapis.com:443 "GET /v4/spreadsheets/1UqCfVwwQfAkzRHG4_YCX8BD3Xl95KB7qvwjZNXWkzKw/values/%27Administracion_Financiera%27 HTTP/11" 200 None
2025-06-08 07:16:51,474 - PIL.PngImagePlugin - DEBUG - STREAM b'IHDR' 16 13
2025-06-08 07:16:51,474 - PIL.PngImagePlugin - DEBUG - STREAM b'sRGB' 41 1
2025-06-08 07:16:51,475 - PIL.PngImagePlugin - DEBUG - STREAM b'gAMA' 54 4
2025-06-08 07:16:51,475 - PIL.PngImagePlugin - DEBUG - STREAM b'pHYs' 70 9
2025-06-08 07:16:51,476 - PIL.PngImagePlugin - DEBUG - STREAM b'IDAT' 91 25735
2025-06-08 07:16:52,058 - urllib3.connectionpool - DEBUG - https://sheets.googleapis.com:443 "GET /v4/spreadsheets/1UqCfVwwQfAkzRHG4_YCX8BD3Xl95KB7qvwjZNXWkzKw?includeGridData=false HTTP/11" 200 None
2025-06-08 07:16:52,366 - urllib3.connectionpool - DEBUG - https://sheets.googleapis.com:443 "GET /v4/spreadsheets/1UqCfVwwQfAkzRHG4_YCX8BD3Xl95KB7qvwjZNXWkzKw/values/%27Gestion_Mantenimiento%27 HTTP/11" 200 None
2025-06-08 07:16:52,748 - urllib3.connectionpool - DEBUG - https://sheets.googleapis.com:443 "GET /v4/spreadsheets/1UqCfVwwQfAkzRHG4_YCX8BD3Xl95KB7qvwjZNXWkzKw?includeGridData=false HTTP/11" 200 None
2025-06-08 07:16:53,024 - urllib3.connectionpool - DEBUG - https://sheets.googleapis.com:443 "GET /v4/spreadsheets/1UqCfVwwQfAkzRHG4_YCX8BD3Xl95KB7qvwjZNXWkzKw/values/%27Gestion_Mantenimiento%27 HTTP/11" 200 None
2025-06-08 07:17:09,267 - PIL.PngImagePlugin - DEBUG - STREAM b'IHDR' 16 13
2025-06-08 07:17:09,269 - PIL.PngImagePlugin - DEBUG - STREAM b'sRGB' 41 1
2025-06-08 07:17:09,270 - PIL.PngImagePlugin - DEBUG - STREAM b'gAMA' 54 4
2025-06-08 07:17:09,270 - PIL.PngImagePlugin - DEBUG - STREAM b'pHYs' 70 9
2025-06-08 07:17:09,271 - PIL.PngImagePlugin - DEBUG - STREAM b'IDAT' 91 25735
2025-06-08 07:17:09,854 - urllib3.connectionpool - DEBUG - https://sheets.googleapis.com:443 "GET /v4/spreadsheets/1UqCfVwwQfAkzRHG4_YCX8BD3Xl95KB7qvwjZNXWkzKw?includeGridData=false HTTP/11" 200 None
2025-06-08 07:17:10,163 - urllib3.connectionpool - DEBUG - https://sheets.googleapis.com:443 "GET /v4/spreadsheets/1UqCfVwwQfAkzRHG4_YCX8BD3Xl95KB7qvwjZNXWkzKw/values/%27Control_Residentes%27 HTTP/11" 200 None
2025-06-08 07:17:10,497 - urllib3.connectionpool - DEBUG - https://sheets.googleapis.com:443 "GET /v4/spreadsheets/1UqCfVwwQfAkzRHG4_YCX8BD3Xl95KB7qvwjZNXWkzKw?includeGridData=false HTTP/11" 200 None
2025-06-08 07:17:10,771 - urllib3.connectionpool - DEBUG - https://sheets.googleapis.com:443 "GET /v4/spreadsheets/1UqCfVwwQfAkzRHG4_YCX8BD3Xl95KB7qvwjZNXWkzKw/values/%27Comunicacion_Residentes%27 HTTP/11" 200 None
2025-06-08 07:17:12,925 - urllib3.connectionpool - DEBUG - https://sheets.googleapis.com:443 "GET /v4/spreadsheets/1UqCfVwwQfAkzRHG4_YCX8BD3Xl95KB7qvwjZNXWkzKw?includeGridData=false HTTP/11" 200 None
2025-06-08 07:17:13,197 - urllib3.connectionpool - DEBUG - https://sheets.googleapis.com:443 "GET /v4/spreadsheets/1UqCfVwwQfAkzRHG4_YCX8BD3Xl95KB7qvwjZNXWkzKw/values/%27Comunicacion_Residentes%27 HTTP/11" 200 None
2025-06-08 07:17:46,638 - PIL.PngImagePlugin - DEBUG - STREAM b'IHDR' 16 13
2025-06-08 07:17:46,639 - PIL.PngImagePlugin - DEBUG - STREAM b'sRGB' 41 1
2025-06-08 07:17:46,639 - PIL.PngImagePlugin - DEBUG - STREAM b'gAMA' 54 4
2025-06-08 07:17:46,641 - PIL.PngImagePlugin - DEBUG - STREAM b'pHYs' 70 9
2025-06-08 07:17:46,641 - PIL.PngImagePlugin - DEBUG - STREAM b'IDAT' 91 25735
2025-06-08 07:17:47,159 - urllib3.connectionpool - DEBUG - https://sheets.googleapis.com:443 "GET /v4/spreadsheets/1UqCfVwwQfAkzRHG4_YCX8BD3Xl95KB7qvwjZNXWkzKw?includeGridData=false HTTP/11" 200 None
2025-06-08 07:17:47,435 - urllib3.connectionpool - DEBUG - https://sheets.googleapis.com:443 "GET /v4/spreadsheets/1UqCfVwwQfAkzRHG4_YCX8BD3Xl95KB7qvwjZNXWkzKw/values/%27Control_Accesos%27 HTTP/11" 200 None
2025-06-08 07:17:47,890 - urllib3.connectionpool - DEBUG - https://sheets.googleapis.com:443 "GET /v4/spreadsheets/1UqCfVwwQfAkzRHG4_YCX8BD3Xl95KB7qvwjZNXWkzKw?includeGridData=false HTTP/11" 200 None
2025-06-08 07:17:48,120 - urllib3.connectionpool - DEBUG - https://sheets.googleapis.com:443 "GET /v4/spreadsheets/1UqCfVwwQfAkzRHG4_YCX8BD3Xl95KB7qvwjZNXWkzKw/values/%27Control_Accesos%27 HTTP/11" 200 None
2025-06-08 07:17:58,249 - PIL.PngImagePlugin - DEBUG - STREAM b'IHDR' 16 13
2025-06-08 07:17:58,249 - PIL.PngImagePlugin - DEBUG - STREAM b'sRGB' 41 1
2025-06-08 07:17:58,249 - PIL.PngImagePlugin - DEBUG - STREAM b'gAMA' 54 4
2025-06-08 07:17:58,249 - PIL.PngImagePlugin - DEBUG - STREAM b'pHYs' 70 9
2025-06-08 07:17:58,249 - PIL.PngImagePlugin - DEBUG - STREAM b'IDAT' 91 25735
2025-06-08 07:17:58,831 - urllib3.connectionpool - DEBUG - https://sheets.googleapis.com:443 "GET /v4/spreadsheets/1UqCfVwwQfAkzRHG4_YCX8BD3Xl95KB7qvwjZNXWkzKw?includeGridData=false HTTP/11" 200 None
2025-06-08 07:17:59,111 - urllib3.connectionpool - DEBUG - https://sheets.googleapis.com:443 "GET /v4/spreadsheets/1UqCfVwwQfAkzRHG4_YCX8BD3Xl95KB7qvwjZNXWkzKw/values/%27Areas_Comunes%27 HTTP/11" 200 None
2025-06-08 07:18:20,239 - PIL.PngImagePlugin - DEBUG - STREAM b'IHDR' 16 13
2025-06-08 07:18:20,240 - PIL.PngImagePlugin - DEBUG - STREAM b'sRGB' 41 1
2025-06-08 07:18:20,241 - PIL.PngImagePlugin - DEBUG - STREAM b'gAMA' 54 4
2025-06-08 07:18:20,241 - PIL.PngImagePlugin - DEBUG - STREAM b'pHYs' 70 9
2025-06-08 07:18:20,243 - PIL.PngImagePlugin - DEBUG - STREAM b'IDAT' 91 25735
2025-06-08 07:18:20,938 - urllib3.connectionpool - DEBUG - https://sheets.googleapis.com:443 "GET /v4/spreadsheets/1UqCfVwwQfAkzRHG4_YCX8BD3Xl95KB7qvwjZNXWkzKw?includeGridData=false HTTP/11" 200 None
2025-06-08 07:18:21,200 - urllib3.connectionpool - DEBUG - https://sheets.googleapis.com:443 "GET /v4/spreadsheets/1UqCfVwwQfAkzRHG4_YCX8BD3Xl95KB7qvwjZNXWkzKw/values/%27Ventas_Lotes%27 HTTP/11" 200 None
2025-06-08 07:18:21,488 - urllib3.connectionpool - DEBUG - https://sheets.googleapis.com:443 "GET /v4/spreadsheets/1UqCfVwwQfAkzRHG4_YCX8BD3Xl95KB7qvwjZNXWkzKw?includeGridData=false HTTP/11" 200 None
2025-06-08 07:18:21,769 - urllib3.connectionpool - DEBUG - https://sheets.googleapis.com:443 "GET /v4/spreadsheets/1UqCfVwwQfAkzRHG4_YCX8BD3Xl95KB7qvwjZNXWkzKw/values/%27Ventas_Lotes%27 HTTP/11" 200 None
2025-06-08 07:18:47,894 - PIL.PngImagePlugin - DEBUG - STREAM b'IHDR' 16 13
2025-06-08 07:18:47,895 - PIL.PngImagePlugin - DEBUG - STREAM b'sRGB' 41 1
2025-06-08 07:18:47,895 - PIL.PngImagePlugin - DEBUG - STREAM b'gAMA' 54 4
2025-06-08 07:18:47,896 - PIL.PngImagePlugin - DEBUG - STREAM b'pHYs' 70 9
2025-06-08 07:18:47,896 - PIL.PngImagePlugin - DEBUG - STREAM b'IDAT' 91 25735
2025-06-08 07:18:48,357 - PIL.PngImagePlugin - DEBUG - STREAM b'IHDR' 16 13
2025-06-08 07:18:48,358 - PIL.PngImagePlugin - DEBUG - STREAM b'sRGB' 41 1
2025-06-08 07:18:48,359 - PIL.PngImagePlugin - DEBUG - STREAM b'gAMA' 54 4
2025-06-08 07:18:48,359 - PIL.PngImagePlugin - DEBUG - STREAM b'pHYs' 70 9
2025-06-08 07:18:48,390 - PIL.PngImagePlugin - DEBUG - STREAM b'IDAT' 91 25735
2025-06-08 07:18:49,508 - PIL.PngImagePlugin - DEBUG - STREAM b'IHDR' 16 13
2025-06-08 07:18:49,509 - PIL.PngImagePlugin - DEBUG - STREAM b'IDAT' 41 17057
2025-06-08 07:18:49,510 - PIL.PngImagePlugin - DEBUG - STREAM b'IHDR' 16 13
2025-06-08 07:18:49,511 - PIL.PngImagePlugin - DEBUG - STREAM b'IDAT' 41 17057
2025-06-08 07:18:52,062 - urllib3.util.retry - DEBUG - Converted retries value: 3 -> Retry(total=3, connect=None, read=None, redirect=None, status=None)
2025-06-08 07:18:52,268 - google.auth.transport.requests - DEBUG - Making request: POST https://oauth2.googleapis.com/token
2025-06-08 07:18:52,290 - urllib3.connectionpool - DEBUG - Starting new HTTPS connection (1): oauth2.googleapis.com:443
2025-06-08 07:18:52,609 - urllib3.connectionpool - DEBUG - https://oauth2.googleapis.com:443 "POST /token HTTP/11" 200 None
2025-06-08 07:18:52,633 - urllib3.connectionpool - DEBUG - Starting new HTTPS connection (1): www.googleapis.com:443
2025-06-08 07:18:53,357 - urllib3.connectionpool - DEBUG - https://www.googleapis.com:443 "GET /drive/v3/files?q=mimeType%3D%22application%2Fvnd.google-apps.spreadsheet%22&pageSize=1000&supportsAllDrives=True&includeItemsFromAllDrives=True&fields=kind%2CnextPageToken%2Cfiles%28id%2Cname%2CcreatedTime%2CmodifiedTime%29 HTTP/11" 200 None
2025-06-08 07:18:53,372 - urllib3.connectionpool - DEBUG - Starting new HTTPS connection (1): sheets.googleapis.com:443
2025-06-08 07:18:54,048 - urllib3.connectionpool - DEBUG - https://sheets.googleapis.com:443 "GET /v4/spreadsheets/1UqCfVwwQfAkzRHG4_YCX8BD3Xl95KB7qvwjZNXWkzKw?includeGridData=false HTTP/11" 200 None
2025-06-08 07:18:54,523 - urllib3.connectionpool - DEBUG - https://sheets.googleapis.com:443 "GET /v4/spreadsheets/13UqQN6VXO9vTDIhyAEON9Qf5SD-1tgGgDA-Zo38udso?includeGridData=false HTTP/11" 200 None
2025-06-08 07:18:55,048 - urllib3.connectionpool - DEBUG - https://sheets.googleapis.com:443 "GET /v4/spreadsheets/19FjdgHOjwbrilbhBuNhn7cFwTzKqy7cabh1Nc6QQCv4?includeGridData=false HTTP/11" 200 None
2025-06-08 07:18:55,547 - urllib3.connectionpool - DEBUG - https://sheets.googleapis.com:443 "GET /v4/spreadsheets/1SUmyhIDrrJ4S142ueqetdkw9S2acUEHRnv-j20NKmcI?includeGridData=false HTTP/11" 200 None
2025-06-08 07:18:55,969 - urllib3.connectionpool - DEBUG - https://sheets.googleapis.com:443 "GET /v4/spreadsheets/1SKW_Tmk2H2V4OGKaELmVsvRmEe2x8UJJAKPdpTRimNg?includeGridData=false HTTP/11" 200 None
2025-06-08 07:18:56,487 - urllib3.connectionpool - DEBUG - https://sheets.googleapis.com:443 "GET /v4/spreadsheets/18Xzq0almiDk740OyywLTtj3gGXLA20AFHLZaAqZzEGI?includeGridData=false HTTP/11" 200 None
2025-06-08 07:18:56,779 - urllib3.connectionpool - DEBUG - https://sheets.googleapis.com:443 "GET /v4/spreadsheets/1fx7i_GmqdPns3nLCV8zYWBW_x3I3PLfGadTN3jwgeNU?includeGridData=false HTTP/11" 200 None
2025-06-08 07:18:57,060 - urllib3.connectionpool - DEBUG - https://sheets.googleapis.com:443 "GET /v4/spreadsheets/1N_nVB02dmzHTCNkufR2fmuRBY7Lf8FUbhTpqAEWRWF4?includeGridData=false HTTP/11" 200 None
2025-06-08 07:18:57,513 - urllib3.connectionpool - DEBUG - https://sheets.googleapis.com:443 "GET /v4/spreadsheets/1hvqq_x2xTFzgBWNI4eqWiLrB68UqK3k_h1IIlMinkAM?includeGridData=false HTTP/11" 200 None
2025-06-08 07:18:58,010 - urllib3.connectionpool - DEBUG - https://www.googleapis.com:443 "GET /drive/v3/files?q=mimeType%3D%22application%2Fvnd.google-apps.spreadsheet%22+and+name+%3D+%22gestion-conjuntos%22&pageSize=1000&supportsAllDrives=True&includeItemsFromAllDrives=True&fields=kind%2CnextPageToken%2Cfiles%28id%2Cname%2CcreatedTime%2CmodifiedTime%29 HTTP/11" 200 None
2025-06-08 07:18:58,270 - urllib3.connectionpool - DEBUG - https://sheets.googleapis.com:443 "GET /v4/spreadsheets/1UqCfVwwQfAkzRHG4_YCX8BD3Xl95KB7qvwjZNXWkzKw?includeGridData=false HTTP/11" 200 None
2025-06-08 07:18:58,506 - urllib3.connectionpool - DEBUG - https://sheets.googleapis.com:443 "GET /v4/spreadsheets/1UqCfVwwQfAkzRHG4_YCX8BD3Xl95KB7qvwjZNXWkzKw?includeGridData=false HTTP/11" 200 None
2025-06-08 07:18:58,954 - urllib3.connectionpool - DEBUG - https://sheets.googleapis.com:443 "GET /v4/spreadsheets/1UqCfVwwQfAkzRHG4_YCX8BD3Xl95KB7qvwjZNXWkzKw/values/%27Control_Residentes%27 HTTP/11" 200 None
2025-06-08 07:19:15,878 - PIL.PngImagePlugin - DEBUG - STREAM b'IHDR' 16 13
2025-06-08 07:19:15,879 - PIL.PngImagePlugin - DEBUG - STREAM b'sRGB' 41 1
2025-06-08 07:19:15,879 - PIL.PngImagePlugin - DEBUG - STREAM b'gAMA' 54 4
2025-06-08 07:19:15,880 - PIL.PngImagePlugin - DEBUG - STREAM b'pHYs' 70 9
2025-06-08 07:19:15,895 - PIL.PngImagePlugin - DEBUG - STREAM b'IDAT' 91 25735
2025-06-08 07:19:16,918 - PIL.PngImagePlugin - DEBUG - STREAM b'IHDR' 16 13
2025-06-08 07:19:16,919 - PIL.PngImagePlugin - DEBUG - STREAM b'IDAT' 41 17057
2025-06-08 07:19:16,920 - PIL.PngImagePlugin - DEBUG - STREAM b'IHDR' 16 13
2025-06-08 07:19:16,920 - PIL.PngImagePlugin - DEBUG - STREAM b'IDAT' 41 17057
2025-06-08 07:19:27,356 - PIL.PngImagePlugin - DEBUG - STREAM b'IHDR' 16 13
2025-06-08 07:19:27,356 - PIL.PngImagePlugin - DEBUG - STREAM b'sRGB' 41 1
2025-06-08 07:19:27,356 - PIL.PngImagePlugin - DEBUG - STREAM b'gAMA' 54 4
2025-06-08 07:19:27,356 - PIL.PngImagePlugin - DEBUG - STREAM b'pHYs' 70 9
2025-06-08 07:19:27,356 - PIL.PngImagePlugin - DEBUG - STREAM b'IDAT' 91 25735
2025-06-08 07:19:28,312 - PIL.PngImagePlugin - DEBUG - STREAM b'IHDR' 16 13
2025-06-08 07:19:28,313 - PIL.PngImagePlugin - DEBUG - STREAM b'IDAT' 41 17057
2025-06-08 07:19:28,314 - PIL.PngImagePlugin - DEBUG - STREAM b'IHDR' 16 13
2025-06-08 07:19:28,314 - PIL.PngImagePlugin - DEBUG - STREAM b'IDAT' 41 17057
2025-06-08 07:19:30,269 - urllib3.connectionpool - DEBUG - https://www.googleapis.com:443 "GET /drive/v3/files?q=mimeType%3D%22application%2Fvnd.google-apps.spreadsheet%22+and+name+%3D+%22gestion-conjuntos%22&pageSize=1000&supportsAllDrives=True&includeItemsFromAllDrives=True&fields=kind%2CnextPageToken%2Cfiles%28id%2Cname%2CcreatedTime%2CmodifiedTime%29 HTTP/11" 200 None
2025-06-08 07:19:30,739 - urllib3.connectionpool - DEBUG - https://sheets.googleapis.com:443 "GET /v4/spreadsheets/1UqCfVwwQfAkzRHG4_YCX8BD3Xl95KB7qvwjZNXWkzKw?includeGridData=false HTTP/11" 200 None
2025-06-08 07:19:31,173 - urllib3.connectionpool - DEBUG - https://sheets.googleapis.com:443 "GET /v4/spreadsheets/1UqCfVwwQfAkzRHG4_YCX8BD3Xl95KB7qvwjZNXWkzKw?includeGridData=false HTTP/11" 200 None
2025-06-08 07:19:31,585 - urllib3.connectionpool - DEBUG - https://sheets.googleapis.com:443 "GET /v4/spreadsheets/1UqCfVwwQfAkzRHG4_YCX8BD3Xl95KB7qvwjZNXWkzKw/values/%27Administracion_Financiera%27 HTTP/11" 200 None
