2025-04-23 10:21:08,956 - PIL.PngImagePlugin - DEBUG - STREAM b'IHDR' 16 13
2025-04-23 10:21:09,008 - PIL.PngImagePlugin - DEBUG - STREAM b'sRGB' 41 1
2025-04-23 10:21:09,013 - PIL.PngImagePlugin - DEBUG - STREAM b'gAMA' 54 4
2025-04-23 10:21:09,014 - PIL.PngImagePlugin - DEBUG - STREAM b'pHYs' 70 9
2025-04-23 10:21:09,015 - PIL.PngImagePlugin - DEBUG - STREAM b'IDAT' 91 40054
2025-04-23 10:21:09,015 - PIL.PngImagePlugin - DEBUG - STREAM b'IHDR' 16 13
2025-04-23 10:21:09,016 - PIL.PngImagePlugin - DEBUG - STREAM b'sRGB' 41 1
2025-04-23 10:21:09,016 - PIL.PngImagePlugin - DEBUG - STREAM b'gAMA' 54 4
2025-04-23 10:21:09,017 - PIL.PngImagePlugin - DEBUG - STREAM b'pHYs' 70 9
2025-04-23 10:21:09,017 - PIL.PngImagePlugin - DEBUG - STREAM b'IDAT' 91 40054
2025-04-23 10:21:09,890 - PIL.PngImagePlugin - DEBUG - STREAM b'IHDR' 16 13
2025-04-23 10:21:09,892 - PIL.PngImagePlugin - DEBUG - STREAM b'sRGB' 41 1
2025-04-23 10:21:09,892 - PIL.PngImagePlugin - DEBUG - STREAM b'gAMA' 54 4
2025-04-23 10:21:09,892 - PIL.PngImagePlugin - DEBUG - STREAM b'pHYs' 70 9
2025-04-23 10:21:09,892 - PIL.PngImagePlugin - DEBUG - STREAM b'IDAT' 91 40054
2025-04-23 10:21:11,494 - PIL.PngImagePlugin - DEBUG - STREAM b'IHDR' 16 13
2025-04-23 10:21:11,494 - PIL.PngImagePlugin - DEBUG - STREAM b'IDAT' 41 43723
2025-04-23 10:21:11,494 - PIL.PngImagePlugin - DEBUG - STREAM b'IHDR' 16 13
2025-04-23 10:21:11,494 - PIL.PngImagePlugin - DEBUG - STREAM b'IDAT' 41 43723
2025-04-23 10:21:14,260 - urllib3.util.retry - DEBUG - Converted retries value: 3 -> Retry(total=3, connect=None, read=None, redirect=None, status=None)
2025-04-23 10:21:15,546 - google.auth.transport.requests - DEBUG - Making request: POST https://oauth2.googleapis.com/token
2025-04-23 10:21:15,713 - urllib3.connectionpool - DEBUG - Starting new HTTPS connection (1): oauth2.googleapis.com:443
2025-04-23 10:21:17,870 - urllib3.connectionpool - DEBUG - https://oauth2.googleapis.com:443 "POST /token HTTP/11" 200 None
2025-04-23 10:21:17,879 - urllib3.connectionpool - DEBUG - Starting new HTTPS connection (1): www.googleapis.com:443
2025-04-23 10:21:18,636 - urllib3.connectionpool - DEBUG - https://www.googleapis.com:443 "GET /drive/v3/files?q=mimeType%3D%22application%2Fvnd.google-apps.spreadsheet%22+and+name+%3D+%22gestion-reservas-amo%22&pageSize=1000&supportsAllDrives=True&includeItemsFromAllDrives=True&fields=kind%2CnextPageToken%2Cfiles%28id%2Cname%2CcreatedTime%2CmodifiedTime%29 HTTP/11" 200 None
2025-04-23 10:21:18,645 - urllib3.connectionpool - DEBUG - Starting new HTTPS connection (1): sheets.googleapis.com:443
2025-04-23 10:21:20,254 - urllib3.connectionpool - DEBUG - https://sheets.googleapis.com:443 "GET /v4/spreadsheets/19FjdgHOjwbrilbhBuNhn7cFwTzKqy7cabh1Nc6QQCv4?includeGridData=false HTTP/11" 200 None
2025-04-23 10:21:20,566 - urllib3.connectionpool - DEBUG - https://sheets.googleapis.com:443 "GET /v4/spreadsheets/19FjdgHOjwbrilbhBuNhn7cFwTzKqy7cabh1Nc6QQCv4?includeGridData=false HTTP/11" 200 None
2025-04-23 10:21:20,879 - urllib3.connectionpool - DEBUG - https://sheets.googleapis.com:443 "GET /v4/spreadsheets/19FjdgHOjwbrilbhBuNhn7cFwTzKqy7cabh1Nc6QQCv4/values/%27clientes%27 HTTP/11" 200 None
2025-04-23 10:21:22,907 - urllib3.util.retry - DEBUG - Converted retries value: 3 -> Retry(total=3, connect=None, read=None, redirect=None, status=None)
2025-04-23 10:21:23,079 - google.auth.transport.requests - DEBUG - Making request: POST https://oauth2.googleapis.com/token
2025-04-23 10:21:23,079 - urllib3.connectionpool - DEBUG - Starting new HTTPS connection (1): oauth2.googleapis.com:443
2025-04-23 10:21:23,516 - urllib3.connectionpool - DEBUG - https://oauth2.googleapis.com:443 "POST /token HTTP/11" 200 None
2025-04-23 10:21:23,516 - urllib3.connectionpool - DEBUG - Starting new HTTPS connection (1): www.googleapis.com:443
2025-04-23 10:21:24,473 - urllib3.connectionpool - DEBUG - https://www.googleapis.com:443 "GET /drive/v3/files?q=mimeType%3D%22application%2Fvnd.google-apps.spreadsheet%22+and+name+%3D+%22gestion-reservas-amo%22&pageSize=1000&supportsAllDrives=True&includeItemsFromAllDrives=True&fields=kind%2CnextPageToken%2Cfiles%28id%2Cname%2CcreatedTime%2CmodifiedTime%29 HTTP/11" 200 None
2025-04-23 10:21:24,473 - urllib3.connectionpool - DEBUG - Starting new HTTPS connection (1): sheets.googleapis.com:443
2025-04-23 10:21:25,061 - urllib3.connectionpool - DEBUG - https://sheets.googleapis.com:443 "GET /v4/spreadsheets/19FjdgHOjwbrilbhBuNhn7cFwTzKqy7cabh1Nc6QQCv4?includeGridData=false HTTP/11" 200 None
2025-04-23 10:21:25,358 - urllib3.connectionpool - DEBUG - https://sheets.googleapis.com:443 "GET /v4/spreadsheets/19FjdgHOjwbrilbhBuNhn7cFwTzKqy7cabh1Nc6QQCv4?includeGridData=false HTTP/11" 200 None
2025-04-23 10:21:25,671 - urllib3.connectionpool - DEBUG - https://sheets.googleapis.com:443 "GET /v4/spreadsheets/19FjdgHOjwbrilbhBuNhn7cFwTzKqy7cabh1Nc6QQCv4/values/%27reservas%27 HTTP/11" 200 None
2025-04-23 10:21:27,702 - urllib3.util.retry - DEBUG - Converted retries value: 3 -> Retry(total=3, connect=None, read=None, redirect=None, status=None)
2025-04-23 10:21:27,911 - google.auth.transport.requests - DEBUG - Making request: POST https://oauth2.googleapis.com/token
2025-04-23 10:21:27,926 - urllib3.connectionpool - DEBUG - Starting new HTTPS connection (1): oauth2.googleapis.com:443
2025-04-23 10:21:28,333 - urllib3.connectionpool - DEBUG - https://oauth2.googleapis.com:443 "POST /token HTTP/11" 200 None
2025-04-23 10:21:28,348 - urllib3.connectionpool - DEBUG - Starting new HTTPS connection (1): www.googleapis.com:443
2025-04-23 10:21:28,989 - urllib3.connectionpool - DEBUG - https://www.googleapis.com:443 "GET /drive/v3/files?q=mimeType%3D%22application%2Fvnd.google-apps.spreadsheet%22+and+name+%3D+%22gestion-reservas-amo%22&pageSize=1000&supportsAllDrives=True&includeItemsFromAllDrives=True&fields=kind%2CnextPageToken%2Cfiles%28id%2Cname%2CcreatedTime%2CmodifiedTime%29 HTTP/11" 200 None
2025-04-23 10:21:28,989 - urllib3.connectionpool - DEBUG - Starting new HTTPS connection (1): sheets.googleapis.com:443
2025-04-23 10:21:29,567 - urllib3.connectionpool - DEBUG - https://sheets.googleapis.com:443 "GET /v4/spreadsheets/19FjdgHOjwbrilbhBuNhn7cFwTzKqy7cabh1Nc6QQCv4?includeGridData=false HTTP/11" 200 None
2025-04-23 10:21:29,879 - urllib3.connectionpool - DEBUG - https://sheets.googleapis.com:443 "GET /v4/spreadsheets/19FjdgHOjwbrilbhBuNhn7cFwTzKqy7cabh1Nc6QQCv4?includeGridData=false HTTP/11" 200 None
2025-04-23 10:21:30,208 - urllib3.connectionpool - DEBUG - https://sheets.googleapis.com:443 "GET /v4/spreadsheets/19FjdgHOjwbrilbhBuNhn7cFwTzKqy7cabh1Nc6QQCv4/values/%27reservas%27 HTTP/11" 200 None
2025-04-23 10:21:31,402 - urllib3.util.retry - DEBUG - Converted retries value: 3 -> Retry(total=3, connect=None, read=None, redirect=None, status=None)
2025-04-23 10:21:31,542 - google.auth.transport.requests - DEBUG - Making request: POST https://oauth2.googleapis.com/token
2025-04-23 10:21:31,558 - urllib3.connectionpool - DEBUG - Starting new HTTPS connection (1): oauth2.googleapis.com:443
2025-04-23 10:21:31,964 - urllib3.connectionpool - DEBUG - https://oauth2.googleapis.com:443 "POST /token HTTP/11" 200 None
2025-04-23 10:21:31,964 - urllib3.connectionpool - DEBUG - Starting new HTTPS connection (1): www.googleapis.com:443
2025-04-23 10:21:32,652 - urllib3.connectionpool - DEBUG - https://www.googleapis.com:443 "GET /drive/v3/files?q=mimeType%3D%22application%2Fvnd.google-apps.spreadsheet%22+and+name+%3D+%22gestion-reservas-amo%22&pageSize=1000&supportsAllDrives=True&includeItemsFromAllDrives=True&fields=kind%2CnextPageToken%2Cfiles%28id%2Cname%2CcreatedTime%2CmodifiedTime%29 HTTP/11" 200 None
2025-04-23 10:21:32,667 - urllib3.connectionpool - DEBUG - Starting new HTTPS connection (1): sheets.googleapis.com:443
2025-04-23 10:21:33,261 - urllib3.connectionpool - DEBUG - https://sheets.googleapis.com:443 "GET /v4/spreadsheets/19FjdgHOjwbrilbhBuNhn7cFwTzKqy7cabh1Nc6QQCv4?includeGridData=false HTTP/11" 200 None
2025-04-23 10:21:33,558 - urllib3.connectionpool - DEBUG - https://sheets.googleapis.com:443 "GET /v4/spreadsheets/19FjdgHOjwbrilbhBuNhn7cFwTzKqy7cabh1Nc6QQCv4?includeGridData=false HTTP/11" 200 None
2025-04-23 10:21:33,902 - urllib3.connectionpool - DEBUG - https://sheets.googleapis.com:443 "GET /v4/spreadsheets/19FjdgHOjwbrilbhBuNhn7cFwTzKqy7cabh1Nc6QQCv4/values/%27pagos%27 HTTP/11" 200 None
2025-04-23 10:21:34,865 - urllib3.util.retry - DEBUG - Converted retries value: 3 -> Retry(total=3, connect=None, read=None, redirect=None, status=None)
2025-04-23 10:21:35,006 - google.auth.transport.requests - DEBUG - Making request: POST https://oauth2.googleapis.com/token
2025-04-23 10:21:35,006 - urllib3.connectionpool - DEBUG - Starting new HTTPS connection (1): oauth2.googleapis.com:443
2025-04-23 10:21:35,428 - urllib3.connectionpool - DEBUG - https://oauth2.googleapis.com:443 "POST /token HTTP/11" 200 None
2025-04-23 10:21:35,443 - urllib3.connectionpool - DEBUG - Starting new HTTPS connection (1): www.googleapis.com:443
2025-04-23 10:21:36,131 - urllib3.connectionpool - DEBUG - https://www.googleapis.com:443 "GET /drive/v3/files?q=mimeType%3D%22application%2Fvnd.google-apps.spreadsheet%22+and+name+%3D+%22gestion-reservas-amo%22&pageSize=1000&supportsAllDrives=True&includeItemsFromAllDrives=True&fields=kind%2CnextPageToken%2Cfiles%28id%2Cname%2CcreatedTime%2CmodifiedTime%29 HTTP/11" 200 None
2025-04-23 10:21:36,147 - urllib3.connectionpool - DEBUG - Starting new HTTPS connection (1): sheets.googleapis.com:443
2025-04-23 10:21:36,678 - urllib3.connectionpool - DEBUG - https://sheets.googleapis.com:443 "GET /v4/spreadsheets/19FjdgHOjwbrilbhBuNhn7cFwTzKqy7cabh1Nc6QQCv4?includeGridData=false HTTP/11" 200 None
2025-04-23 10:21:36,991 - urllib3.connectionpool - DEBUG - https://sheets.googleapis.com:443 "GET /v4/spreadsheets/19FjdgHOjwbrilbhBuNhn7cFwTzKqy7cabh1Nc6QQCv4?includeGridData=false HTTP/11" 200 None
2025-04-23 10:21:37,334 - urllib3.connectionpool - DEBUG - https://sheets.googleapis.com:443 "GET /v4/spreadsheets/19FjdgHOjwbrilbhBuNhn7cFwTzKqy7cabh1Nc6QQCv4/values/%27reservas%27 HTTP/11" 200 None
2025-04-23 10:21:38,518 - urllib3.util.retry - DEBUG - Converted retries value: 3 -> Retry(total=3, connect=None, read=None, redirect=None, status=None)
2025-04-23 10:21:38,659 - google.auth.transport.requests - DEBUG - Making request: POST https://oauth2.googleapis.com/token
2025-04-23 10:21:38,674 - urllib3.connectionpool - DEBUG - Starting new HTTPS connection (1): oauth2.googleapis.com:443
2025-04-23 10:21:39,768 - urllib3.connectionpool - DEBUG - https://oauth2.googleapis.com:443 "POST /token HTTP/11" 200 None
2025-04-23 10:21:39,784 - urllib3.connectionpool - DEBUG - Starting new HTTPS connection (1): www.googleapis.com:443
2025-04-23 10:21:40,487 - urllib3.connectionpool - DEBUG - https://www.googleapis.com:443 "GET /drive/v3/files?q=mimeType%3D%22application%2Fvnd.google-apps.spreadsheet%22+and+name+%3D+%22gestion-reservas-amo%22&pageSize=1000&supportsAllDrives=True&includeItemsFromAllDrives=True&fields=kind%2CnextPageToken%2Cfiles%28id%2Cname%2CcreatedTime%2CmodifiedTime%29 HTTP/11" 200 None
2025-04-23 10:21:40,503 - urllib3.connectionpool - DEBUG - Starting new HTTPS connection (1): sheets.googleapis.com:443
2025-04-23 10:21:41,128 - urllib3.connectionpool - DEBUG - https://sheets.googleapis.com:443 "GET /v4/spreadsheets/19FjdgHOjwbrilbhBuNhn7cFwTzKqy7cabh1Nc6QQCv4?includeGridData=false HTTP/11" 200 None
2025-04-23 10:21:41,440 - urllib3.connectionpool - DEBUG - https://sheets.googleapis.com:443 "GET /v4/spreadsheets/19FjdgHOjwbrilbhBuNhn7cFwTzKqy7cabh1Nc6QQCv4?includeGridData=false HTTP/11" 200 None
2025-04-23 10:21:41,769 - urllib3.connectionpool - DEBUG - https://sheets.googleapis.com:443 "GET /v4/spreadsheets/19FjdgHOjwbrilbhBuNhn7cFwTzKqy7cabh1Nc6QQCv4/values/%27reservas%27 HTTP/11" 200 None
2025-04-23 10:21:42,348 - PIL.PngImagePlugin - DEBUG - STREAM b'IHDR' 16 13
2025-04-23 10:21:42,348 - PIL.PngImagePlugin - DEBUG - STREAM b'sRGB' 41 1
2025-04-23 10:21:42,348 - PIL.PngImagePlugin - DEBUG - STREAM b'gAMA' 54 4
2025-04-23 10:21:42,348 - PIL.PngImagePlugin - DEBUG - STREAM b'pHYs' 70 9
2025-04-23 10:21:42,348 - PIL.PngImagePlugin - DEBUG - STREAM b'IDAT' 91 3817
2025-04-23 10:21:42,348 - PIL.PngImagePlugin - DEBUG - STREAM b'IHDR' 16 13
2025-04-23 10:21:42,348 - PIL.PngImagePlugin - DEBUG - STREAM b'sRGB' 41 1
2025-04-23 10:21:42,348 - PIL.PngImagePlugin - DEBUG - STREAM b'gAMA' 54 4
2025-04-23 10:21:42,348 - PIL.PngImagePlugin - DEBUG - STREAM b'pHYs' 70 9
2025-04-23 10:21:42,348 - PIL.PngImagePlugin - DEBUG - STREAM b'IDAT' 91 3817
2025-04-23 10:21:42,783 - PIL.PngImagePlugin - DEBUG - STREAM b'IHDR' 16 13
2025-04-23 10:21:42,784 - PIL.PngImagePlugin - DEBUG - STREAM b'sRGB' 41 1
2025-04-23 10:21:42,785 - PIL.PngImagePlugin - DEBUG - STREAM b'gAMA' 54 4
2025-04-23 10:21:42,785 - PIL.PngImagePlugin - DEBUG - STREAM b'pHYs' 70 9
2025-04-23 10:21:42,786 - PIL.PngImagePlugin - DEBUG - STREAM b'IDAT' 91 65445
2025-04-23 10:21:42,787 - PIL.PngImagePlugin - DEBUG - STREAM b'IHDR' 16 13
2025-04-23 10:21:42,787 - PIL.PngImagePlugin - DEBUG - STREAM b'sRGB' 41 1
2025-04-23 10:21:42,788 - PIL.PngImagePlugin - DEBUG - STREAM b'gAMA' 54 4
2025-04-23 10:21:42,790 - PIL.PngImagePlugin - DEBUG - STREAM b'pHYs' 70 9
2025-04-23 10:21:42,790 - PIL.PngImagePlugin - DEBUG - STREAM b'IDAT' 91 65445
2025-04-23 10:21:43,593 - PIL.TiffImagePlugin - DEBUG - tag: ImageWidth (256) - type: short (3) - value: b'\x00\x0f'
2025-04-23 10:21:43,593 - PIL.TiffImagePlugin - DEBUG - tag: ImageLength (257) - type: short (3) - value: b'\x80\x16'
2025-04-23 10:21:43,593 - PIL.TiffImagePlugin - DEBUG - tag: BitsPerSample (258) - type: short (3) Tag Location: 46 - Data Location: 182 - value: b'\x08\x00\x08\x00\x08\x00'
2025-04-23 10:21:43,593 - PIL.TiffImagePlugin - DEBUG - tag: PhotometricInterpretation (262) - type: short (3) - value: b'\x02\x00'
2025-04-23 10:21:43,593 - PIL.TiffImagePlugin - DEBUG - tag: Make (271) - type: string (2) Tag Location: 70 - Data Location: 188 - value: b'Canon\x00'
2025-04-23 10:21:43,593 - PIL.TiffImagePlugin - DEBUG - tag: Model (272) - type: string (2) Tag Location: 82 - Data Location: 194 - value: b'Canon EOS 5D Mark III\x00'
2025-04-23 10:21:43,593 - PIL.TiffImagePlugin - DEBUG - tag: Orientation (274) - type: short (3) - value: b'\x01\x00'
2025-04-23 10:21:43,609 - PIL.TiffImagePlugin - DEBUG - tag: SamplesPerPixel (277) - type: short (3) - value: b'\x03\x00'
2025-04-23 10:21:43,609 - PIL.TiffImagePlugin - DEBUG - tag: XResolution (282) - type: rational (5) Tag Location: 118 - Data Location: 216 - value: b"\xc0\xc6-\x00\x10'\x00\x00"
2025-04-23 10:21:43,609 - PIL.TiffImagePlugin - DEBUG - tag: YResolution (283) - type: rational (5) Tag Location: 130 - Data Location: 224 - value: b"\xc0\xc6-\x00\x10'\x00\x00"
2025-04-23 10:21:43,609 - PIL.TiffImagePlugin - DEBUG - tag: ResolutionUnit (296) - type: short (3) - value: b'\x02\x00'
2025-04-23 10:21:43,609 - PIL.TiffImagePlugin - DEBUG - tag: Software (305) - type: string (2) Tag Location: 154 - Data Location: 232 - value: <table: 33 bytes>
2025-04-23 10:21:43,609 - PIL.TiffImagePlugin - DEBUG - tag: DateTime (306) - type: string (2) Tag Location: 166 - Data Location: 265 - value: b'2023:02:28 10:23:10\x00'
2025-04-23 10:21:43,609 - PIL.TiffImagePlugin - DEBUG - tag: ExifIFD (34665) - type: long (4) - value: b' \x01\x00\x00'
2025-04-23 10:21:43,609 - PIL.TiffImagePlugin - DEBUG - tag: ImageWidth (256) - type: short (3) - value: b'\x00\x0f'
2025-04-23 10:21:43,609 - PIL.TiffImagePlugin - DEBUG - tag: ImageLength (257) - type: short (3) - value: b'\x80\x16'
2025-04-23 10:21:43,609 - PIL.TiffImagePlugin - DEBUG - tag: BitsPerSample (258) - type: short (3) Tag Location: 46 - Data Location: 182 - value: b'\x08\x00\x08\x00\x08\x00'
2025-04-23 10:21:43,609 - PIL.TiffImagePlugin - DEBUG - tag: PhotometricInterpretation (262) - type: short (3) - value: b'\x02\x00'
2025-04-23 10:21:43,609 - PIL.TiffImagePlugin - DEBUG - tag: Make (271) - type: string (2) Tag Location: 70 - Data Location: 188 - value: b'Canon\x00'
2025-04-23 10:21:43,609 - PIL.TiffImagePlugin - DEBUG - tag: Model (272) - type: string (2) Tag Location: 82 - Data Location: 194 - value: b'Canon EOS 5D Mark III\x00'
2025-04-23 10:21:43,609 - PIL.TiffImagePlugin - DEBUG - tag: Orientation (274) - type: short (3) - value: b'\x01\x00'
2025-04-23 10:21:43,609 - PIL.TiffImagePlugin - DEBUG - tag: SamplesPerPixel (277) - type: short (3) - value: b'\x03\x00'
2025-04-23 10:21:43,609 - PIL.TiffImagePlugin - DEBUG - tag: XResolution (282) - type: rational (5) Tag Location: 118 - Data Location: 216 - value: b"\xc0\xc6-\x00\x10'\x00\x00"
2025-04-23 10:21:43,609 - PIL.TiffImagePlugin - DEBUG - tag: YResolution (283) - type: rational (5) Tag Location: 130 - Data Location: 224 - value: b"\xc0\xc6-\x00\x10'\x00\x00"
2025-04-23 10:21:43,609 - PIL.TiffImagePlugin - DEBUG - tag: ResolutionUnit (296) - type: short (3) - value: b'\x02\x00'
2025-04-23 10:21:43,609 - PIL.TiffImagePlugin - DEBUG - tag: Software (305) - type: string (2) Tag Location: 154 - Data Location: 232 - value: <table: 33 bytes>
2025-04-23 10:21:43,609 - PIL.TiffImagePlugin - DEBUG - tag: DateTime (306) - type: string (2) Tag Location: 166 - Data Location: 265 - value: b'2023:02:28 10:23:10\x00'
2025-04-23 10:21:43,609 - PIL.TiffImagePlugin - DEBUG - tag: ExifIFD (34665) - type: long (4) - value: b' \x01\x00\x00'
2025-04-23 10:21:47,318 - PIL.TiffImagePlugin - DEBUG - tag: Copyright (33432) - type: string (2) Tag Location: 22 - Data Location: 26 - value: <table: 39 bytes>
2025-04-23 10:21:47,333 - PIL.TiffImagePlugin - DEBUG - tag: Copyright (33432) - type: string (2) Tag Location: 22 - Data Location: 26 - value: <table: 39 bytes>
2025-04-23 10:21:49,956 - PIL.TiffImagePlugin - DEBUG - tag: Make (271) - type: string (2) Tag Location: 22 - Data Location: 146 - value: b'Canon\x00'
2025-04-23 10:21:49,956 - PIL.TiffImagePlugin - DEBUG - tag: Model (272) - type: string (2) Tag Location: 34 - Data Location: 152 - value: b'Canon EOS-1D X\x00'
2025-04-23 10:21:49,956 - PIL.TiffImagePlugin - DEBUG - tag: Orientation (274) - type: short (3) - value: b'\x01\x00'
2025-04-23 10:21:49,956 - PIL.TiffImagePlugin - DEBUG - tag: XResolution (282) - type: rational (5) Tag Location: 58 - Data Location: 167 - value: b"\xc0\xc6-\x00\x10'\x00\x00"
2025-04-23 10:21:49,956 - PIL.TiffImagePlugin - DEBUG - tag: YResolution (283) - type: rational (5) Tag Location: 70 - Data Location: 175 - value: b"\xc0\xc6-\x00\x10'\x00\x00"
2025-04-23 10:21:49,956 - PIL.TiffImagePlugin - DEBUG - tag: ResolutionUnit (296) - type: short (3) - value: b'\x02\x00'
2025-04-23 10:21:49,956 - PIL.TiffImagePlugin - DEBUG - tag: Software (305) - type: string (2) Tag Location: 94 - Data Location: 183 - value: <table: 33 bytes>
2025-04-23 10:21:49,956 - PIL.TiffImagePlugin - DEBUG - tag: DateTime (306) - type: string (2) Tag Location: 106 - Data Location: 216 - value: b'2023:11:29 09:49:43\x00'
2025-04-23 10:21:49,956 - PIL.TiffImagePlugin - DEBUG - tag: Artist (315) - type: string (2) Tag Location: 118 - Data Location: 236 - value: b'Dmytro Sheremeta\x00'
2025-04-23 10:21:49,956 - PIL.TiffImagePlugin - DEBUG - tag: Copyright (33432) - type: string (2) Tag Location: 130 - Data Location: 253 - value: b'Dmytro Sheremeta\x00'
2025-04-23 10:21:49,956 - PIL.TiffImagePlugin - DEBUG - tag: ExifIFD (34665) - type: long (4) - value: b'\x10\x01\x00\x00'
2025-04-23 10:21:49,956 - PIL.TiffImagePlugin - DEBUG - tag: Make (271) - type: string (2) Tag Location: 22 - Data Location: 146 - value: b'Canon\x00'
2025-04-23 10:21:49,971 - PIL.TiffImagePlugin - DEBUG - tag: Model (272) - type: string (2) Tag Location: 34 - Data Location: 152 - value: b'Canon EOS-1D X\x00'
2025-04-23 10:21:49,971 - PIL.TiffImagePlugin - DEBUG - tag: Orientation (274) - type: short (3) - value: b'\x01\x00'
2025-04-23 10:21:49,971 - PIL.TiffImagePlugin - DEBUG - tag: XResolution (282) - type: rational (5) Tag Location: 58 - Data Location: 167 - value: b"\xc0\xc6-\x00\x10'\x00\x00"
2025-04-23 10:21:49,971 - PIL.TiffImagePlugin - DEBUG - tag: YResolution (283) - type: rational (5) Tag Location: 70 - Data Location: 175 - value: b"\xc0\xc6-\x00\x10'\x00\x00"
2025-04-23 10:21:49,971 - PIL.TiffImagePlugin - DEBUG - tag: ResolutionUnit (296) - type: short (3) - value: b'\x02\x00'
2025-04-23 10:21:49,971 - PIL.TiffImagePlugin - DEBUG - tag: Software (305) - type: string (2) Tag Location: 94 - Data Location: 183 - value: <table: 33 bytes>
2025-04-23 10:21:49,971 - PIL.TiffImagePlugin - DEBUG - tag: DateTime (306) - type: string (2) Tag Location: 106 - Data Location: 216 - value: b'2023:11:29 09:49:43\x00'
2025-04-23 10:21:49,971 - PIL.TiffImagePlugin - DEBUG - tag: Artist (315) - type: string (2) Tag Location: 118 - Data Location: 236 - value: b'Dmytro Sheremeta\x00'
2025-04-23 10:21:49,971 - PIL.TiffImagePlugin - DEBUG - tag: Copyright (33432) - type: string (2) Tag Location: 130 - Data Location: 253 - value: b'Dmytro Sheremeta\x00'
2025-04-23 10:21:49,971 - PIL.TiffImagePlugin - DEBUG - tag: ExifIFD (34665) - type: long (4) - value: b'\x10\x01\x00\x00'
2025-04-23 10:21:54,265 - PIL.TiffImagePlugin - DEBUG - tag: ImageWidth (256) - type: short (3) - value: b' \x17'
2025-04-23 10:21:54,265 - PIL.TiffImagePlugin - DEBUG - tag: ImageLength (257) - type: short (3) - value: b'c\x0f'
2025-04-23 10:21:54,265 - PIL.TiffImagePlugin - DEBUG - tag: BitsPerSample (258) - type: short (3) Tag Location: 46 - Data Location: 158 - value: b'\x08\x00\x08\x00\x08\x00'
2025-04-23 10:21:54,281 - PIL.TiffImagePlugin - DEBUG - tag: PhotometricInterpretation (262) - type: short (3) - value: b'\x02\x00'
2025-04-23 10:21:54,281 - PIL.TiffImagePlugin - DEBUG - tag: Orientation (274) - type: short (3) - value: b'\x01\x00'
2025-04-23 10:21:54,281 - PIL.TiffImagePlugin - DEBUG - tag: SamplesPerPixel (277) - type: short (3) - value: b'\x03\x00'
2025-04-23 10:21:54,281 - PIL.TiffImagePlugin - DEBUG - tag: XResolution (282) - type: rational (5) Tag Location: 94 - Data Location: 164 - value: b"\xc0\xc6-\x00\x10'\x00\x00"
2025-04-23 10:21:54,281 - PIL.TiffImagePlugin - DEBUG - tag: YResolution (283) - type: rational (5) Tag Location: 106 - Data Location: 172 - value: b"\xc0\xc6-\x00\x10'\x00\x00"
2025-04-23 10:21:54,281 - PIL.TiffImagePlugin - DEBUG - tag: ResolutionUnit (296) - type: short (3) - value: b'\x02\x00'
2025-04-23 10:21:54,281 - PIL.TiffImagePlugin - DEBUG - tag: Software (305) - type: string (2) Tag Location: 130 - Data Location: 180 - value: b'Adobe Photoshop 21.2 (Windows)\x00'
2025-04-23 10:21:54,281 - PIL.TiffImagePlugin - DEBUG - tag: DateTime (306) - type: string (2) Tag Location: 142 - Data Location: 211 - value: b'2021:12:10 10:05:59\x00'
2025-04-23 10:21:54,281 - PIL.TiffImagePlugin - DEBUG - tag: ExifIFD (34665) - type: long (4) - value: b'\xe8\x00\x00\x00'
2025-04-23 10:21:54,281 - PIL.TiffImagePlugin - DEBUG - tag: ImageWidth (256) - type: short (3) - value: b' \x17'
2025-04-23 10:21:54,281 - PIL.TiffImagePlugin - DEBUG - tag: ImageLength (257) - type: short (3) - value: b'c\x0f'
2025-04-23 10:21:54,281 - PIL.TiffImagePlugin - DEBUG - tag: BitsPerSample (258) - type: short (3) Tag Location: 46 - Data Location: 158 - value: b'\x08\x00\x08\x00\x08\x00'
2025-04-23 10:21:54,281 - PIL.TiffImagePlugin - DEBUG - tag: PhotometricInterpretation (262) - type: short (3) - value: b'\x02\x00'
2025-04-23 10:21:54,281 - PIL.TiffImagePlugin - DEBUG - tag: Orientation (274) - type: short (3) - value: b'\x01\x00'
2025-04-23 10:21:54,281 - PIL.TiffImagePlugin - DEBUG - tag: SamplesPerPixel (277) - type: short (3) - value: b'\x03\x00'
2025-04-23 10:21:54,281 - PIL.TiffImagePlugin - DEBUG - tag: XResolution (282) - type: rational (5) Tag Location: 94 - Data Location: 164 - value: b"\xc0\xc6-\x00\x10'\x00\x00"
2025-04-23 10:21:54,281 - PIL.TiffImagePlugin - DEBUG - tag: YResolution (283) - type: rational (5) Tag Location: 106 - Data Location: 172 - value: b"\xc0\xc6-\x00\x10'\x00\x00"
2025-04-23 10:21:54,281 - PIL.TiffImagePlugin - DEBUG - tag: ResolutionUnit (296) - type: short (3) - value: b'\x02\x00'
2025-04-23 10:21:54,281 - PIL.TiffImagePlugin - DEBUG - tag: Software (305) - type: string (2) Tag Location: 130 - Data Location: 180 - value: b'Adobe Photoshop 21.2 (Windows)\x00'
2025-04-23 10:21:54,281 - PIL.TiffImagePlugin - DEBUG - tag: DateTime (306) - type: string (2) Tag Location: 142 - Data Location: 211 - value: b'2021:12:10 10:05:59\x00'
2025-04-23 10:21:54,281 - PIL.TiffImagePlugin - DEBUG - tag: ExifIFD (34665) - type: long (4) - value: b'\xe8\x00\x00\x00'
2025-04-23 10:21:56,496 - PIL.TiffImagePlugin - DEBUG - tag: Copyright (33432) - type: string (2) Tag Location: 22 - Data Location: 26 - value: <table: 39 bytes>
2025-04-23 10:21:56,496 - PIL.TiffImagePlugin - DEBUG - tag: Copyright (33432) - type: string (2) Tag Location: 22 - Data Location: 26 - value: <table: 39 bytes>
2025-04-23 10:21:58,442 - PIL.TiffImagePlugin - DEBUG - tag: ImageWidth (256) - type: short (3) - value: b'\xb8\x10'
2025-04-23 10:21:58,442 - PIL.TiffImagePlugin - DEBUG - tag: ImageLength (257) - type: short (3) - value: b'\x14\x19'
2025-04-23 10:21:58,442 - PIL.TiffImagePlugin - DEBUG - tag: BitsPerSample (258) - type: short (3) Tag Location: 46 - Data Location: 158 - value: b'\x08\x00\x08\x00\x08\x00'
2025-04-23 10:21:58,442 - PIL.TiffImagePlugin - DEBUG - tag: PhotometricInterpretation (262) - type: short (3) - value: b'\x02\x00'
2025-04-23 10:21:58,442 - PIL.TiffImagePlugin - DEBUG - tag: Orientation (274) - type: short (3) - value: b'\x01\x00'
2025-04-23 10:21:58,442 - PIL.TiffImagePlugin - DEBUG - tag: SamplesPerPixel (277) - type: short (3) - value: b'\x03\x00'
2025-04-23 10:21:58,442 - PIL.TiffImagePlugin - DEBUG - tag: XResolution (282) - type: rational (5) Tag Location: 94 - Data Location: 164 - value: b"\xc0\xc6-\x00\x10'\x00\x00"
2025-04-23 10:21:58,442 - PIL.TiffImagePlugin - DEBUG - tag: YResolution (283) - type: rational (5) Tag Location: 106 - Data Location: 172 - value: b"\xc0\xc6-\x00\x10'\x00\x00"
2025-04-23 10:21:58,442 - PIL.TiffImagePlugin - DEBUG - tag: ResolutionUnit (296) - type: short (3) - value: b'\x02\x00'
2025-04-23 10:21:58,442 - PIL.TiffImagePlugin - DEBUG - tag: Software (305) - type: string (2) Tag Location: 130 - Data Location: 180 - value: b'Adobe Photoshop 22.4 (Windows)\x00'
2025-04-23 10:21:58,442 - PIL.TiffImagePlugin - DEBUG - tag: DateTime (306) - type: string (2) Tag Location: 142 - Data Location: 211 - value: b'2021:11:11 12:35:26\x00'
2025-04-23 10:21:58,442 - PIL.TiffImagePlugin - DEBUG - tag: ExifIFD (34665) - type: long (4) - value: b'\xe8\x00\x00\x00'
2025-04-23 10:21:58,457 - PIL.TiffImagePlugin - DEBUG - tag: ImageWidth (256) - type: short (3) - value: b'\xb8\x10'
2025-04-23 10:21:58,457 - PIL.TiffImagePlugin - DEBUG - tag: ImageLength (257) - type: short (3) - value: b'\x14\x19'
2025-04-23 10:21:58,457 - PIL.TiffImagePlugin - DEBUG - tag: BitsPerSample (258) - type: short (3) Tag Location: 46 - Data Location: 158 - value: b'\x08\x00\x08\x00\x08\x00'
2025-04-23 10:21:58,457 - PIL.TiffImagePlugin - DEBUG - tag: PhotometricInterpretation (262) - type: short (3) - value: b'\x02\x00'
2025-04-23 10:21:58,457 - PIL.TiffImagePlugin - DEBUG - tag: Orientation (274) - type: short (3) - value: b'\x01\x00'
2025-04-23 10:21:58,457 - PIL.TiffImagePlugin - DEBUG - tag: SamplesPerPixel (277) - type: short (3) - value: b'\x03\x00'
2025-04-23 10:21:58,457 - PIL.TiffImagePlugin - DEBUG - tag: XResolution (282) - type: rational (5) Tag Location: 94 - Data Location: 164 - value: b"\xc0\xc6-\x00\x10'\x00\x00"
2025-04-23 10:21:58,457 - PIL.TiffImagePlugin - DEBUG - tag: YResolution (283) - type: rational (5) Tag Location: 106 - Data Location: 172 - value: b"\xc0\xc6-\x00\x10'\x00\x00"
2025-04-23 10:21:58,457 - PIL.TiffImagePlugin - DEBUG - tag: ResolutionUnit (296) - type: short (3) - value: b'\x02\x00'
2025-04-23 10:21:58,457 - PIL.TiffImagePlugin - DEBUG - tag: Software (305) - type: string (2) Tag Location: 130 - Data Location: 180 - value: b'Adobe Photoshop 22.4 (Windows)\x00'
2025-04-23 10:21:58,457 - PIL.TiffImagePlugin - DEBUG - tag: DateTime (306) - type: string (2) Tag Location: 142 - Data Location: 211 - value: b'2021:11:11 12:35:26\x00'
2025-04-23 10:21:58,457 - PIL.TiffImagePlugin - DEBUG - tag: ExifIFD (34665) - type: long (4) - value: b'\xe8\x00\x00\x00'
