2024-10-24 16:28:52,585 - urllib3.util.retry - DEBUG - Converted retries value: 3 -> Retry(total=3, connect=None, read=None, redirect=None, status=None)
2024-10-24 16:28:52,850 - google.auth.transport.requests - DEBUG - Making request: POST https://oauth2.googleapis.com/token
2024-10-24 16:28:52,857 - urllib3.connectionpool - DEBUG - Starting new HTTPS connection (1): oauth2.googleapis.com:443
2024-10-24 16:29:16,386 - urllib3.connectionpool - DEBUG - https://oauth2.googleapis.com:443 "POST /token HTTP/11" 200 None
2024-10-24 16:29:16,398 - urllib3.connectionpool - DEBUG - Starting new HTTPS connection (1): www.googleapis.com:443
2024-10-24 16:29:30,233 - root - ERROR - Error crítico en la aplicación: HTTPSConnectionPool(host='www.googleapis.com', port=443): Max retries exceeded with url: /drive/v3/files?q=mimeType%3D%22application%2Fvnd.google-apps.spreadsheet%22+and+name+%3D+%22gestion-reservas-dp%22&pageSize=1000&supportsAllDrives=True&includeItemsFromAllDrives=True&fields=kind%2CnextPageToken%2Cfiles%28id%2Cname%2CcreatedTime%2CmodifiedTime%29 (Caused by SSLError(SSLEOFError(8, 'EOF occurred in violation of protocol (_ssl.c:1129)')))
2024-10-25 06:12:19,238 - urllib3.util.retry - DEBUG - Converted retries value: 3 -> Retry(total=3, connect=None, read=None, redirect=None, status=None)
2024-10-25 06:12:21,166 - google.auth.transport.requests - DEBUG - Making request: POST https://oauth2.googleapis.com/token
2024-10-25 06:12:21,387 - urllib3.connectionpool - DEBUG - Starting new HTTPS connection (1): oauth2.googleapis.com:443
2024-10-25 06:12:23,589 - urllib3.connectionpool - DEBUG - https://oauth2.googleapis.com:443 "POST /token HTTP/11" 200 None
2024-10-25 06:12:23,635 - urllib3.connectionpool - DEBUG - Starting new HTTPS connection (1): www.googleapis.com:443
2024-10-25 06:12:24,571 - urllib3.connectionpool - DEBUG - https://www.googleapis.com:443 "GET /drive/v3/files?q=mimeType%3D%22application%2Fvnd.google-apps.spreadsheet%22+and+name+%3D+%22gestion-reservas-dp%22&pageSize=1000&supportsAllDrives=True&includeItemsFromAllDrives=True&fields=kind%2CnextPageToken%2Cfiles%28id%2Cname%2CcreatedTime%2CmodifiedTime%29 HTTP/11" 200 None
2024-10-25 06:12:24,687 - urllib3.connectionpool - DEBUG - Starting new HTTPS connection (1): sheets.googleapis.com:443
2024-10-25 06:12:25,751 - urllib3.connectionpool - DEBUG - https://sheets.googleapis.com:443 "GET /v4/spreadsheets/18Xzq0almiDk740OyywLTtj3gGXLA20AFHLZaAqZzEGI?includeGridData=false HTTP/11" 200 None
2024-10-25 06:12:26,068 - urllib3.connectionpool - DEBUG - https://sheets.googleapis.com:443 "GET /v4/spreadsheets/18Xzq0almiDk740OyywLTtj3gGXLA20AFHLZaAqZzEGI?includeGridData=false HTTP/11" 200 None
2024-10-25 06:12:26,373 - urllib3.connectionpool - DEBUG - https://sheets.googleapis.com:443 "GET /v4/spreadsheets/18Xzq0almiDk740OyywLTtj3gGXLA20AFHLZaAqZzEGI/values/%27reservas%27 HTTP/11" 200 None
2024-10-25 06:12:26,620 - urllib3.connectionpool - DEBUG - https://sheets.googleapis.com:443 "GET /v4/spreadsheets/18Xzq0almiDk740OyywLTtj3gGXLA20AFHLZaAqZzEGI/values/%27reservas%27 HTTP/11" 200 None
2024-10-25 06:12:27,045 - urllib3.connectionpool - DEBUG - https://sheets.googleapis.com:443 "PUT /v4/spreadsheets/18Xzq0almiDk740OyywLTtj3gGXLA20AFHLZaAqZzEGI/values/%27reservas%27%21A4%3AP4?valueInputOption=RAW HTTP/11" 200 None
2024-10-25 06:15:52,176 - urllib3.util.retry - DEBUG - Converted retries value: 3 -> Retry(total=3, connect=None, read=None, redirect=None, status=None)
2024-10-25 06:15:52,369 - google.auth.transport.requests - DEBUG - Making request: POST https://oauth2.googleapis.com/token
2024-10-25 06:15:52,376 - urllib3.connectionpool - DEBUG - Starting new HTTPS connection (1): oauth2.googleapis.com:443
2024-10-25 06:15:52,817 - urllib3.connectionpool - DEBUG - https://oauth2.googleapis.com:443 "POST /token HTTP/11" 200 None
2024-10-25 06:15:52,827 - urllib3.connectionpool - DEBUG - Starting new HTTPS connection (1): www.googleapis.com:443
2024-10-25 06:15:53,571 - urllib3.connectionpool - DEBUG - https://www.googleapis.com:443 "GET /drive/v3/files?q=mimeType%3D%22application%2Fvnd.google-apps.spreadsheet%22+and+name+%3D+%22gestion-reservas-dp%22&pageSize=1000&supportsAllDrives=True&includeItemsFromAllDrives=True&fields=kind%2CnextPageToken%2Cfiles%28id%2Cname%2CcreatedTime%2CmodifiedTime%29 HTTP/11" 200 None
2024-10-25 06:15:54,553 - urllib3.connectionpool - DEBUG - Starting new HTTPS connection (1): sheets.googleapis.com:443
2024-10-25 06:15:55,193 - urllib3.connectionpool - DEBUG - https://sheets.googleapis.com:443 "GET /v4/spreadsheets/18Xzq0almiDk740OyywLTtj3gGXLA20AFHLZaAqZzEGI?includeGridData=false HTTP/11" 200 None
2024-10-25 06:15:55,431 - urllib3.connectionpool - DEBUG - https://sheets.googleapis.com:443 "GET /v4/spreadsheets/18Xzq0almiDk740OyywLTtj3gGXLA20AFHLZaAqZzEGI?includeGridData=false HTTP/11" 200 None
2024-10-25 06:15:55,673 - urllib3.connectionpool - DEBUG - https://sheets.googleapis.com:443 "GET /v4/spreadsheets/18Xzq0almiDk740OyywLTtj3gGXLA20AFHLZaAqZzEGI/values/%27reservas%27 HTTP/11" 200 None
2024-10-25 06:15:55,937 - urllib3.connectionpool - DEBUG - https://sheets.googleapis.com:443 "GET /v4/spreadsheets/18Xzq0almiDk740OyywLTtj3gGXLA20AFHLZaAqZzEGI/values/%27reservas%27 HTTP/11" 200 None
2024-10-25 06:15:56,210 - urllib3.connectionpool - DEBUG - https://sheets.googleapis.com:443 "PUT /v4/spreadsheets/18Xzq0almiDk740OyywLTtj3gGXLA20AFHLZaAqZzEGI/values/%27reservas%27%21A5%3AP5?valueInputOption=RAW HTTP/11" 200 None
