2025-01-07 14:58:54,667 - urllib3.util.retry - DEBUG - Converted retries value: 3 -> Retry(total=3, connect=None, read=None, redirect=None, status=None)
2025-01-07 14:58:55,095 - google.auth.transport.requests - DEBUG - Making request: POST https://oauth2.googleapis.com/token
2025-01-07 14:58:55,450 - urllib3.connectionpool - DEBUG - Starting new HTTPS connection (1): oauth2.googleapis.com:443
2025-01-07 14:58:59,099 - urllib3.connectionpool - DEBUG - https://oauth2.googleapis.com:443 "POST /token HTTP/11" 200 None
2025-01-07 14:58:59,099 - urllib3.connectionpool - DEBUG - Starting new HTTPS connection (1): www.googleapis.com:443
2025-01-07 14:59:58,992 - urllib3.util.retry - DEBUG - Converted retries value: 3 -> Retry(total=3, connect=None, read=None, redirect=None, status=None)
2025-01-07 14:59:59,133 - google.auth.transport.requests - DEBUG - Making request: POST https://oauth2.googleapis.com/token
2025-01-07 14:59:59,148 - urllib3.connectionpool - DEBUG - Starting new HTTPS connection (1): oauth2.googleapis.com:443
2025-01-07 15:00:41,875 - urllib3.connectionpool - DEBUG - https://oauth2.googleapis.com:443 "POST /token HTTP/11" 200 None
2025-01-07 15:00:41,875 - urllib3.connectionpool - DEBUG - Starting new HTTPS connection (1): www.googleapis.com:443
2025-01-07 15:01:18,924 - urllib3.connectionpool - DEBUG - https://www.googleapis.com:443 "GET /drive/v3/files?q=mimeType%3D%22application%2Fvnd.google-apps.spreadsheet%22+and+name+%3D+%22gestion-reservas-dp%22&pageSize=1000&supportsAllDrives=True&includeItemsFromAllDrives=True&fields=kind%2CnextPageToken%2Cfiles%28id%2Cname%2CcreatedTime%2CmodifiedTime%29 HTTP/11" 200 None
2025-01-07 15:01:18,937 - urllib3.connectionpool - DEBUG - Starting new HTTPS connection (1): sheets.googleapis.com:443
2025-01-07 15:01:21,664 - urllib3.util.retry - DEBUG - Converted retries value: 3 -> Retry(total=3, connect=None, read=None, redirect=None, status=None)
2025-01-07 15:01:21,805 - google.auth.transport.requests - DEBUG - Making request: POST https://oauth2.googleapis.com/token
2025-01-07 15:01:21,805 - urllib3.connectionpool - DEBUG - Starting new HTTPS connection (1): oauth2.googleapis.com:443
2025-01-07 15:01:22,563 - urllib3.connectionpool - DEBUG - https://oauth2.googleapis.com:443 "POST /token HTTP/11" 200 None
2025-01-07 15:01:22,569 - urllib3.connectionpool - DEBUG - Starting new HTTPS connection (1): www.googleapis.com:443
2025-01-07 15:01:23,324 - urllib3.connectionpool - DEBUG - https://sheets.googleapis.com:443 "GET /v4/spreadsheets/18Xzq0almiDk740OyywLTtj3gGXLA20AFHLZaAqZzEGI?includeGridData=false HTTP/11" 200 None
2025-01-07 15:01:23,653 - urllib3.connectionpool - DEBUG - https://sheets.googleapis.com:443 "GET /v4/spreadsheets/18Xzq0almiDk740OyywLTtj3gGXLA20AFHLZaAqZzEGI?includeGridData=false HTTP/11" 200 None
2025-01-07 15:01:27,090 - urllib3.connectionpool - DEBUG - https://www.googleapis.com:443 "GET /drive/v3/files?q=mimeType%3D%22application%2Fvnd.google-apps.spreadsheet%22+and+name+%3D+%22gestion-reservas-dp%22&pageSize=1000&supportsAllDrives=True&includeItemsFromAllDrives=True&fields=kind%2CnextPageToken%2Cfiles%28id%2Cname%2CcreatedTime%2CmodifiedTime%29 HTTP/11" 200 None
2025-01-07 15:01:27,106 - urllib3.connectionpool - DEBUG - Starting new HTTPS connection (1): sheets.googleapis.com:443
2025-01-07 15:01:32,643 - urllib3.connectionpool - DEBUG - https://sheets.googleapis.com:443 "GET /v4/spreadsheets/18Xzq0almiDk740OyywLTtj3gGXLA20AFHLZaAqZzEGI?includeGridData=false HTTP/11" 200 None
2025-01-07 15:01:33,005 - urllib3.connectionpool - DEBUG - https://sheets.googleapis.com:443 "GET /v4/spreadsheets/18Xzq0almiDk740OyywLTtj3gGXLA20AFHLZaAqZzEGI?includeGridData=false HTTP/11" 200 None
2025-01-07 15:01:33,330 - urllib3.connectionpool - DEBUG - https://sheets.googleapis.com:443 "GET /v4/spreadsheets/18Xzq0almiDk740OyywLTtj3gGXLA20AFHLZaAqZzEGI/values/%27reservas%27 HTTP/11" 200 None
2025-01-07 15:01:50,793 - urllib3.util.retry - DEBUG - Converted retries value: 3 -> Retry(total=3, connect=None, read=None, redirect=None, status=None)
2025-01-07 15:01:50,934 - google.auth.transport.requests - DEBUG - Making request: POST https://oauth2.googleapis.com/token
2025-01-07 15:01:50,949 - urllib3.connectionpool - DEBUG - Starting new HTTPS connection (1): oauth2.googleapis.com:443
2025-01-07 15:01:52,528 - urllib3.connectionpool - DEBUG - https://oauth2.googleapis.com:443 "POST /token HTTP/11" 200 None
2025-01-07 15:01:52,528 - urllib3.connectionpool - DEBUG - Starting new HTTPS connection (1): www.googleapis.com:443
2025-01-07 15:02:32,703 - urllib3.util.retry - DEBUG - Converted retries value: 3 -> Retry(total=3, connect=None, read=None, redirect=None, status=None)
2025-01-07 15:02:32,890 - google.auth.transport.requests - DEBUG - Making request: POST https://oauth2.googleapis.com/token
2025-01-07 15:02:32,906 - urllib3.connectionpool - DEBUG - Starting new HTTPS connection (1): oauth2.googleapis.com:443
2025-01-07 15:02:38,125 - urllib3.connectionpool - DEBUG - https://oauth2.googleapis.com:443 "POST /token HTTP/11" 200 None
2025-01-07 15:02:38,125 - urllib3.connectionpool - DEBUG - Starting new HTTPS connection (1): www.googleapis.com:443
2025-01-07 15:02:42,890 - urllib3.connectionpool - DEBUG - https://www.googleapis.com:443 "GET /drive/v3/files?q=mimeType%3D%22application%2Fvnd.google-apps.spreadsheet%22+and+name+%3D+%22gestion-reservas-dp%22&pageSize=1000&supportsAllDrives=True&includeItemsFromAllDrives=True&fields=kind%2CnextPageToken%2Cfiles%28id%2Cname%2CcreatedTime%2CmodifiedTime%29 HTTP/11" 200 None
2025-01-07 15:02:42,906 - urllib3.connectionpool - DEBUG - Starting new HTTPS connection (1): sheets.googleapis.com:443
2025-01-07 15:02:54,957 - urllib3.util.retry - DEBUG - Converted retries value: 3 -> Retry(total=3, connect=None, read=None, redirect=None, status=None)
2025-01-07 15:02:55,309 - google.auth.transport.requests - DEBUG - Making request: POST https://oauth2.googleapis.com/token
2025-01-07 15:02:55,321 - urllib3.connectionpool - DEBUG - Starting new HTTPS connection (1): oauth2.googleapis.com:443
2025-01-07 15:02:58,341 - urllib3.connectionpool - DEBUG - https://oauth2.googleapis.com:443 "POST /token HTTP/11" 200 None
2025-01-07 15:02:58,352 - urllib3.connectionpool - DEBUG - Starting new HTTPS connection (1): www.googleapis.com:443
2025-01-07 15:03:03,335 - urllib3.connectionpool - DEBUG - https://www.googleapis.com:443 "GET /drive/v3/files?q=mimeType%3D%22application%2Fvnd.google-apps.spreadsheet%22&pageSize=1000&supportsAllDrives=True&includeItemsFromAllDrives=True&fields=kind%2CnextPageToken%2Cfiles%28id%2Cname%2CcreatedTime%2CmodifiedTime%29 HTTP/11" 200 None
2025-01-07 15:03:03,691 - urllib3.connectionpool - DEBUG - Starting new HTTPS connection (1): docs.google.com:443
2025-01-07 15:03:04,548 - urllib3.connectionpool - DEBUG - https://docs.google.com:443 "GET /spreadsheets/d/18Xzq0almiDk740OyywLTtj3gGXLA20AFHLZaAqZzEGI/export?format=xlsx HTTP/11" 307 None
2025-01-07 15:03:04,566 - urllib3.connectionpool - DEBUG - Starting new HTTPS connection (1): doc-04-88-sheets.googleusercontent.com:443
2025-01-07 15:03:05,647 - urllib3.connectionpool - DEBUG - https://doc-04-88-sheets.googleusercontent.com:443 "GET /export/9jgvmj80uefrehdlm6rp513l28/gofr3p77j6bp2ukcdlogf1jvlo/1736280205000/115295373406721247703/102588935453228077661/18Xzq0almiDk740OyywLTtj3gGXLA20AFHLZaAqZzEGI?format=xlsx&dat=AAt6Q5UZS3eYHs2ClDdeirvQRBSe7Qzs0epze8s2jZk7fvDDUrMKdpW4OXMUxNvuujiukjfIltKsm79WL8igCAB7YuscDd_sECrBfgWHISV7aPmGGRi3_LmdQGQGvPuYi1_k-McCBY1_CNXTX6P3BuDdwU0pwfW4hihfz99bA1ldCplsjLJqBbCPIegrQdnit-AzxQEpPPmLZ_zciZqCWXmdEqDXCBVL9BEjP54HZipWILd5lRFy0P1Tujf9YKAQKnfCPzJHR6QsFhl5f1DOu8aR2wgQ9wX1pvx0cb3g0ahDvG4-fCFlHtwhidRYAED0ic_MzeooUo2FbZMZNAbU4UdfpotSwxXsOjR_efXlQhmk7A0ryg5A2TTtiy94oyuv600EotOev3pgc5TcW54wtpMQ5qZTZkdpWy3EXYN_RWjgmMH6G9O0Y7lkb1M2-lVWxjs6azF--WyVFHsyKEaaBEqpiD6ADww1zzTaG3mknJ2N3cOFzeq9iIbK0ZVntIkNdFx-KslNMLQiUA0qgkPAm0uphGUChs_8F09yoqj4F3e0O2V-mpX4nuOL4YAtbINZ29CuQWjsdTUcEmQuI63R2i8Xhdw8e_rBmW-WjKvaxLq0y0yDzb09nG3-k887L8siXldfVZdm839R_w4mDQ2TkAfYbFu7TI6y3jLxjsw1Vy2uvHKmnZZUvxYqeWBrWBuUt_kkzkMbjC1w3hMG-Racwo8rwn_FMgaVinW6-xG8PDID4fjvNpEtABhSy7NsYziApNg8lGy6lm80XrJZaiK7aKtSHKM6U8cc634cj9W_649_fxByn4_AaeCGlezHgguC_yqVIox6-LRjFHMzfHc4M0YbWeaXQAAnebVNzoxaOHBtWWHDApuDLDrDbhCiBWCS8-gCQZwBfBGw6FYP1VoZgUqm1aLn3uRX_a23dWejYK79GV6dFCBdAPlENOIVuSgC1H81Abx8FyBWHFFsdFmakH5RmX9bUqAGyenUqaM_Z9ys7KZGe8aEiQEuK7fGAwwlrPg9-GbIZwCcifUF3C8Q2A HTTP/11" 200 None
2025-01-07 15:03:50,032 - urllib3.util.retry - DEBUG - Converted retries value: 3 -> Retry(total=3, connect=None, read=None, redirect=None, status=None)
2025-01-07 15:03:50,204 - google.auth.transport.requests - DEBUG - Making request: POST https://oauth2.googleapis.com/token
2025-01-07 15:03:50,204 - urllib3.connectionpool - DEBUG - Starting new HTTPS connection (1): oauth2.googleapis.com:443
2025-01-07 15:03:57,344 - urllib3.util.retry - DEBUG - Converted retries value: 3 -> Retry(total=3, connect=None, read=None, redirect=None, status=None)
2025-01-07 15:03:57,500 - google.auth.transport.requests - DEBUG - Making request: POST https://oauth2.googleapis.com/token
2025-01-07 15:03:57,500 - urllib3.connectionpool - DEBUG - Starting new HTTPS connection (1): oauth2.googleapis.com:443
2025-01-07 15:04:00,983 - urllib3.connectionpool - DEBUG - https://oauth2.googleapis.com:443 "POST /token HTTP/11" 200 None
2025-01-07 15:04:00,999 - urllib3.connectionpool - DEBUG - Starting new HTTPS connection (1): www.googleapis.com:443
2025-01-07 15:04:01,546 - urllib3.util.retry - DEBUG - Incremented Retry for (url='/token'): Retry(total=2, connect=None, read=None, redirect=None, status=None)
2025-01-07 15:04:01,546 - urllib3.connectionpool - WARNING - Retrying (Retry(total=2, connect=None, read=None, redirect=None, status=None)) after connection broken by 'SSLError(SSLEOFError(8, 'EOF occurred in violation of protocol (_ssl.c:1129)'))': /token
2025-01-07 15:04:01,546 - urllib3.connectionpool - DEBUG - Starting new HTTPS connection (2): oauth2.googleapis.com:443
2025-01-07 15:04:02,908 - urllib3.connectionpool - DEBUG - https://www.googleapis.com:443 "GET /drive/v3/files?q=mimeType%3D%22application%2Fvnd.google-apps.spreadsheet%22+and+name+%3D+%22gestion-reservas-dp%22&pageSize=1000&supportsAllDrives=True&includeItemsFromAllDrives=True&fields=kind%2CnextPageToken%2Cfiles%28id%2Cname%2CcreatedTime%2CmodifiedTime%29 HTTP/11" 200 None
2025-01-07 15:04:02,908 - urllib3.connectionpool - DEBUG - Starting new HTTPS connection (1): sheets.googleapis.com:443
2025-01-07 15:04:07,276 - urllib3.connectionpool - DEBUG - https://sheets.googleapis.com:443 "GET /v4/spreadsheets/18Xzq0almiDk740OyywLTtj3gGXLA20AFHLZaAqZzEGI?includeGridData=false HTTP/11" 200 None
2025-01-07 15:04:07,600 - urllib3.connectionpool - DEBUG - https://sheets.googleapis.com:443 "GET /v4/spreadsheets/18Xzq0almiDk740OyywLTtj3gGXLA20AFHLZaAqZzEGI?includeGridData=false HTTP/11" 200 None
2025-01-07 15:04:07,910 - urllib3.connectionpool - DEBUG - https://sheets.googleapis.com:443 "GET /v4/spreadsheets/18Xzq0almiDk740OyywLTtj3gGXLA20AFHLZaAqZzEGI/values/%27reservas%27 HTTP/11" 200 None
2025-01-07 15:04:11,878 - urllib3.util.retry - DEBUG - Incremented Retry for (url='/token'): Retry(total=1, connect=None, read=None, redirect=None, status=None)
2025-01-07 15:04:11,878 - urllib3.connectionpool - WARNING - Retrying (Retry(total=1, connect=None, read=None, redirect=None, status=None)) after connection broken by 'SSLError(SSLEOFError(8, 'EOF occurred in violation of protocol (_ssl.c:1129)'))': /token
2025-01-07 15:04:11,878 - urllib3.connectionpool - DEBUG - Starting new HTTPS connection (3): oauth2.googleapis.com:443
2025-01-07 15:04:15,727 - urllib3.connectionpool - DEBUG - https://oauth2.googleapis.com:443 "POST /token HTTP/11" 200 None
2025-01-07 15:04:15,727 - urllib3.connectionpool - DEBUG - Starting new HTTPS connection (1): www.googleapis.com:443
2025-01-07 15:04:16,739 - urllib3.connectionpool - DEBUG - https://www.googleapis.com:443 "GET /drive/v3/files?q=mimeType%3D%22application%2Fvnd.google-apps.spreadsheet%22+and+name+%3D+%22gestion-reservas-dp%22&pageSize=1000&supportsAllDrives=True&includeItemsFromAllDrives=True&fields=kind%2CnextPageToken%2Cfiles%28id%2Cname%2CcreatedTime%2CmodifiedTime%29 HTTP/11" 200 None
2025-01-07 15:04:16,739 - urllib3.connectionpool - DEBUG - Starting new HTTPS connection (1): sheets.googleapis.com:443
2025-01-07 15:04:17,889 - urllib3.connectionpool - DEBUG - https://sheets.googleapis.com:443 "GET /v4/spreadsheets/18Xzq0almiDk740OyywLTtj3gGXLA20AFHLZaAqZzEGI?includeGridData=false HTTP/11" 200 None
2025-01-07 15:08:44,916 - urllib3.util.retry - DEBUG - Converted retries value: 3 -> Retry(total=3, connect=None, read=None, redirect=None, status=None)
2025-01-07 15:08:45,100 - google.auth.transport.requests - DEBUG - Making request: POST https://oauth2.googleapis.com/token
2025-01-07 15:08:45,111 - urllib3.connectionpool - DEBUG - Starting new HTTPS connection (1): oauth2.googleapis.com:443
